TN:
SF:src\middleware.ts
FN:11,middleware
FN:26,(anonymous_5)
FN:29,(anonymous_6)
FN:36,(anonymous_7)
FN:55,(anonymous_8)
FNF:5
FNH:0
FNDA:0,middleware
FNDA:0,(anonymous_5)
FNDA:0,(anonymous_6)
FNDA:0,(anonymous_7)
FNDA:0,(anonymous_8)
DA:3,0
DA:6,0
DA:9,0
DA:11,0
DA:12,0
DA:19,0
DA:21,0
DA:27,0
DA:30,0
DA:37,0
DA:47,0
DA:49,0
DA:52,0
DA:55,0
DA:56,0
DA:57,0
DA:58,0
DA:59,0
DA:63,0
DA:64,0
DA:67,0
DA:70,0
DA:74,0
LF:23
LH:0
BRDA:55,0,0,0
BRDA:55,1,0,0
BRDA:55,1,1,0
BRDA:55,1,2,0
BRDA:63,2,0,0
BRDA:63,3,0,0
BRDA:63,3,1,0
BRDA:63,3,2,0
BRF:8
BRH:0
end_of_record
TN:
SF:src\app\error.tsx
FN:6,Error
FN:15,(anonymous_2)
FNF:2
FNH:0
FNDA:0,Error
FNDA:0,(anonymous_2)
DA:3,0
DA:4,0
DA:6,0
DA:13,0
DA:15,0
DA:17,0
LF:6
LH:0
BRF:0
BRH:0
end_of_record
TN:
SF:src\app\layout.tsx
FN:28,RootLayout
FNF:1
FNH:0
FNDA:0,RootLayout
DA:1,0
DA:2,0
DA:3,0
DA:4,0
DA:5,0
DA:6,0
DA:7,0
DA:8,0
DA:9,0
DA:10,0
DA:11,0
DA:12,0
DA:13,0
DA:18,0
DA:23,0
DA:28,0
DA:33,0
DA:36,0
DA:37,0
DA:46,0
DA:49,0
DA:52,0
DA:53,0
DA:54,0
DA:55,0
DA:59,0
DA:60,0
DA:61,0
DA:62,0
DA:68,0
DA:69,0
LF:31
LH:0
BRDA:36,0,0,0
BRDA:36,0,1,0
BRDA:37,1,0,0
BRDA:37,1,1,0
BRDA:37,1,2,0
BRDA:37,1,3,0
BRDA:37,1,4,0
BRDA:37,1,5,0
BRDA:37,1,6,0
BRDA:37,1,7,0
BRDA:53,2,0,0
BRDA:53,3,0,0
BRDA:53,3,1,0
BRDA:60,4,0,0
BRDA:60,5,0,0
BRDA:60,5,1,0
BRDA:68,6,0,0
BRDA:68,7,0,0
BRDA:68,7,1,0
BRDA:97,8,0,0
BRDA:97,8,1,0
BRDA:98,9,0,0
BRDA:98,9,1,0
BRF:23
BRH:0
end_of_record
TN:
SF:src\app\loading.tsx
FN:4,LoadingPage
FNF:1
FNH:0
FNDA:0,LoadingPage
DA:1,0
DA:2,0
DA:4,0
LF:3
LH:0
BRF:0
BRH:0
end_of_record
TN:
SF:src\app\metadata.ts
FNF:0
FNH:0
DA:3,0
DA:4,0
DA:6,0
LF:3
LH:0
BRDA:3,0,0,0
BRDA:3,0,1,0
BRDA:4,1,0,0
BRDA:4,1,1,0
BRF:4
BRH:0
end_of_record
TN:
SF:src\app\not-found.tsx
FN:4,NotFound
FNF:1
FNH:0
FNDA:0,NotFound
DA:1,0
DA:2,0
DA:4,0
LF:3
LH:0
BRF:0
BRH:0
end_of_record
TN:
SF:src\app\page.tsx
FN:11,Home
FN:16,(anonymous_3)
FNF:2
FNH:0
FNDA:0,Home
FNDA:0,(anonymous_3)
DA:3,0
DA:4,0
DA:5,0
DA:6,0
DA:7,0
DA:8,0
DA:9,0
DA:11,0
DA:12,0
DA:13,0
DA:16,0
DA:17,0
DA:18,0
DA:23,0
DA:28,0
DA:33,0
LF:16
LH:0
BRDA:17,0,0,0
BRDA:23,1,0,0
BRDA:28,2,0,0
BRDA:33,3,0,0
BRF:4
BRH:0
end_of_record
TN:
SF:src\app\(authenticated)\layout.tsx
FN:24,AuthenticatedLayout
FN:68,(anonymous_6)
FN:69,(anonymous_7)
FN:105,(anonymous_8)
FN:143,(anonymous_9)
FN:145,(anonymous_10)
FN:156,(anonymous_11)
FN:172,(anonymous_12)
FN:188,(anonymous_13)
FN:283,(anonymous_14)
FN:297,(anonymous_15)
FNF:11
FNH:0
FNDA:0,AuthenticatedLayout
FNDA:0,(anonymous_6)
FNDA:0,(anonymous_7)
FNDA:0,(anonymous_8)
FNDA:0,(anonymous_9)
FNDA:0,(anonymous_10)
FNDA:0,(anonymous_11)
FNDA:0,(anonymous_12)
FNDA:0,(anonymous_13)
FNDA:0,(anonymous_14)
FNDA:0,(anonymous_15)
DA:3,0
DA:4,0
DA:11,0
DA:12,0
DA:13,0
DA:14,0
DA:15,0
DA:16,0
DA:17,0
DA:18,0
DA:24,0
DA:25,0
DA:32,0
DA:35,0
DA:38,0
DA:47,0
DA:68,0
DA:69,0
DA:107,0
DA:108,0
DA:144,0
DA:145,0
DA:147,0
DA:156,0
DA:173,0
DA:175,0
DA:189,0
DA:190,0
DA:191,0
DA:193,0
DA:284,0
DA:286,0
DA:298,0
DA:299,0
LF:34
LH:0
BRDA:38,0,0,0
BRDA:47,1,0,0
BRDA:47,1,1,0
BRDA:47,1,2,0
BRDA:52,2,0,0
BRDA:62,3,0,0
BRDA:62,3,1,0
BRDA:66,4,0,0
BRDA:66,4,1,0
BRDA:66,5,0,0
BRDA:66,5,1,0
BRDA:73,6,0,0
BRDA:73,6,1,0
BRDA:79,7,0,0
BRDA:79,7,1,0
BRDA:80,8,0,0
BRDA:80,8,1,0
BRDA:83,9,0,0
BRDA:83,9,1,0
BRDA:85,10,0,0
BRDA:85,10,1,0
BRDA:100,11,0,0
BRDA:100,11,1,0
BRDA:101,12,0,0
BRDA:101,12,1,0
BRDA:104,13,0,0
BRDA:104,13,1,0
BRDA:107,14,0,0
BRDA:114,15,0,0
BRDA:116,16,0,0
BRDA:116,16,1,0
BRDA:117,17,0,0
BRDA:117,17,1,0
BRDA:118,18,0,0
BRDA:118,18,1,0
BRDA:123,19,0,0
BRDA:123,19,1,0
BRDA:129,20,0,0
BRDA:129,20,1,0
BRDA:131,21,0,0
BRDA:131,21,1,0
BRDA:131,21,2,0
BRDA:134,22,0,0
BRDA:134,22,1,0
BRDA:150,23,0,0
BRDA:150,23,1,0
BRDA:154,24,0,0
BRDA:161,25,0,0
BRDA:170,26,0,0
BRDA:170,26,1,0
BRDA:170,26,2,0
BRDA:178,27,0,0
BRDA:178,27,1,0
BRDA:180,28,0,0
BRDA:180,28,1,0
BRDA:182,29,0,0
BRDA:182,29,1,0
BRDA:186,30,0,0
BRDA:186,30,1,0
BRDA:187,31,0,0
BRDA:187,31,1,0
BRDA:189,32,0,0
BRDA:189,32,1,0
BRDA:191,33,0,0
BRDA:196,34,0,0
BRDA:196,34,1,0
BRDA:198,35,0,0
BRDA:198,35,1,0
BRDA:199,36,0,0
BRDA:199,36,1,0
BRDA:201,37,0,0
BRDA:201,37,1,0
BRDA:206,38,0,0
BRDA:206,38,1,0
BRDA:209,39,0,0
BRDA:209,39,1,0
BRDA:214,40,0,0
BRDA:224,41,0,0
BRDA:225,42,0,0
BRDA:225,42,1,0
BRDA:228,43,0,0
BRDA:231,44,0,0
BRDA:240,45,0,0
BRDA:261,46,0,0
BRDA:261,46,1,0
BRDA:263,47,0,0
BRDA:263,47,1,0
BRDA:266,48,0,0
BRDA:266,48,1,0
BRDA:269,49,0,0
BRDA:270,50,0,0
BRDA:270,50,1,0
BRDA:291,51,0,0
BRDA:291,51,1,0
BRDA:295,52,0,0
BRDA:295,52,1,0
BRDA:296,53,0,0
BRDA:296,53,1,0
BRDA:298,54,0,0
BRDA:303,55,0,0
BRDA:303,55,1,0
BRDA:304,56,0,0
BRDA:304,56,1,0
BRDA:306,57,0,0
BRDA:306,57,1,0
BRDA:309,58,0,0
BRDA:310,59,0,0
BRDA:310,59,1,0
BRDA:313,60,0,0
BRDA:329,61,0,0
BRDA:329,61,1,0
BRDA:332,62,0,0
BRDA:332,62,1,0
BRDA:333,63,0,0
BRDA:333,63,1,0
BRDA:334,64,0,0
BRDA:334,64,1,0
BRDA:340,65,0,0
BRDA:340,65,1,0
BRDA:340,66,0,0
BRDA:340,66,1,0
BRDA:340,67,0,0
BRDA:340,67,1,0
BRF:123
BRH:0
end_of_record
TN:
SF:src\app\(authenticated)\dashboard\page.tsx
FN:28,DashboardPage
FN:35,(anonymous_3)
FN:42,(anonymous_4)
FN:73,(anonymous_5)
FN:192,(anonymous_6)
FN:212,(anonymous_7)
FN:230,(anonymous_8)
FN:247,(anonymous_9)
FNF:8
FNH:0
FNDA:0,DashboardPage
FNDA:0,(anonymous_3)
FNDA:0,(anonymous_4)
FNDA:0,(anonymous_5)
FNDA:0,(anonymous_6)
FNDA:0,(anonymous_7)
FNDA:0,(anonymous_8)
FNDA:0,(anonymous_9)
DA:3,0
DA:4,0
DA:5,0
DA:6,0
DA:7,0
DA:8,0
DA:9,0
DA:10,0
DA:11,0
DA:25,0
DA:26,0
DA:28,0
DA:29,0
DA:30,0
DA:31,0
DA:32,0
DA:33,0
DA:35,0
DA:36,0
DA:37,0
DA:42,0
DA:43,0
DA:44,0
DA:49,0
DA:54,0
DA:59,0
DA:73,0
DA:85,0
DA:86,0
DA:87,0
DA:88,0
DA:89,0
DA:92,0
DA:93,0
DA:94,0
DA:95,0
DA:96,0
DA:99,0
DA:100,0
DA:101,0
DA:192,0
DA:212,0
DA:230,0
DA:247,0
LF:44
LH:0
BRDA:36,0,0,0
BRDA:43,1,0,0
BRDA:43,2,0,0
BRDA:43,2,1,0
BRDA:49,3,0,0
BRDA:49,4,0,0
BRDA:49,4,1,0
BRDA:54,5,0,0
BRDA:54,6,0,0
BRDA:54,6,1,0
BRDA:59,7,0,0
BRDA:59,8,0,0
BRDA:59,8,1,0
BRDA:86,9,0,0
BRDA:86,9,1,0
BRDA:87,10,0,0
BRDA:87,10,1,0
BRDA:88,11,0,0
BRDA:88,11,1,0
BRDA:89,12,0,0
BRDA:89,12,1,0
BRDA:100,13,0,0
BRDA:100,13,1,0
BRDA:110,14,0,0
BRDA:110,14,1,0
BRDA:110,14,2,0
BRDA:125,15,0,0
BRDA:125,15,1,0
BRDA:134,16,0,0
BRDA:141,17,0,0
BRDA:142,18,0,0
BRDA:143,19,0,0
BRDA:155,20,0,0
BRDA:159,21,0,0
BRDA:159,21,1,0
BRDA:161,22,0,0
BRDA:164,23,0,0
BRDA:164,23,1,0
BRDA:202,24,0,0
BRDA:221,25,0,0
BRDA:221,25,1,0
BRDA:222,26,0,0
BRDA:222,26,1,0
BRDA:223,27,0,0
BRDA:223,27,1,0
BRDA:246,28,0,0
BRDA:280,29,0,0
BRDA:306,30,0,0
BRF:48
BRH:0
end_of_record
TN:
SF:src\app\(authenticated)\dashboard\analytics\page.tsx
FN:51,AnalyticsPage
FN:57,(anonymous_3)
FN:68,(anonymous_4)
FN:69,(anonymous_5)
FN:70,(anonymous_6)
FN:71,(anonymous_7)
FN:74,(anonymous_8)
FN:128,(anonymous_9)
FN:129,(anonymous_10)
FN:147,(anonymous_11)
FN:154,(anonymous_12)
FN:165,(anonymous_13)
FN:189,(anonymous_14)
FN:192,(anonymous_15)
FN:207,(anonymous_16)
FN:211,(anonymous_17)
FN:223,(anonymous_18)
FN:286,(anonymous_19)
FNF:18
FNH:0
FNDA:0,AnalyticsPage
FNDA:0,(anonymous_3)
FNDA:0,(anonymous_4)
FNDA:0,(anonymous_5)
FNDA:0,(anonymous_6)
FNDA:0,(anonymous_7)
FNDA:0,(anonymous_8)
FNDA:0,(anonymous_9)
FNDA:0,(anonymous_10)
FNDA:0,(anonymous_11)
FNDA:0,(anonymous_12)
FNDA:0,(anonymous_13)
FNDA:0,(anonymous_14)
FNDA:0,(anonymous_15)
FNDA:0,(anonymous_16)
FNDA:0,(anonymous_17)
FNDA:0,(anonymous_18)
FNDA:0,(anonymous_19)
DA:3,0
DA:4,0
DA:5,0
DA:6,0
DA:7,0
DA:8,0
DA:26,0
DA:51,0
DA:52,0
DA:53,0
DA:54,0
DA:55,0
DA:57,0
DA:58,0
DA:59,0
DA:63,0
DA:68,0
DA:69,0
DA:70,0
DA:71,0
DA:72,0
DA:73,0
DA:74,0
DA:76,0
DA:128,0
DA:129,0
DA:144,0
DA:145,0
DA:147,0
DA:148,0
DA:149,0
DA:151,0
DA:154,0
DA:155,0
DA:161,0
DA:165,0
DA:166,0
DA:168,0
DA:170,0
DA:172,0
DA:190,0
DA:192,0
DA:207,0
DA:212,0
DA:224,0
DA:225,0
DA:287,0
DA:290,0
LF:48
LH:0
BRDA:58,0,0,0
BRDA:63,1,0,0
BRDA:63,2,0,0
BRDA:63,2,1,0
BRDA:70,3,0,0
BRDA:70,3,1,0
BRDA:71,4,0,0
BRDA:71,4,1,0
BRDA:72,5,0,0
BRDA:72,5,1,0
BRDA:73,6,0,0
BRDA:73,6,1,0
BRDA:74,7,0,0
BRDA:74,7,1,0
BRDA:88,8,0,0
BRDA:88,8,1,0
BRDA:89,9,0,0
BRDA:89,9,1,0
BRDA:131,10,0,0
BRDA:131,10,1,0
BRDA:132,11,0,0
BRDA:132,11,1,0
BRDA:133,12,0,0
BRDA:133,12,1,0
BRDA:134,13,0,0
BRDA:134,13,1,0
BRDA:136,14,0,0
BRDA:136,14,1,0
BRDA:137,15,0,0
BRDA:137,15,1,0
BRDA:148,16,0,0
BRDA:155,17,0,0
BRDA:166,18,0,0
BRDA:166,18,1,0
BRDA:166,18,2,0
BRDA:194,19,0,0
BRDA:194,19,1,0
BRDA:199,20,0,0
BRDA:199,20,1,0
BRDA:213,21,0,0
BRDA:213,21,1,0
BRDA:236,22,0,0
BRDA:236,22,1,0
BRDA:236,23,0,0
BRDA:236,23,1,0
BRDA:238,24,0,0
BRDA:238,24,1,0
BRDA:238,25,0,0
BRDA:238,25,1,0
BRDA:246,26,0,0
BRDA:262,27,0,0
BRDA:287,28,0,0
BRDA:287,28,1,0
BRDA:392,29,0,0
BRF:54
BRH:0
end_of_record
TN:
SF:src\app\(authenticated)\dashboard\fundraising\page.tsx
FN:10,FundraisingDashboardPage
FNF:1
FNH:0
FNDA:0,FundraisingDashboardPage
DA:3,0
DA:4,0
DA:5,0
DA:6,0
DA:7,0
DA:8,0
DA:10,0
DA:11,0
DA:12,0
DA:15,0
DA:20,0
DA:21,0
LF:12
LH:0
BRDA:15,0,0,0
BRDA:15,1,0,0
BRDA:15,1,1,0
BRDA:20,2,0,0
BRDA:20,3,0,0
BRDA:20,3,1,0
BRF:6
BRH:0
end_of_record
TN:
SF:src\app\(authenticated)\funding\page.tsx
FN:128,FundingPage
FNF:1
FNH:0
FNDA:0,FundingPage
DA:16,0
DA:19,0
DA:20,0
DA:21,0
DA:22,0
DA:23,0
DA:24,0
DA:25,0
DA:26,0
DA:29,0
DA:31,0
DA:70,0
DA:115,0
DA:128,0
LF:14
LH:0
BRF:0
BRH:0
end_of_record
TN:
SF:src\app\(authenticated)\profile\page.tsx
FN:27,ProfilePage
FN:45,(anonymous_3)
FN:70,(anonymous_4)
FN:72,(anonymous_5)
FN:75,(anonymous_6)
FN:111,(anonymous_7)
FN:125,(anonymous_8)
FN:161,(anonymous_9)
FN:369,(anonymous_10)
FNF:9
FNH:0
FNDA:0,ProfilePage
FNDA:0,(anonymous_3)
FNDA:0,(anonymous_4)
FNDA:0,(anonymous_5)
FNDA:0,(anonymous_6)
FNDA:0,(anonymous_7)
FNDA:0,(anonymous_8)
FNDA:0,(anonymous_9)
FNDA:0,(anonymous_10)
DA:3,0
DA:4,0
DA:5,0
DA:6,0
DA:7,0
DA:9,0
DA:10,0
DA:11,0
DA:12,0
DA:13,0
DA:14,0
DA:15,0
DA:25,0
DA:27,0
DA:28,0
DA:29,0
DA:31,0
DA:41,0
DA:42,0
DA:45,0
DA:46,0
DA:47,0
DA:60,0
DA:65,0
DA:66,0
DA:70,0
DA:71,0
DA:72,0
DA:75,0
DA:76,0
DA:77,0
DA:78,0
DA:80,0
DA:83,0
DA:84,0
DA:85,0
DA:89,0
DA:90,0
DA:91,0
DA:92,0
DA:95,0
DA:97,0
DA:98,0
DA:99,0
DA:101,0
DA:106,0
DA:107,0
DA:108,0
DA:111,0
DA:116,0
DA:118,0
DA:119,0
DA:121,0
DA:125,0
DA:126,0
DA:127,0
DA:129,0
DA:130,0
DA:132,0
DA:133,0
DA:136,0
DA:137,0
DA:140,0
DA:142,0
DA:143,0
DA:146,0
DA:147,0
DA:149,0
DA:161,0
DA:369,0
LF:70
LH:0
BRDA:46,0,0,0
BRDA:48,1,0,0
BRDA:48,1,1,0
BRDA:49,2,0,0
BRDA:49,2,1,0
BRDA:50,3,0,0
BRDA:50,3,1,0
BRDA:51,4,0,0
BRDA:51,4,1,0
BRDA:52,5,0,0
BRDA:52,5,1,0
BRDA:53,6,0,0
BRDA:53,6,1,0
BRDA:54,7,0,0
BRDA:54,7,1,0
BRDA:60,8,0,0
BRDA:60,9,0,0
BRDA:60,9,1,0
BRDA:65,10,0,0
BRDA:77,11,0,0
BRDA:77,12,0,0
BRDA:77,12,1,0
BRDA:83,13,0,0
BRDA:90,14,0,0
BRDA:107,15,0,0
BRDA:108,16,0,0
BRDA:108,16,1,0
BRDA:119,17,0,0
BRDA:119,17,1,0
BRDA:132,18,0,0
BRDA:133,19,0,0
BRDA:133,19,1,0
BRDA:136,20,0,0
BRDA:142,21,0,0
BRDA:147,22,0,0
BRDA:147,22,1,0
BRDA:193,23,0,0
BRDA:216,24,0,0
BRDA:237,25,0,0
BRDA:324,26,0,0
BRDA:376,27,0,0
BRDA:376,27,1,0
BRDA:380,28,0,0
BRF:43
BRH:0
end_of_record
TN:
SF:src\app\(authenticated)\profile\[username]\page.tsx
FN:41,(anonymous_2)
FN:46,(anonymous_3)
FN:50,PublicProfilePage
FN:67,(anonymous_5)
FN:68,(anonymous_6)
FN:122,(anonymous_7)
FN:142,(anonymous_8)
FN:160,(anonymous_9)
FN:263,(anonymous_10)
FN:323,(anonymous_11)
FN:347,(anonymous_12)
FN:356,(anonymous_13)
FN:360,(anonymous_14)
FN:405,(anonymous_15)
FNF:14
FNH:0
FNDA:0,(anonymous_2)
FNDA:0,(anonymous_3)
FNDA:0,PublicProfilePage
FNDA:0,(anonymous_5)
FNDA:0,(anonymous_6)
FNDA:0,(anonymous_7)
FNDA:0,(anonymous_8)
FNDA:0,(anonymous_9)
FNDA:0,(anonymous_10)
FNDA:0,(anonymous_11)
FNDA:0,(anonymous_12)
FNDA:0,(anonymous_13)
FNDA:0,(anonymous_14)
FNDA:0,(anonymous_15)
DA:3,0
DA:4,0
DA:5,0
DA:6,0
DA:7,0
DA:8,0
DA:27,0
DA:28,0
DA:29,0
DA:30,0
DA:31,0
DA:33,0
DA:35,0
DA:36,0
DA:37,0
DA:38,0
DA:41,0
DA:42,0
DA:46,0
DA:47,0
DA:50,0
DA:51,0
DA:52,0
DA:53,0
DA:55,0
DA:56,0
DA:57,0
DA:59,0
DA:60,0
DA:63,0
DA:67,0
DA:68,0
DA:69,0
DA:70,0
DA:72,0
DA:73,0
DA:74,0
DA:75,0
DA:76,0
DA:77,0
DA:78,0
DA:79,0
DA:84,0
DA:85,0
DA:86,0
DA:87,0
DA:89,0
DA:91,0
DA:92,0
DA:94,0
DA:95,0
DA:96,0
DA:97,0
DA:101,0
DA:107,0
DA:108,0
DA:109,0
DA:110,0
DA:112,0
DA:114,0
DA:117,0
DA:118,0
DA:122,0
DA:123,0
DA:124,0
DA:125,0
DA:129,0
DA:133,0
DA:142,0
DA:151,0
DA:160,0
DA:169,0
DA:263,0
DA:323,0
DA:347,0
DA:357,0
DA:360,0
DA:405,0
LF:78
LH:0
BRDA:60,0,0,0
BRDA:60,0,1,0
BRDA:60,0,2,0
BRDA:64,1,0,0
BRDA:64,1,1,0
BRDA:73,2,0,0
BRDA:74,3,0,0
BRDA:74,3,1,0
BRDA:78,4,0,0
BRDA:78,4,1,0
BRDA:84,5,0,0
BRDA:84,5,1,0
BRDA:107,6,0,0
BRDA:107,6,1,0
BRDA:117,7,0,0
BRDA:123,8,0,0
BRDA:129,9,0,0
BRDA:133,10,0,0
BRDA:151,11,0,0
BRDA:184,12,0,0
BRDA:186,13,0,0
BRDA:186,13,1,0
BRDA:186,13,2,0
BRDA:200,14,0,0
BRDA:221,15,0,0
BRDA:221,15,1,0
BRDA:226,16,0,0
BRDA:243,17,0,0
BRDA:270,18,0,0
BRDA:277,19,0,0
BRDA:277,19,1,0
BRDA:280,20,0,0
BRDA:280,20,1,0
BRDA:336,21,0,0
BRDA:336,21,1,0
BRDA:336,21,2,0
BRDA:363,22,0,0
BRDA:363,22,1,0
BRDA:365,23,0,0
BRDA:372,24,0,0
BRDA:372,24,1,0
BRDA:380,25,0,0
BRDA:380,25,1,0
BRDA:381,26,0,0
BRDA:381,26,1,0
BRDA:396,27,0,0
BRDA:396,27,1,0
BRDA:427,28,0,0
BRDA:427,28,1,0
BRDA:430,29,0,0
BRDA:434,30,0,0
BRDA:434,30,1,0
BRF:52
BRH:0
end_of_record
TN:
SF:src\app\(authenticated)\settings\page.tsx
FN:26,SettingsPage
FN:48,(anonymous_3)
FN:50,(anonymous_4)
FN:65,(anonymous_5)
FN:67,(anonymous_6)
FN:70,(anonymous_7)
FN:92,(anonymous_8)
FN:116,(anonymous_9)
FN:125,(anonymous_10)
FN:163,(anonymous_11)
FN:255,(anonymous_12)
FNF:11
FNH:0
FNDA:0,SettingsPage
FNDA:0,(anonymous_3)
FNDA:0,(anonymous_4)
FNDA:0,(anonymous_5)
FNDA:0,(anonymous_6)
FNDA:0,(anonymous_7)
FNDA:0,(anonymous_8)
FNDA:0,(anonymous_9)
FNDA:0,(anonymous_10)
FNDA:0,(anonymous_11)
FNDA:0,(anonymous_12)
DA:3,0
DA:4,0
DA:5,0
DA:6,0
DA:8,0
DA:9,0
DA:10,0
DA:11,0
DA:20,0
DA:26,0
DA:27,0
DA:28,0
DA:30,0
DA:35,0
DA:42,0
DA:43,0
DA:44,0
DA:45,0
DA:48,0
DA:49,0
DA:50,0
DA:55,0
DA:60,0
DA:61,0
DA:65,0
DA:66,0
DA:67,0
DA:70,0
DA:71,0
DA:72,0
DA:74,0
DA:75,0
DA:76,0
DA:77,0
DA:80,0
DA:81,0
DA:82,0
DA:83,0
DA:85,0
DA:86,0
DA:88,0
DA:92,0
DA:93,0
DA:94,0
DA:96,0
DA:97,0
DA:98,0
DA:99,0
DA:101,0
DA:102,0
DA:103,0
DA:104,0
DA:107,0
DA:108,0
DA:112,0
DA:113,0
DA:115,0
DA:116,0
DA:119,0
DA:121,0
DA:125,0
DA:126,0
DA:127,0
DA:128,0
DA:131,0
DA:134,0
DA:136,0
DA:137,0
DA:138,0
DA:139,0
DA:140,0
DA:141,0
DA:144,0
DA:145,0
DA:146,0
DA:148,0
DA:149,0
DA:151,0
DA:163,0
DA:255,0
LF:80
LH:0
BRDA:49,0,0,0
BRDA:55,1,0,0
BRDA:55,2,0,0
BRDA:55,2,1,0
BRDA:60,3,0,0
BRDA:74,4,0,0
BRDA:82,5,0,0
BRDA:86,6,0,0
BRDA:86,6,1,0
BRDA:96,7,0,0
BRDA:101,8,0,0
BRDA:101,9,0,0
BRDA:101,9,1,0
BRDA:112,10,0,0
BRDA:112,10,1,0
BRDA:113,11,0,0
BRDA:113,11,1,0
BRDA:119,12,0,0
BRDA:119,12,1,0
BRDA:126,13,0,0
BRDA:134,14,0,0
BRDA:139,15,0,0
BRDA:141,16,0,0
BRDA:141,16,1,0
BRDA:149,17,0,0
BRDA:149,17,1,0
BRDA:217,18,0,0
BRDA:217,18,1,0
BRDA:234,19,0,0
BRDA:234,19,1,0
BRDA:243,20,0,0
BRDA:243,20,1,0
BRDA:258,21,0,0
BRDA:259,22,0,0
BRDA:259,22,1,0
BRDA:267,23,0,0
BRDA:267,23,1,0
BRDA:292,24,0,0
BRF:38
BRH:0
end_of_record
TN:
SF:src\app\about\page.tsx
FN:7,AboutPage
FNF:1
FNH:0
FNDA:0,AboutPage
DA:3,0
DA:4,0
DA:5,0
DA:7,0
LF:4
LH:0
BRF:0
BRH:0
end_of_record
TN:
SF:src\app\api\auth\clear-cookies\route.ts
FN:4,GET
FN:8,(anonymous_3)
FN:25,(anonymous_4)
FNF:3
FNH:0
FNDA:0,GET
FNDA:0,(anonymous_3)
FNDA:0,(anonymous_4)
DA:2,0
DA:4,0
DA:5,0
DA:8,0
DA:9,0
DA:12,0
DA:13,0
DA:18,0
DA:25,0
DA:26,0
DA:29,0
DA:34,0
DA:36,0
LF:13
LH:0
BRDA:9,0,0,0
BRDA:9,1,0,0
BRDA:9,1,1,0
BRDA:9,1,2,0
BRDA:26,2,0,0
BRDA:26,3,0,0
BRDA:26,3,1,0
BRDA:26,3,2,0
BRF:8
BRH:0
end_of_record
TN:
SF:src\app\api\avatar\route.ts
FN:34,validateUploadedFile
FN:60,(anonymous_3)
FN:103,secureImageProcessing
FN:156,POST
FN:227,(anonymous_6)
FNF:5
FNH:0
FNDA:0,validateUploadedFile
FNDA:0,(anonymous_3)
FNDA:0,secureImageProcessing
FNDA:0,POST
FNDA:0,(anonymous_6)
DA:2,0
DA:3,0
DA:4,0
DA:5,0
DA:6,0
DA:8,0
DA:9,0
DA:10,0
DA:13,0
DA:21,0
DA:36,0
DA:37,0
DA:39,0
DA:40,0
DA:44,0
DA:52,0
DA:53,0
DA:57,0
DA:58,0
DA:59,0
DA:60,0
DA:61,0
DA:62,0
DA:67,0
DA:68,0
DA:69,0
DA:70,0
DA:75,0
DA:82,0
DA:83,0
DA:84,0
DA:88,0
DA:93,0
DA:104,0
DA:106,0
DA:121,0
DA:124,0
DA:125,0
DA:129,0
DA:130,0
DA:133,0
DA:144,0
DA:145,0
DA:156,0
DA:157,0
DA:159,0
DA:160,0
DA:162,0
DA:163,0
DA:169,0
DA:170,0
DA:171,0
DA:174,0
DA:175,0
DA:182,0
DA:183,0
DA:184,0
DA:190,0
DA:191,0
DA:198,0
DA:199,0
DA:201,0
DA:202,0
DA:209,0
DA:215,0
DA:216,0
DA:223,0
DA:224,0
DA:225,0
DA:226,0
DA:227,0
DA:228,0
DA:231,0
DA:232,0
DA:233,0
DA:237,0
DA:241,0
DA:244,0
DA:245,0
DA:247,0
DA:255,0
DA:256,0
DA:257,0
DA:261,0
DA:265,0
DA:267,0
DA:275,0
DA:276,0
LF:88
LH:0
BRDA:39,0,0,0
BRDA:52,1,0,0
BRDA:58,2,0,0
BRDA:61,3,0,0
BRDA:69,4,0,0
BRDA:82,5,0,0
BRDA:82,5,1,0
BRDA:83,6,0,0
BRDA:124,7,0,0
BRDA:124,8,0,0
BRDA:124,8,1,0
BRDA:124,8,2,0
BRDA:124,8,3,0
BRDA:129,9,0,0
BRDA:129,10,0,0
BRDA:129,10,1,0
BRDA:162,11,0,0
BRDA:162,12,0,0
BRDA:162,12,1,0
BRDA:174,13,0,0
BRDA:174,14,0,0
BRDA:174,14,1,0
BRDA:183,15,0,0
BRDA:190,16,0,0
BRDA:201,17,0,0
BRDA:215,18,0,0
BRDA:225,19,0,0
BRDA:225,19,1,0
BRDA:227,20,0,0
BRDA:231,21,0,0
BRDA:255,22,0,0
BRF:31
BRH:0
end_of_record
TN:
SF:src\app\api\banner\route.ts
FN:35,validateUploadedFile
FN:61,(anonymous_3)
FN:104,secureImageProcessing
FN:157,POST
FN:228,(anonymous_6)
FNF:5
FNH:0
FNDA:0,validateUploadedFile
FNDA:0,(anonymous_3)
FNDA:0,secureImageProcessing
FNDA:0,POST
FNDA:0,(anonymous_6)
DA:2,0
DA:3,0
DA:4,0
DA:5,0
DA:6,0
DA:8,0
DA:9,0
DA:10,0
DA:11,0
DA:14,0
DA:22,0
DA:37,0
DA:38,0
DA:40,0
DA:41,0
DA:45,0
DA:53,0
DA:54,0
DA:58,0
DA:59,0
DA:60,0
DA:61,0
DA:62,0
DA:63,0
DA:68,0
DA:69,0
DA:70,0
DA:71,0
DA:76,0
DA:83,0
DA:84,0
DA:85,0
DA:89,0
DA:94,0
DA:105,0
DA:107,0
DA:122,0
DA:125,0
DA:126,0
DA:130,0
DA:131,0
DA:134,0
DA:145,0
DA:146,0
DA:157,0
DA:158,0
DA:160,0
DA:161,0
DA:163,0
DA:164,0
DA:170,0
DA:171,0
DA:172,0
DA:175,0
DA:176,0
DA:183,0
DA:184,0
DA:185,0
DA:191,0
DA:192,0
DA:199,0
DA:200,0
DA:202,0
DA:203,0
DA:210,0
DA:216,0
DA:217,0
DA:224,0
DA:225,0
DA:226,0
DA:227,0
DA:228,0
DA:229,0
DA:232,0
DA:233,0
DA:234,0
DA:238,0
DA:242,0
DA:245,0
DA:246,0
DA:248,0
DA:256,0
DA:257,0
DA:258,0
DA:262,0
DA:266,0
DA:268,0
DA:276,0
DA:277,0
LF:89
LH:0
BRDA:40,0,0,0
BRDA:53,1,0,0
BRDA:59,2,0,0
BRDA:62,3,0,0
BRDA:70,4,0,0
BRDA:83,5,0,0
BRDA:83,5,1,0
BRDA:84,6,0,0
BRDA:125,7,0,0
BRDA:125,8,0,0
BRDA:125,8,1,0
BRDA:125,8,2,0
BRDA:125,8,3,0
BRDA:130,9,0,0
BRDA:130,10,0,0
BRDA:130,10,1,0
BRDA:163,11,0,0
BRDA:163,12,0,0
BRDA:163,12,1,0
BRDA:175,13,0,0
BRDA:175,14,0,0
BRDA:175,14,1,0
BRDA:184,15,0,0
BRDA:191,16,0,0
BRDA:202,17,0,0
BRDA:216,18,0,0
BRDA:226,19,0,0
BRDA:226,19,1,0
BRDA:228,20,0,0
BRDA:232,21,0,0
BRDA:256,22,0,0
BRF:31
BRH:0
end_of_record
TN:
SF:src\app\api\funding\route.ts
FN:5,POST
FN:52,GET
FNF:2
FNH:0
FNDA:0,POST
FNDA:0,GET
DA:3,0
DA:5,0
DA:6,0
DA:7,0
DA:9,0
DA:12,0
DA:13,0
DA:20,0
DA:32,0
DA:33,0
DA:39,0
DA:44,0
DA:45,0
DA:52,0
DA:53,0
DA:54,0
DA:55,0
DA:56,0
DA:58,0
DA:60,0
DA:64,0
DA:65,0
DA:68,0
DA:69,0
DA:72,0
DA:74,0
DA:75,0
DA:81,0
DA:85,0
DA:86,0
LF:30
LH:0
BRDA:12,0,0,0
BRDA:12,1,0,0
BRDA:12,1,1,0
BRDA:12,1,2,0
BRDA:12,1,3,0
BRDA:32,2,0,0
BRDA:64,3,0,0
BRDA:68,4,0,0
BRDA:74,5,0,0
BRF:9
BRH:0
end_of_record
TN:
SF:src\app\api\profile\update\route.ts
FN:16,checkRateLimit
FN:49,POST
FNF:2
FNH:0
FNDA:0,checkRateLimit
FNDA:0,POST
DA:2,0
DA:8,0
DA:9,0
DA:12,0
DA:13,0
DA:14,0
DA:17,0
DA:18,0
DA:21,0
DA:22,0
DA:23,0
DA:24,0
DA:28,0
DA:30,0
DA:31,0
DA:32,0
DA:35,0
DA:37,0
DA:38,0
DA:41,0
DA:45,0
DA:46,0
DA:49,0
DA:50,0
DA:51,0
DA:54,0
DA:55,0
DA:56,0
DA:63,0
DA:66,0
DA:68,0
DA:69,0
DA:75,0
DA:78,0
DA:79,0
DA:80,0
DA:81,0
DA:88,0
DA:95,0
DA:96,0
DA:104,0
DA:105,0
DA:106,0
DA:107,0
DA:115,0
DA:116,0
DA:117,0
DA:118,0
DA:126,0
DA:127,0
DA:128,0
DA:129,0
DA:137,0
DA:150,0
DA:151,0
DA:152,0
DA:159,0
DA:167,0
DA:174,0
DA:175,0
LF:60
LH:0
BRDA:23,0,0,0
BRDA:30,1,0,0
BRDA:35,2,0,0
BRDA:41,3,0,0
BRDA:55,4,0,0
BRDA:55,5,0,0
BRDA:55,5,1,0
BRDA:63,6,0,0
BRDA:63,6,1,0
BRDA:63,6,2,0
BRDA:68,7,0,0
BRDA:78,8,0,0
BRDA:80,9,0,0
BRDA:95,10,0,0
BRDA:104,11,0,0
BRDA:106,12,0,0
BRDA:115,13,0,0
BRDA:117,14,0,0
BRDA:126,15,0,0
BRDA:128,16,0,0
BRDA:150,17,0,0
BRF:21
BRH:0
end_of_record
TN:
SF:src\app\assets\page.tsx
FN:28,AssetsPage
FN:93,(anonymous_3)
FN:101,(anonymous_4)
FN:137,(anonymous_5)
FN:151,(anonymous_6)
FN:155,(anonymous_7)
FN:173,(anonymous_8)
FN:251,(anonymous_9)
FNF:8
FNH:0
FNDA:0,AssetsPage
FNDA:0,(anonymous_3)
FNDA:0,(anonymous_4)
FNDA:0,(anonymous_5)
FNDA:0,(anonymous_6)
FNDA:0,(anonymous_7)
FNDA:0,(anonymous_8)
FNDA:0,(anonymous_9)
DA:4,0
DA:5,0
DA:6,0
DA:7,0
DA:8,0
DA:26,0
DA:28,0
DA:29,0
DA:30,0
DA:32,0
DA:65,0
DA:84,0
DA:93,0
DA:94,0
DA:95,0
DA:97,0
DA:101,0
DA:102,0
DA:138,0
DA:152,0
DA:156,0
DA:174,0
DA:251,0
LF:23
LH:0
BRDA:94,0,0,0
BRDA:94,0,1,0
BRF:2
BRH:0
end_of_record
TN:
SF:src\app\auth\page.tsx
FN:15,AuthPage
FN:24,(anonymous_3)
FN:46,(anonymous_4)
FN:48,(anonymous_5)
FN:53,(anonymous_6)
FN:58,(anonymous_7)
FN:65,(anonymous_8)
FN:88,(anonymous_9)
FN:111,(anonymous_10)
FN:130,(anonymous_11)
FN:136,(anonymous_12)
FN:205,(anonymous_13)
FN:216,(anonymous_14)
FN:228,(anonymous_15)
FN:242,(anonymous_16)
FN:273,(anonymous_17)
FNF:16
FNH:0
FNDA:0,AuthPage
FNDA:0,(anonymous_3)
FNDA:0,(anonymous_4)
FNDA:0,(anonymous_5)
FNDA:0,(anonymous_6)
FNDA:0,(anonymous_7)
FNDA:0,(anonymous_8)
FNDA:0,(anonymous_9)
FNDA:0,(anonymous_10)
FNDA:0,(anonymous_11)
FNDA:0,(anonymous_12)
FNDA:0,(anonymous_13)
FNDA:0,(anonymous_14)
FNDA:0,(anonymous_15)
FNDA:0,(anonymous_16)
FNDA:0,(anonymous_17)
DA:3,0
DA:4,0
DA:5,0
DA:6,0
DA:7,0
DA:9,0
DA:10,0
DA:11,0
DA:15,0
DA:16,0
DA:17,0
DA:18,0
DA:19,0
DA:22,0
DA:24,0
DA:25,0
DA:26,0
DA:27,0
DA:31,0
DA:36,0
DA:37,0
DA:38,0
DA:39,0
DA:43,0
DA:46,0
DA:47,0
DA:48,0
DA:49,0
DA:50,0
DA:53,0
DA:58,0
DA:59,0
DA:61,0
DA:65,0
DA:66,0
DA:67,0
DA:68,0
DA:69,0
DA:71,0
DA:72,0
DA:74,0
DA:76,0
DA:78,0
DA:79,0
DA:84,0
DA:85,0
DA:88,0
DA:90,0
DA:94,0
DA:97,0
DA:98,0
DA:101,0
DA:103,0
DA:104,0
DA:105,0
DA:108,0
DA:109,0
DA:111,0
DA:112,0
DA:114,0
DA:115,0
DA:118,0
DA:122,0
DA:123,0
DA:124,0
DA:126,0
DA:130,0
DA:131,0
DA:132,0
DA:133,0
DA:136,0
DA:137,0
DA:138,0
DA:143,0
DA:146,0
DA:150,0
DA:205,0
DA:216,0
DA:228,0
DA:242,0
DA:273,0
LF:81
LH:0
BRDA:26,0,0,0
BRDA:26,1,0,0
BRDA:26,1,1,0
BRDA:43,2,0,0
BRDA:43,2,1,0
BRDA:47,3,0,0
BRDA:59,4,0,0
BRDA:59,5,0,0
BRDA:59,5,1,0
BRDA:59,5,2,0
BRDA:72,6,0,0
BRDA:72,6,1,0
BRDA:76,7,0,0
BRDA:78,8,0,0
BRDA:78,8,1,0
BRDA:84,9,0,0
BRDA:84,9,1,0
BRDA:84,10,0,0
BRDA:84,10,1,0
BRDA:84,10,2,0
BRDA:97,11,0,0
BRDA:103,12,0,0
BRDA:104,13,0,0
BRDA:104,13,1,0
BRDA:108,14,0,0
BRDA:108,14,1,0
BRDA:108,15,0,0
BRDA:108,15,1,0
BRDA:108,15,2,0
BRDA:114,16,0,0
BRDA:114,16,1,0
BRDA:114,17,0,0
BRDA:114,17,1,0
BRDA:114,17,2,0
BRDA:143,18,0,0
BRDA:143,18,1,0
BRDA:146,19,0,0
BRDA:146,20,0,0
BRDA:146,20,1,0
BRDA:146,20,2,0
BRDA:150,21,0,0
BRDA:166,22,0,0
BRDA:166,22,1,0
BRDA:175,23,0,0
BRDA:174,24,0,0
BRDA:174,24,1,0
BRDA:186,25,0,0
BRDA:186,25,1,0
BRDA:213,26,0,0
BRDA:213,26,1,0
BRDA:222,27,0,0
BRDA:225,28,0,0
BRDA:225,28,1,0
BRDA:257,29,0,0
BRDA:257,29,1,0
BRDA:260,30,0,0
BRDA:260,30,1,0
BRDA:262,31,0,0
BRDA:262,31,1,0
BRDA:273,32,0,0
BRDA:273,32,1,0
BRDA:277,33,0,0
BRDA:277,33,1,0
BRF:63
BRH:0
end_of_record
TN:
SF:src\app\auth\callback\route.ts
FN:4,GET
FNF:1
FNH:0
FNDA:0,GET
DA:1,0
DA:4,0
DA:5,0
DA:6,0
DA:7,0
DA:9,0
DA:10,0
DA:11,0
DA:12,0
DA:14,0
DA:15,0
DA:16,0
DA:22,0
DA:24,0
DA:25,0
DA:32,0
LF:16
LH:0
BRDA:7,0,0,0
BRDA:7,0,1,0
BRDA:9,1,0,0
BRDA:14,2,0,0
BRF:4
BRH:0
end_of_record
TN:
SF:src\app\auth\reset-password\page.tsx
FN:11,ResetPasswordPage
FN:23,(anonymous_3)
FN:34,(anonymous_4)
FN:49,(anonymous_5)
FN:85,(anonymous_6)
FN:193,(anonymous_7)
FN:205,(anonymous_8)
FN:217,(anonymous_9)
FNF:8
FNH:0
FNDA:0,ResetPasswordPage
FNDA:0,(anonymous_3)
FNDA:0,(anonymous_4)
FNDA:0,(anonymous_5)
FNDA:0,(anonymous_6)
FNDA:0,(anonymous_7)
FNDA:0,(anonymous_8)
FNDA:0,(anonymous_9)
DA:3,0
DA:4,0
DA:5,0
DA:6,0
DA:7,0
DA:8,0
DA:9,0
DA:11,0
DA:12,0
DA:13,0
DA:14,0
DA:15,0
DA:19,0
DA:20,0
DA:21,0
DA:23,0
DA:25,0
DA:26,0
DA:27,0
DA:29,0
DA:31,0
DA:35,0
DA:36,0
DA:37,0
DA:38,0
DA:40,0
DA:44,0
DA:45,0
DA:49,0
DA:50,0
DA:51,0
DA:52,0
DA:55,0
DA:56,0
DA:57,0
DA:58,0
DA:61,0
DA:62,0
DA:63,0
DA:64,0
DA:67,0
DA:68,0
DA:72,0
DA:73,0
DA:76,0
DA:78,0
DA:79,0
DA:81,0
DA:85,0
DA:86,0
DA:89,0
DA:107,0
DA:134,0
DA:193,0
DA:205,0
DA:217,0
LF:56
LH:0
BRDA:29,0,0,0
BRDA:29,0,1,0
BRDA:29,1,0,0
BRDA:29,1,1,0
BRDA:29,1,2,0
BRDA:35,2,0,0
BRDA:35,2,1,0
BRDA:55,3,0,0
BRDA:61,4,0,0
BRDA:72,5,0,0
BRDA:79,6,0,0
BRDA:79,6,1,0
BRDA:89,7,0,0
BRDA:107,8,0,0
BRDA:134,9,0,0
BRDA:176,10,0,0
BRDA:190,11,0,0
BRDA:190,11,1,0
BRDA:202,12,0,0
BRDA:202,12,1,0
BRDA:232,13,0,0
BRDA:232,13,1,0
BRF:22
BRH:0
end_of_record
TN:
SF:src\app\auth\signout\route.ts
FN:7,GET
FN:18,(anonymous_3)
FN:30,(anonymous_4)
FNF:3
FNH:0
FNDA:0,GET
FNDA:0,(anonymous_3)
FNDA:0,(anonymous_4)
DA:2,0
DA:3,0
DA:7,0
DA:9,0
DA:12,0
DA:15,0
DA:18,0
DA:19,0
DA:22,0
DA:27,0
DA:30,0
DA:31,0
DA:34,0
DA:39,0
DA:43,0
LF:15
LH:0
BRDA:19,0,0,0
BRDA:19,1,0,0
BRDA:19,1,1,0
BRDA:19,1,2,0
BRDA:31,2,0,0
BRDA:31,3,0,0
BRDA:31,3,1,0
BRDA:31,3,2,0
BRF:8
BRH:0
end_of_record
TN:
SF:src\app\bitcoin-wallet-guide\page.tsx
FN:156,BitcoinWalletGuidePage
FN:160,(anonymous_3)
FN:162,(anonymous_4)
FN:172,(anonymous_5)
FN:240,(anonymous_6)
FN:258,(anonymous_7)
FN:290,(anonymous_8)
FN:307,(anonymous_9)
FN:346,(anonymous_10)
FN:395,(anonymous_11)
FN:410,(anonymous_12)
FN:421,(anonymous_13)
FN:529,(anonymous_14)
FNF:13
FNH:0
FNDA:0,BitcoinWalletGuidePage
FNDA:0,(anonymous_3)
FNDA:0,(anonymous_4)
FNDA:0,(anonymous_5)
FNDA:0,(anonymous_6)
FNDA:0,(anonymous_7)
FNDA:0,(anonymous_8)
FNDA:0,(anonymous_9)
FNDA:0,(anonymous_10)
FNDA:0,(anonymous_11)
FNDA:0,(anonymous_12)
FNDA:0,(anonymous_13)
FNDA:0,(anonymous_14)
DA:3,0
DA:4,0
DA:6,0
DA:22,0
DA:23,0
DA:24,0
DA:25,0
DA:26,0
DA:43,0
DA:133,0
DA:156,0
DA:157,0
DA:158,0
DA:160,0
DA:162,0
DA:163,0
DA:164,0
DA:165,0
DA:166,0
DA:167,0
DA:168,0
DA:172,0
DA:173,0
DA:174,0
DA:175,0
DA:176,0
DA:177,0
DA:241,0
DA:242,0
DA:243,0
DA:245,0
DA:258,0
DA:291,0
DA:292,0
DA:294,0
DA:307,0
DA:347,0
DA:396,0
DA:411,0
DA:421,0
DA:529,0
LF:41
LH:0
BRDA:163,0,0,0
BRDA:163,0,1,0
BRDA:163,0,2,0
BRDA:163,0,3,0
BRDA:163,0,4,0
BRDA:173,1,0,0
BRDA:173,1,1,0
BRDA:173,1,2,0
BRDA:173,1,3,0
BRDA:252,2,0,0
BRDA:252,2,1,0
BRDA:254,3,0,0
BRDA:254,3,1,0
BRDA:261,4,0,0
BRDA:261,4,1,0
BRDA:263,5,0,0
BRDA:263,5,1,0
BRDA:268,6,0,0
BRDA:303,7,0,0
BRDA:303,7,1,0
BRDA:306,8,0,0
BRDA:306,8,1,0
BRDA:313,9,0,0
BRDA:313,9,1,0
BRDA:316,10,0,0
BRDA:316,10,1,0
BRDA:322,11,0,0
BRDA:335,12,0,0
BRDA:335,12,1,0
BRDA:369,13,0,0
BRDA:369,13,1,0
BRF:31
BRH:0
end_of_record
TN:
SF:src\app\blog\page.tsx
FN:8,BlogPage
FNF:1
FNH:0
FNDA:0,BlogPage
DA:1,0
DA:5,0
DA:6,0
DA:8,0
DA:9,0
DA:10,0
DA:11,0
LF:7
LH:0
BRF:0
BRH:0
end_of_record
TN:
SF:src\app\blog\[slug]\page.tsx
FN:81,(anonymous_17)
FN:112,generateStaticParams
FN:114,(anonymous_20)
FN:118,generateMetadata
FN:146,BlogPost
FN:202,(anonymous_23)
FNF:6
FNH:0
FNDA:0,(anonymous_17)
FNDA:0,generateStaticParams
FNDA:0,(anonymous_20)
FNDA:0,generateMetadata
FNDA:0,BlogPost
FNDA:0,(anonymous_23)
DA:2,0
DA:3,0
DA:4,0
DA:5,0
DA:6,0
DA:7,0
DA:11,0
DA:82,0
DA:112,0
DA:113,0
DA:114,0
DA:118,0
DA:119,0
DA:121,0
DA:122,0
DA:127,0
DA:146,0
DA:147,0
DA:149,0
DA:150,0
DA:203,0
LF:21
LH:0
BRDA:73,0,0,0
BRDA:73,0,1,0
BRDA:81,1,0,0
BRDA:121,2,0,0
BRDA:135,3,0,0
BRDA:135,3,1,0
BRDA:149,4,0,0
BRDA:169,5,0,0
BRDA:191,6,0,0
BRDA:200,7,0,0
BRF:10
BRH:0
end_of_record
TN:
SF:src\app\categories\page.tsx
FN:17,CategoriesPage
FN:21,(anonymous_3)
FN:41,(anonymous_4)
FN:56,(anonymous_5)
FNF:4
FNH:0
FNDA:0,CategoriesPage
FNDA:0,(anonymous_3)
FNDA:0,(anonymous_4)
FNDA:0,(anonymous_5)
DA:3,0
DA:4,0
DA:5,0
DA:6,0
DA:7,0
DA:9,0
DA:17,0
DA:18,0
DA:19,0
DA:21,0
DA:22,0
DA:23,0
DA:25,0
DA:42,0
DA:43,0
DA:57,0
LF:16
LH:0
BRDA:22,0,0,0
BRDA:22,0,1,0
BRDA:84,1,0,0
BRDA:84,1,1,0
BRDA:86,2,0,0
BRF:5
BRH:0
end_of_record
TN:
SF:src\app\coming-soon\metadata.ts
FNF:0
FNH:0
DA:3,0
LF:1
LH:0
BRF:0
BRH:0
end_of_record
TN:
SF:src\app\coming-soon\page.tsx
FN:147,ComingSoon
FN:154,(anonymous_3)
FN:155,(anonymous_4)
FNF:3
FNH:0
FNDA:0,ComingSoon
FNDA:0,(anonymous_3)
FNDA:0,(anonymous_4)
DA:3,0
DA:4,0
DA:7,0
DA:19,0
DA:21,0
DA:22,0
DA:24,0
DA:147,0
DA:148,0
DA:149,0
DA:150,0
DA:151,0
DA:152,0
DA:154,0
DA:155,0
DA:157,0
DA:158,0
DA:159,0
DA:163,0
DA:164,0
DA:165,0
DA:167,0
DA:170,0
DA:178,0
DA:180,0
DA:199,0
LF:26
LH:0
BRDA:157,0,0,0
BRDA:164,1,0,0
BRDA:164,1,1,0
BRDA:170,2,0,0
BRDA:178,3,0,0
BRDA:178,3,1,0
BRDA:180,4,0,0
BRDA:180,5,0,0
BRDA:180,5,1,0
BRDA:188,6,0,0
BRDA:188,6,1,0
BRDA:199,7,0,0
BRDA:214,8,0,0
BRDA:214,8,1,0
BRDA:217,9,0,0
BRDA:217,9,1,0
BRF:16
BRH:0
end_of_record
TN:
SF:src\app\demo\[initiative]\page.tsx
FN:11,Demo
FN:21,generateStaticParams
FNF:2
FNH:0
FNDA:0,Demo
FNDA:0,generateStaticParams
DA:1,0
DA:2,0
DA:3,0
DA:11,0
DA:12,0
DA:14,0
DA:15,0
DA:21,0
DA:22,0
LF:9
LH:0
BRDA:14,0,0,0
BRF:1
BRH:0
end_of_record
TN:
SF:src\app\discover\page.tsx
FN:44,DiscoverPage
FN:66,(anonymous_3)
FN:67,(anonymous_4)
FN:71,(anonymous_5)
FN:75,(anonymous_6)
FN:121,(anonymous_7)
FN:126,(anonymous_8)
FN:136,(anonymous_9)
FN:137,(anonymous_10)
FN:139,(anonymous_11)
FN:144,(anonymous_12)
FN:152,(anonymous_13)
FN:156,(anonymous_14)
FN:198,(anonymous_15)
FN:205,(anonymous_16)
FN:307,(anonymous_17)
FN:312,(anonymous_18)
FN:327,(anonymous_19)
FN:330,(anonymous_20)
FN:347,(anonymous_21)
FN:355,(anonymous_22)
FN:368,(anonymous_23)
FN:383,(anonymous_24)
FN:413,(anonymous_25)
FN:416,(anonymous_26)
FN:531,(anonymous_27)
FNF:26
FNH:0
FNDA:0,DiscoverPage
FNDA:0,(anonymous_3)
FNDA:0,(anonymous_4)
FNDA:0,(anonymous_5)
FNDA:0,(anonymous_6)
FNDA:0,(anonymous_7)
FNDA:0,(anonymous_8)
FNDA:0,(anonymous_9)
FNDA:0,(anonymous_10)
FNDA:0,(anonymous_11)
FNDA:0,(anonymous_12)
FNDA:0,(anonymous_13)
FNDA:0,(anonymous_14)
FNDA:0,(anonymous_15)
FNDA:0,(anonymous_16)
FNDA:0,(anonymous_17)
FNDA:0,(anonymous_18)
FNDA:0,(anonymous_19)
FNDA:0,(anonymous_20)
FNDA:0,(anonymous_21)
FNDA:0,(anonymous_22)
FNDA:0,(anonymous_23)
FNDA:0,(anonymous_24)
FNDA:0,(anonymous_25)
FNDA:0,(anonymous_26)
FNDA:0,(anonymous_27)
DA:3,0
DA:4,0
DA:5,0
DA:6,0
DA:7,0
DA:8,0
DA:24,0
DA:25,0
DA:35,0
DA:38,0
DA:39,0
DA:40,0
DA:44,0
DA:45,0
DA:46,0
DA:49,0
DA:50,0
DA:51,0
DA:52,0
DA:53,0
DA:54,0
DA:57,0
DA:58,0
DA:59,0
DA:60,0
DA:61,0
DA:64,0
DA:66,0
DA:67,0
DA:68,0
DA:71,0
DA:75,0
DA:76,0
DA:77,0
DA:78,0
DA:80,0
DA:81,0
DA:82,0
DA:86,0
DA:88,0
DA:91,0
DA:101,0
DA:102,0
DA:103,0
DA:106,0
DA:108,0
DA:109,0
DA:110,0
DA:111,0
DA:113,0
DA:116,0
DA:121,0
DA:122,0
DA:126,0
DA:127,0
DA:128,0
DA:129,0
DA:131,0
DA:132,0
DA:136,0
DA:137,0
DA:138,0
DA:139,0
DA:144,0
DA:145,0
DA:146,0
DA:147,0
DA:148,0
DA:152,0
DA:153,0
DA:156,0
DA:198,0
DA:199,0
DA:201,0
DA:205,0
DA:307,0
DA:312,0
DA:328,0
DA:330,0
DA:347,0
DA:355,0
DA:368,0
DA:383,0
DA:414,0
DA:416,0
DA:532,0
LF:86
LH:0
BRDA:49,0,0,0
BRDA:49,0,1,0
BRDA:81,1,0,0
BRDA:86,2,0,0
BRDA:86,2,1,0
BRDA:86,3,0,0
BRDA:86,3,1,0
BRDA:86,3,2,0
BRDA:92,4,0,0
BRDA:92,4,1,0
BRDA:108,5,0,0
BRDA:108,5,1,0
BRDA:110,6,0,0
BRDA:110,6,1,0
BRDA:128,7,0,0
BRDA:129,8,0,0
BRDA:131,9,0,0
BRDA:131,9,1,0
BRDA:138,10,0,0
BRDA:138,10,1,0
BRDA:155,11,0,0
BRDA:155,11,1,0
BRDA:156,12,0,0
BRDA:156,12,1,0
BRDA:158,13,0,0
BRDA:158,13,1,0
BRDA:160,14,0,0
BRDA:162,15,0,0
BRDA:162,15,1,0
BRDA:162,15,2,0
BRDA:163,16,0,0
BRDA:163,16,1,0
BRDA:164,17,0,0
BRDA:164,17,1,0
BRDA:169,18,0,0
BRDA:169,18,1,0
BRDA:174,19,0,0
BRDA:174,19,1,0
BRDA:175,20,0,0
BRDA:175,20,1,0
BRDA:175,21,0,0
BRDA:175,21,1,0
BRDA:176,22,0,0
BRDA:176,22,1,0
BRDA:176,22,2,0
BRDA:178,23,0,0
BRDA:178,23,1,0
BRDA:179,24,0,0
BRDA:179,24,1,0
BRDA:179,25,0,0
BRDA:179,25,1,0
BRDA:181,26,0,0
BRDA:182,27,0,0
BRDA:182,27,1,0
BRDA:186,28,0,0
BRDA:186,28,1,0
BRDA:199,29,0,0
BRDA:199,29,1,0
BRDA:204,30,0,0
BRDA:204,30,1,0
BRDA:205,31,0,0
BRDA:205,31,1,0
BRDA:207,32,0,0
BRDA:207,32,1,0
BRDA:208,33,0,0
BRDA:208,33,1,0
BRDA:221,34,0,0
BRDA:221,34,1,0
BRDA:224,35,0,0
BRDA:232,36,0,0
BRDA:234,37,0,0
BRDA:234,37,1,0
BRDA:234,37,2,0
BRDA:238,38,0,0
BRDA:239,39,0,0
BRDA:239,39,1,0
BRDA:246,40,0,0
BRDA:251,41,0,0
BRDA:251,41,1,0
BRDA:275,42,0,0
BRDA:310,43,0,0
BRDA:332,44,0,0
BRDA:332,44,1,0
BRDA:349,45,0,0
BRDA:349,45,1,0
BRDA:357,46,0,0
BRDA:357,46,1,0
BRDA:384,47,0,0
BRDA:384,47,1,0
BRDA:389,48,0,0
BRDA:399,49,0,0
BRDA:403,50,0,0
BRDA:418,51,0,0
BRDA:418,51,1,0
BRDA:437,52,0,0
BRDA:437,52,1,0
BRDA:440,53,0,0
BRDA:440,53,1,0
BRDA:441,54,0,0
BRDA:449,55,0,0
BRDA:456,56,0,0
BRDA:467,57,0,0
BRDA:482,58,0,0
BRDA:482,58,1,0
BRDA:482,58,2,0
BRDA:486,59,0,0
BRDA:492,60,0,0
BRDA:492,60,1,0
BRDA:495,61,0,0
BRDA:495,61,1,0
BRDA:502,62,0,0
BRDA:525,63,0,0
BRDA:525,63,1,0
BRDA:525,63,2,0
BRDA:527,64,0,0
BRDA:527,64,1,0
BRDA:532,65,0,0
BRDA:532,65,1,0
BRF:118
BRH:0
end_of_record
TN:
SF:src\app\docs\page.tsx
FN:6,DocsPage
FNF:1
FNH:0
FNDA:0,DocsPage
DA:3,0
DA:4,0
DA:6,0
LF:3
LH:0
BRF:0
BRH:0
end_of_record
TN:
SF:src\app\donate\metadata.ts
FNF:0
FNH:0
DA:3,0
LF:1
LH:0
BRF:0
BRH:0
end_of_record
TN:
SF:src\app\donate\page.tsx
FN:10,DonatePage
FN:19,(anonymous_6)
FN:65,(anonymous_7)
FN:73,(anonymous_8)
FNF:4
FNH:0
FNDA:0,DonatePage
FNDA:0,(anonymous_6)
FNDA:0,(anonymous_7)
FNDA:0,(anonymous_8)
DA:3,0
DA:4,0
DA:5,0
DA:6,0
DA:7,0
DA:8,0
DA:10,0
DA:11,0
DA:12,0
DA:16,0
DA:17,0
DA:19,0
DA:20,0
DA:22,0
DA:23,0
DA:24,0
DA:25,0
DA:28,0
DA:29,0
DA:40,0
DA:43,0
DA:45,0
DA:65,0
DA:73,0
LF:24
LH:0
BRDA:23,0,0,0
BRDA:35,1,0,0
BRDA:35,1,1,0
BRDA:40,2,0,0
BRF:4
BRH:0
end_of_record
TN:
SF:src\app\events\page.tsx
FN:28,EventsPage
FN:93,(anonymous_3)
FN:101,(anonymous_4)
FN:137,(anonymous_5)
FN:151,(anonymous_6)
FN:155,(anonymous_7)
FN:173,(anonymous_8)
FN:251,(anonymous_9)
FNF:8
FNH:0
FNDA:0,EventsPage
FNDA:0,(anonymous_3)
FNDA:0,(anonymous_4)
FNDA:0,(anonymous_5)
FNDA:0,(anonymous_6)
FNDA:0,(anonymous_7)
FNDA:0,(anonymous_8)
FNDA:0,(anonymous_9)
DA:4,0
DA:5,0
DA:6,0
DA:7,0
DA:8,0
DA:26,0
DA:28,0
DA:29,0
DA:30,0
DA:32,0
DA:65,0
DA:84,0
DA:93,0
DA:94,0
DA:95,0
DA:97,0
DA:101,0
DA:102,0
DA:138,0
DA:152,0
DA:156,0
DA:174,0
DA:251,0
LF:23
LH:0
BRDA:94,0,0,0
BRDA:94,0,1,0
BRF:2
BRH:0
end_of_record
TN:
SF:src\app\fund-us\page.tsx
FN:22,OrangeCatDonationPage
FN:36,(anonymous_3)
FN:49,(anonymous_4)
FN:57,(anonymous_5)
FN:58,(anonymous_6)
FN:60,(anonymous_7)
FN:61,(anonymous_8)
FN:82,(anonymous_9)
FNF:8
FNH:0
FNDA:0,OrangeCatDonationPage
FNDA:0,(anonymous_3)
FNDA:0,(anonymous_4)
FNDA:0,(anonymous_5)
FNDA:0,(anonymous_6)
FNDA:0,(anonymous_7)
FNDA:0,(anonymous_8)
FNDA:0,(anonymous_9)
DA:3,0
DA:4,0
DA:5,0
DA:6,0
DA:7,0
DA:8,0
DA:9,0
DA:10,0
DA:11,0
DA:12,0
DA:13,0
DA:15,0
DA:16,0
DA:17,0
DA:20,0
DA:22,0
DA:23,0
DA:24,0
DA:25,0
DA:27,0
DA:28,0
DA:29,0
DA:31,0
DA:32,0
DA:33,0
DA:34,0
DA:36,0
DA:37,0
DA:38,0
DA:39,0
DA:40,0
DA:41,0
DA:43,0
DA:44,0
DA:46,0
DA:49,0
DA:50,0
DA:51,0
DA:52,0
DA:54,0
DA:57,0
DA:58,0
DA:59,0
DA:60,0
DA:62,0
DA:63,0
DA:68,0
DA:82,0
DA:87,0
DA:88,0
LF:50
LH:0
BRDA:32,0,0,0
BRDA:32,0,1,0
BRDA:33,1,0,0
BRDA:33,1,1,0
BRDA:50,2,0,0
BRDA:68,3,0,0
BRDA:68,4,0,0
BRDA:68,4,1,0
BRDA:68,4,2,0
BRDA:73,5,0,0
BRDA:111,6,0,0
BRDA:147,7,0,0
BRDA:147,7,1,0
BRDA:147,8,0,0
BRDA:147,8,1,0
BRDA:149,9,0,0
BRDA:149,9,1,0
BRDA:150,10,0,0
BRDA:150,10,1,0
BRDA:151,11,0,0
BRDA:151,11,1,0
BRDA:172,12,0,0
BRDA:204,13,0,0
BRDA:204,13,1,0
BRDA:209,14,0,0
BRDA:216,15,0,0
BRDA:216,15,1,0
BRDA:229,16,0,0
BRDA:229,16,1,0
BRDA:229,16,2,0
BRDA:242,17,0,0
BRDA:242,17,1,0
BRDA:242,17,2,0
BRF:33
BRH:0
end_of_record
TN:
SF:src\app\fund-us\[id]\page.tsx
FN:15,FundingPage
FN:24,(anonymous_3)
FN:48,(anonymous_4)
FN:52,(anonymous_5)
FN:57,(anonymous_6)
FN:59,(anonymous_7)
FN:60,(anonymous_8)
FN:113,(anonymous_9)
FNF:8
FNH:0
FNDA:0,FundingPage
FNDA:0,(anonymous_3)
FNDA:0,(anonymous_4)
FNDA:0,(anonymous_5)
FNDA:0,(anonymous_6)
FNDA:0,(anonymous_7)
FNDA:0,(anonymous_8)
FNDA:0,(anonymous_9)
DA:3,0
DA:4,0
DA:5,0
DA:6,0
DA:7,0
DA:8,0
DA:9,0
DA:10,0
DA:11,0
DA:12,0
DA:13,0
DA:15,0
DA:16,0
DA:17,0
DA:18,0
DA:19,0
DA:20,0
DA:21,0
DA:22,0
DA:24,0
DA:25,0
DA:27,0
DA:28,0
DA:32,0
DA:38,0
DA:39,0
DA:41,0
DA:42,0
DA:44,0
DA:48,0
DA:49,0
DA:52,0
DA:53,0
DA:54,0
DA:57,0
DA:58,0
DA:59,0
DA:60,0
DA:61,0
DA:65,0
DA:74,0
DA:82,0
DA:90,0
DA:113,0
LF:44
LH:0
BRDA:25,0,0,0
BRDA:38,1,0,0
BRDA:65,2,0,0
BRDA:74,3,0,0
BRDA:82,4,0,0
BRDA:103,5,0,0
BRDA:103,5,1,0
BRDA:107,6,0,0
BRDA:107,6,1,0
BRDA:109,7,0,0
BRF:10
BRH:0
end_of_record
TN:
SF:src\app\fund-us\[id]\edit\page.tsx
FN:13,EditFundingPage
FN:20,(anonymous_3)
FN:42,(anonymous_4)
FN:48,(anonymous_5)
FN:102,(anonymous_6)
FN:109,(anonymous_7)
FN:116,(anonymous_8)
FN:124,(anonymous_9)
FN:135,(anonymous_10)
FNF:9
FNH:0
FNDA:0,EditFundingPage
FNDA:0,(anonymous_3)
FNDA:0,(anonymous_4)
FNDA:0,(anonymous_5)
FNDA:0,(anonymous_6)
FNDA:0,(anonymous_7)
FNDA:0,(anonymous_8)
FNDA:0,(anonymous_9)
FNDA:0,(anonymous_10)
DA:3,0
DA:4,0
DA:5,0
DA:6,0
DA:7,0
DA:8,0
DA:9,0
DA:10,0
DA:11,0
DA:13,0
DA:14,0
DA:15,0
DA:16,0
DA:17,0
DA:18,0
DA:20,0
DA:21,0
DA:22,0
DA:26,0
DA:32,0
DA:33,0
DA:35,0
DA:36,0
DA:38,0
DA:42,0
DA:43,0
DA:44,0
DA:48,0
DA:49,0
DA:50,0
DA:52,0
DA:53,0
DA:66,0
DA:67,0
DA:68,0
DA:70,0
DA:71,0
DA:73,0
DA:77,0
DA:85,0
DA:102,0
DA:109,0
DA:116,0
DA:124,0
DA:135,0
LF:45
LH:0
BRDA:32,0,0,0
BRDA:43,1,0,0
BRDA:66,2,0,0
BRDA:77,3,0,0
BRDA:85,4,0,0
BRDA:140,5,0,0
BRDA:140,5,1,0
BRF:7
BRH:0
end_of_record
TN:
SF:src\app\fund-yourself\page.tsx
FN:15,FundYourselfPage
FN:22,(anonymous_3)
FN:28,(anonymous_4)
FN:45,(anonymous_5)
FN:165,(anonymous_6)
FN:189,(anonymous_7)
FN:196,(anonymous_8)
FN:214,(anonymous_9)
FN:226,(anonymous_10)
FNF:9
FNH:0
FNDA:0,FundYourselfPage
FNDA:0,(anonymous_3)
FNDA:0,(anonymous_4)
FNDA:0,(anonymous_5)
FNDA:0,(anonymous_6)
FNDA:0,(anonymous_7)
FNDA:0,(anonymous_8)
FNDA:0,(anonymous_9)
FNDA:0,(anonymous_10)
DA:3,0
DA:4,0
DA:5,0
DA:6,0
DA:7,0
DA:8,0
DA:9,0
DA:10,0
DA:11,0
DA:12,0
DA:13,0
DA:15,0
DA:16,0
DA:17,0
DA:18,0
DA:19,0
DA:20,0
DA:22,0
DA:23,0
DA:24,0
DA:25,0
DA:28,0
DA:29,0
DA:30,0
DA:31,0
DA:32,0
DA:34,0
DA:35,0
DA:36,0
DA:38,0
DA:42,0
DA:45,0
DA:46,0
DA:49,0
DA:50,0
DA:53,0
DA:166,0
DA:189,0
DA:196,0
DA:215,0
DA:226,0
LF:41
LH:0
BRDA:23,0,0,0
BRDA:31,1,0,0
BRDA:32,2,0,0
BRDA:32,2,1,0
BRDA:49,3,0,0
BRDA:53,4,0,0
BRDA:146,5,0,0
BRDA:153,6,0,0
BRDA:176,7,0,0
BRDA:176,7,1,0
BRDA:182,8,0,0
BRDA:182,8,1,0
BRF:12
BRH:0
end_of_record
TN:
SF:src\app\fundraising\page.tsx
FN:24,FundraisingPage
FN:89,(anonymous_3)
FN:97,(anonymous_4)
FN:113,(anonymous_5)
FN:127,(anonymous_6)
FN:131,(anonymous_7)
FN:149,(anonymous_8)
FNF:7
FNH:0
FNDA:0,FundraisingPage
FNDA:0,(anonymous_3)
FNDA:0,(anonymous_4)
FNDA:0,(anonymous_5)
FNDA:0,(anonymous_6)
FNDA:0,(anonymous_7)
FNDA:0,(anonymous_8)
DA:4,0
DA:5,0
DA:6,0
DA:7,0
DA:8,0
DA:22,0
DA:24,0
DA:25,0
DA:26,0
DA:28,0
DA:61,0
DA:80,0
DA:89,0
DA:90,0
DA:91,0
DA:93,0
DA:97,0
DA:98,0
DA:114,0
DA:128,0
DA:132,0
DA:150,0
LF:22
LH:0
BRDA:90,0,0,0
BRDA:90,0,1,0
BRF:2
BRH:0
end_of_record
TN:
SF:src\app\organizations\page.tsx
FN:28,OrganizationsPage
FN:93,(anonymous_3)
FN:101,(anonymous_4)
FN:137,(anonymous_5)
FN:151,(anonymous_6)
FN:155,(anonymous_7)
FN:173,(anonymous_8)
FN:251,(anonymous_9)
FNF:8
FNH:0
FNDA:0,OrganizationsPage
FNDA:0,(anonymous_3)
FNDA:0,(anonymous_4)
FNDA:0,(anonymous_5)
FNDA:0,(anonymous_6)
FNDA:0,(anonymous_7)
FNDA:0,(anonymous_8)
FNDA:0,(anonymous_9)
DA:4,0
DA:5,0
DA:6,0
DA:7,0
DA:8,0
DA:26,0
DA:28,0
DA:29,0
DA:30,0
DA:32,0
DA:65,0
DA:84,0
DA:93,0
DA:94,0
DA:95,0
DA:97,0
DA:101,0
DA:102,0
DA:138,0
DA:152,0
DA:156,0
DA:174,0
DA:251,0
LF:23
LH:0
BRDA:94,0,0,0
BRDA:94,0,1,0
BRF:2
BRH:0
end_of_record
TN:
SF:src\app\people\page.tsx
FN:28,PeoplePage
FN:93,(anonymous_3)
FN:101,(anonymous_4)
FN:137,(anonymous_5)
FN:151,(anonymous_6)
FN:155,(anonymous_7)
FN:173,(anonymous_8)
FN:251,(anonymous_9)
FNF:8
FNH:0
FNDA:0,PeoplePage
FNDA:0,(anonymous_3)
FNDA:0,(anonymous_4)
FNDA:0,(anonymous_5)
FNDA:0,(anonymous_6)
FNDA:0,(anonymous_7)
FNDA:0,(anonymous_8)
FNDA:0,(anonymous_9)
DA:4,0
DA:5,0
DA:6,0
DA:7,0
DA:8,0
DA:26,0
DA:28,0
DA:29,0
DA:30,0
DA:32,0
DA:65,0
DA:84,0
DA:93,0
DA:94,0
DA:95,0
DA:97,0
DA:101,0
DA:102,0
DA:138,0
DA:152,0
DA:156,0
DA:174,0
DA:251,0
LF:23
LH:0
BRDA:94,0,0,0
BRDA:94,0,1,0
BRF:2
BRH:0
end_of_record
TN:
SF:src\app\profile\layout.tsx
FN:8,ProfileLayout
FN:16,(anonymous_3)
FNF:2
FNH:0
FNDA:0,ProfileLayout
FNDA:0,(anonymous_3)
DA:3,0
DA:4,0
DA:5,0
DA:6,0
DA:8,0
DA:13,0
DA:14,0
DA:16,0
DA:17,0
DA:18,0
DA:22,0
DA:26,0
DA:27,0
LF:13
LH:0
BRDA:17,0,0,0
BRDA:17,1,0,0
BRDA:17,1,1,0
BRDA:22,2,0,0
BRDA:26,3,0,0
BRF:5
BRH:0
end_of_record
TN:
SF:src\app\profile\setup\page.tsx
FN:89,ProfileSetupPage
FN:103,(anonymous_3)
FN:123,(anonymous_4)
FN:123,(anonymous_5)
FN:124,(anonymous_6)
FN:127,(anonymous_7)
FN:129,(anonymous_8)
FN:133,(anonymous_9)
FN:135,(anonymous_10)
FN:139,(anonymous_11)
FN:156,(anonymous_12)
FN:186,(anonymous_13)
FN:250,(anonymous_14)
FN:402,(anonymous_15)
FN:415,(anonymous_16)
FN:428,(anonymous_17)
FNF:16
FNH:0
FNDA:0,ProfileSetupPage
FNDA:0,(anonymous_3)
FNDA:0,(anonymous_4)
FNDA:0,(anonymous_5)
FNDA:0,(anonymous_6)
FNDA:0,(anonymous_7)
FNDA:0,(anonymous_8)
FNDA:0,(anonymous_9)
FNDA:0,(anonymous_10)
FNDA:0,(anonymous_11)
FNDA:0,(anonymous_12)
FNDA:0,(anonymous_13)
FNDA:0,(anonymous_14)
FNDA:0,(anonymous_15)
FNDA:0,(anonymous_16)
FNDA:0,(anonymous_17)
DA:3,0
DA:4,0
DA:5,0
DA:6,0
DA:7,0
DA:8,0
DA:9,0
DA:10,0
DA:11,0
DA:12,0
DA:23,0
DA:50,0
DA:89,0
DA:90,0
DA:91,0
DA:92,0
DA:93,0
DA:94,0
DA:103,0
DA:104,0
DA:105,0
DA:110,0
DA:119,0
DA:120,0
DA:123,0
DA:124,0
DA:127,0
DA:128,0
DA:129,0
DA:133,0
DA:134,0
DA:135,0
DA:139,0
DA:140,0
DA:141,0
DA:143,0
DA:144,0
DA:156,0
DA:158,0
DA:159,0
DA:162,0
DA:169,0
DA:171,0
DA:172,0
DA:173,0
DA:176,0
DA:177,0
DA:178,0
DA:183,0
DA:185,0
DA:186,0
DA:187,0
DA:190,0
DA:191,0
DA:193,0
DA:197,0
DA:198,0
DA:199,0
DA:250,0
DA:403,0
DA:416,0
DA:429,0
LF:62
LH:0
BRDA:104,0,0,0
BRDA:104,1,0,0
BRDA:104,1,1,0
BRDA:110,2,0,0
BRDA:119,3,0,0
BRDA:128,4,0,0
BRDA:134,5,0,0
BRDA:145,6,0,0
BRDA:145,6,1,0
BRDA:146,7,0,0
BRDA:146,7,1,0
BRDA:147,8,0,0
BRDA:147,8,1,0
BRDA:148,9,0,0
BRDA:148,9,1,0
BRDA:149,10,0,0
BRDA:149,10,1,0
BRDA:150,11,0,0
BRDA:150,11,1,0
BRDA:171,12,0,0
BRDA:176,13,0,0
BRDA:191,14,0,0
BRDA:191,14,1,0
BRDA:250,15,0,0
BRDA:250,15,1,0
BRDA:252,16,0,0
BRDA:272,17,0,0
BRDA:293,18,0,0
BRDA:304,19,0,0
BRDA:339,20,0,0
BRDA:339,20,1,0
BRDA:355,21,0,0
BRDA:361,22,0,0
BRDA:431,23,0,0
BRDA:431,23,1,0
BRDA:433,24,0,0
BRDA:433,24,1,0
BRDA:438,25,0,0
BRDA:444,26,0,0
BRDA:444,26,1,0
BRF:40
BRH:0
end_of_record
TN:
SF:src\app\projects\page.tsx
FN:28,ProjectsPage
FN:93,(anonymous_3)
FN:101,(anonymous_4)
FN:137,(anonymous_5)
FN:151,(anonymous_6)
FN:155,(anonymous_7)
FN:173,(anonymous_8)
FN:251,(anonymous_9)
FNF:8
FNH:0
FNDA:0,ProjectsPage
FNDA:0,(anonymous_3)
FNDA:0,(anonymous_4)
FNDA:0,(anonymous_5)
FNDA:0,(anonymous_6)
FNDA:0,(anonymous_7)
FNDA:0,(anonymous_8)
FNDA:0,(anonymous_9)
DA:4,0
DA:5,0
DA:6,0
DA:7,0
DA:8,0
DA:26,0
DA:28,0
DA:29,0
DA:30,0
DA:32,0
DA:65,0
DA:84,0
DA:93,0
DA:94,0
DA:95,0
DA:97,0
DA:101,0
DA:102,0
DA:138,0
DA:152,0
DA:156,0
DA:174,0
DA:251,0
LF:23
LH:0
BRDA:94,0,0,0
BRDA:94,0,1,0
BRF:2
BRH:0
end_of_record
TN:
SF:src\app\settings\layout.tsx
FN:8,SettingsLayout
FN:16,(anonymous_3)
FNF:2
FNH:0
FNDA:0,SettingsLayout
FNDA:0,(anonymous_3)
DA:3,0
DA:4,0
DA:5,0
DA:6,0
DA:8,0
DA:13,0
DA:14,0
DA:16,0
DA:17,0
DA:18,0
DA:22,0
DA:26,0
DA:27,0
LF:13
LH:0
BRDA:17,0,0,0
BRDA:17,1,0,0
BRDA:17,1,1,0
BRDA:22,2,0,0
BRDA:26,3,0,0
BRF:5
BRH:0
end_of_record
TN:
SF:src\app\study-bitcoin\page.tsx
FN:148,StudyBitcoinPage
FN:153,(anonymous_3)
FN:155,(anonymous_4)
FN:156,(anonymous_5)
FN:187,(anonymous_6)
FN:234,(anonymous_7)
FN:237,(anonymous_8)
FN:251,(anonymous_9)
FN:325,(anonymous_10)
FN:393,(anonymous_11)
FNF:10
FNH:0
FNDA:0,StudyBitcoinPage
FNDA:0,(anonymous_3)
FNDA:0,(anonymous_4)
FNDA:0,(anonymous_5)
FNDA:0,(anonymous_6)
FNDA:0,(anonymous_7)
FNDA:0,(anonymous_8)
FNDA:0,(anonymous_9)
FNDA:0,(anonymous_10)
FNDA:0,(anonymous_11)
DA:3,0
DA:4,0
DA:24,0
DA:25,0
DA:26,0
DA:27,0
DA:54,0
DA:109,0
DA:148,0
DA:149,0
DA:151,0
DA:153,0
DA:155,0
DA:156,0
DA:188,0
DA:189,0
DA:235,0
DA:237,0
DA:252,0
DA:253,0
DA:326,0
DA:327,0
DA:394,0
DA:395,0
LF:24
LH:0
BRDA:151,0,0,0
BRDA:151,0,1,0
BRDA:206,1,0,0
BRDA:206,1,1,0
BRDA:210,2,0,0
BRDA:239,3,0,0
BRDA:239,3,1,0
BRDA:264,4,0,0
BRDA:264,4,1,0
BRDA:265,5,0,0
BRDA:265,5,1,0
BRDA:270,6,0,0
BRDA:297,7,0,0
BRDA:297,7,1,0
BRDA:299,8,0,0
BRDA:299,8,1,0
BRDA:303,9,0,0
BRDA:303,9,1,0
BRDA:305,10,0,0
BRDA:305,10,1,0
BRDA:306,11,0,0
BRDA:344,12,0,0
BRDA:344,12,1,0
BRDA:346,13,0,0
BRDA:346,13,1,0
BRDA:348,14,0,0
BRF:26
BRH:0
end_of_record
TN:
SF:src\components\AuthProvider.tsx
FN:16,AuthProvider
FN:17,(anonymous_3)
FN:18,(anonymous_4)
FN:30,(anonymous_5)
FNF:4
FNH:0
FNDA:0,AuthProvider
FNDA:0,(anonymous_3)
FNDA:0,(anonymous_4)
FNDA:0,(anonymous_5)
DA:3,0
DA:4,0
DA:5,0
DA:16,0
DA:17,0
DA:18,0
DA:20,0
DA:22,0
DA:23,0
DA:30,0
DA:33,0
DA:34,0
DA:35,0
DA:41,0
DA:42,0
DA:48,0
DA:49,0
DA:50,0
DA:56,0
DA:57,0
LF:20
LH:0
BRDA:22,0,0,0
BRDA:33,1,0,0
BRDA:34,2,0,0
BRDA:48,3,0,0
BRDA:49,4,0,0
BRDA:56,5,0,0
BRF:6
BRH:0
end_of_record
TN:
SF:src\components\AuthRecovery.tsx
FN:17,AuthRecovery
FN:27,(anonymous_3)
FN:39,(anonymous_4)
FN:54,(anonymous_5)
FN:67,(anonymous_6)
FN:96,(anonymous_7)
FN:131,(anonymous_8)
FN:230,(anonymous_9)
FNF:8
FNH:0
FNDA:0,AuthRecovery
FNDA:0,(anonymous_3)
FNDA:0,(anonymous_4)
FNDA:0,(anonymous_5)
FNDA:0,(anonymous_6)
FNDA:0,(anonymous_7)
FNDA:0,(anonymous_8)
FNDA:0,(anonymous_9)
DA:3,0
DA:4,0
DA:5,0
DA:6,0
DA:8,0
DA:17,0
DA:18,0
DA:19,0
DA:20,0
DA:22,0
DA:23,0
DA:24,0
DA:25,0
DA:27,0
DA:28,0
DA:29,0
DA:30,0
DA:32,0
DA:34,0
DA:35,0
DA:36,0
DA:39,0
DA:40,0
DA:41,0
DA:42,0
DA:43,0
DA:44,0
DA:49,0
DA:51,0
DA:52,0
DA:54,0
DA:55,0
DA:56,0
DA:60,0
DA:61,0
DA:63,0
DA:67,0
DA:68,0
DA:69,0
DA:70,0
DA:73,0
DA:74,0
DA:75,0
DA:77,0
DA:78,0
DA:82,0
DA:83,0
DA:85,0
DA:86,0
DA:89,0
DA:90,0
DA:92,0
DA:96,0
DA:97,0
DA:98,0
DA:106,0
DA:107,0
DA:114,0
DA:115,0
DA:123,0
DA:131,0
DA:132,0
DA:157,0
DA:231,0
LF:64
LH:0
BRDA:22,0,0,0
BRDA:22,0,1,0
BRDA:23,1,0,0
BRDA:23,1,1,0
BRDA:24,2,0,0
BRDA:24,2,1,0
BRDA:25,3,0,0
BRDA:25,3,1,0
BRDA:34,4,0,0
BRDA:41,5,0,0
BRDA:41,5,1,0
BRDA:68,6,0,0
BRDA:82,7,0,0
BRDA:82,7,1,0
BRDA:97,8,0,0
BRDA:106,9,0,0
BRDA:114,10,0,0
BRDA:114,11,0,0
BRDA:114,11,1,0
BRDA:132,12,0,0
BRDA:139,13,0,0
BRDA:139,13,1,0
BRDA:157,14,0,0
BRDA:157,15,0,0
BRDA:157,15,1,0
BRDA:210,16,0,0
BRDA:212,17,0,0
BRDA:212,17,1,0
BRDA:218,18,0,0
BRDA:220,19,0,0
BRDA:220,19,1,0
BRF:31
BRH:0
end_of_record
TN:
SF:src\components\ClientErrorBoundary.tsx
FN:5,ClientErrorBoundary
FNF:1
FNH:0
FNDA:0,ClientErrorBoundary
DA:3,0
DA:5,0
LF:2
LH:0
BRF:0
BRH:0
end_of_record
TN:
SF:src\components\ErrorBoundary.tsx
FN:15,(anonymous_2)
FN:20,(anonymous_3)
FN:24,(anonymous_4)
FN:28,(anonymous_5)
FN:43,(anonymous_6)
FNF:5
FNH:0
FNDA:0,(anonymous_2)
FNDA:0,(anonymous_3)
FNDA:0,(anonymous_4)
FNDA:0,(anonymous_5)
FNDA:0,(anonymous_6)
DA:3,0
DA:14,0
DA:16,0
DA:17,0
DA:21,0
DA:25,0
DA:29,0
DA:43,0
DA:54,0
LF:9
LH:0
BRDA:29,0,0,0
BRF:1
BRH:0
end_of_record
TN:
SF:src\components\Loading.tsx
FN:15,Loading
FN:61,GlobalAuthErrorBanner
FN:64,(anonymous_9)
FN:77,(anonymous_10)
FN:91,GlobalAuthLoader
FNF:5
FNH:0
FNDA:0,Loading
FNDA:0,GlobalAuthErrorBanner
FNDA:0,(anonymous_9)
FNDA:0,(anonymous_10)
FNDA:0,GlobalAuthLoader
DA:2,0
DA:3,0
DA:4,0
DA:15,0
DA:23,0
DA:30,0
DA:35,0
DA:46,0
DA:61,0
DA:62,0
DA:64,0
DA:65,0
DA:66,0
DA:70,0
DA:78,0
DA:91,0
DA:92,0
DA:94,0
LF:18
LH:0
BRDA:16,0,0,0
BRDA:17,1,0,0
BRDA:18,2,0,0
BRDA:19,3,0,0
BRDA:20,4,0,0
BRDA:30,5,0,0
BRDA:30,5,1,0
BRDA:35,6,0,0
BRDA:35,6,1,0
BRDA:42,7,0,0
BRDA:46,8,0,0
BRDA:65,9,0,0
BRDA:70,10,0,0
BRDA:94,11,0,0
BRDA:94,12,0,0
BRDA:94,12,1,0
BRF:16
BRH:0
end_of_record
TN:
SF:src\components\auth\AuthProvider.tsx
FN:17,AuthProvider
FN:18,(anonymous_3)
FN:19,(anonymous_4)
FN:20,(anonymous_5)
FN:21,(anonymous_6)
FN:24,(anonymous_7)
FN:29,(anonymous_8)
FN:32,checkSession
FN:54,(anonymous_10)
FNF:9
FNH:0
FNDA:0,AuthProvider
FNDA:0,(anonymous_3)
FNDA:0,(anonymous_4)
FNDA:0,(anonymous_5)
FNDA:0,(anonymous_6)
FNDA:0,(anonymous_7)
FNDA:0,(anonymous_8)
FNDA:0,checkSession
FNDA:0,(anonymous_10)
DA:3,0
DA:4,0
DA:5,0
DA:8,0
DA:17,0
DA:18,0
DA:19,0
DA:20,0
DA:21,0
DA:24,0
DA:25,0
DA:29,0
DA:30,0
DA:31,0
DA:33,0
DA:35,0
DA:36,0
DA:37,0
DA:38,0
DA:40,0
DA:41,0
DA:43,0
DA:46,0
DA:47,0
DA:49,0
DA:50,0
DA:53,0
DA:54,0
LF:28
LH:0
BRDA:30,0,0,0
BRDA:36,1,0,0
BRDA:36,1,1,0
BRDA:36,2,0,0
BRDA:36,2,1,0
BRDA:37,3,0,0
BRDA:46,4,0,0
BRF:7
BRH:0
end_of_record
TN:
SF:src\components\auth\RoleManagement.tsx
FN:13,RoleManagement
FN:23,(anonymous_3)
FNF:2
FNH:0
FNDA:0,RoleManagement
FNDA:0,(anonymous_3)
DA:3,0
DA:4,0
DA:5,0
DA:6,0
DA:13,0
DA:14,0
DA:15,0
DA:19,0
DA:23,0
DA:24,0
DA:25,0
DA:26,0
DA:27,0
DA:31,0
DA:32,0
DA:35,0
DA:36,0
LF:17
LH:0
BRDA:13,0,0,0
BRDA:19,1,0,0
BRDA:19,1,1,0
BRDA:19,1,2,0
BRDA:24,2,0,0
BRDA:24,2,1,0
BRDA:24,3,0,0
BRDA:24,3,1,0
BRDA:26,4,0,0
BRDA:26,5,0,0
BRDA:26,5,1,0
BRDA:26,5,2,0
BRDA:31,6,0,0
BRDA:35,7,0,0
BRDA:35,8,0,0
BRDA:35,8,1,0
BRDA:35,8,2,0
BRF:17
BRH:0
end_of_record
TN:
SF:src\components\blog\BlogClientWrapper.tsx
FN:17,BlogClientWrapper
FN:22,(anonymous_3)
FN:28,(anonymous_4)
FN:29,(anonymous_5)
FN:29,(anonymous_6)
FN:30,(anonymous_7)
FN:38,(anonymous_8)
FN:45,(anonymous_9)
FN:51,(anonymous_10)
FN:60,(anonymous_11)
FN:63,(anonymous_12)
FN:74,(anonymous_13)
FN:79,(anonymous_14)
FN:80,(anonymous_15)
FN:90,(anonymous_16)
FN:97,(anonymous_17)
FN:100,(anonymous_18)
FN:110,(anonymous_19)
FN:183,(anonymous_20)
FN:192,(anonymous_21)
FN:195,(anonymous_22)
FN:216,(anonymous_23)
FN:219,(anonymous_24)
FN:246,(anonymous_25)
FN:253,(anonymous_26)
FN:268,(anonymous_27)
FN:283,(anonymous_28)
FN:313,(anonymous_29)
FNF:28
FNH:0
FNDA:0,BlogClientWrapper
FNDA:0,(anonymous_3)
FNDA:0,(anonymous_4)
FNDA:0,(anonymous_5)
FNDA:0,(anonymous_6)
FNDA:0,(anonymous_7)
FNDA:0,(anonymous_8)
FNDA:0,(anonymous_9)
FNDA:0,(anonymous_10)
FNDA:0,(anonymous_11)
FNDA:0,(anonymous_12)
FNDA:0,(anonymous_13)
FNDA:0,(anonymous_14)
FNDA:0,(anonymous_15)
FNDA:0,(anonymous_16)
FNDA:0,(anonymous_17)
FNDA:0,(anonymous_18)
FNDA:0,(anonymous_19)
FNDA:0,(anonymous_20)
FNDA:0,(anonymous_21)
FNDA:0,(anonymous_22)
FNDA:0,(anonymous_23)
FNDA:0,(anonymous_24)
FNDA:0,(anonymous_25)
FNDA:0,(anonymous_26)
FNDA:0,(anonymous_27)
FNDA:0,(anonymous_28)
FNDA:0,(anonymous_29)
DA:3,0
DA:4,0
DA:5,0
DA:6,0
DA:17,0
DA:18,0
DA:19,0
DA:22,0
DA:23,0
DA:24,0
DA:25,0
DA:28,0
DA:29,0
DA:30,0
DA:32,0
DA:37,0
DA:38,0
DA:39,0
DA:43,0
DA:44,0
DA:45,0
DA:46,0
DA:47,0
DA:51,0
DA:52,0
DA:53,0
DA:55,0
DA:56,0
DA:60,0
DA:61,0
DA:62,0
DA:63,0
DA:64,0
DA:65,0
DA:67,0
DA:70,0
DA:74,0
DA:75,0
DA:78,0
DA:79,0
DA:80,0
DA:85,0
DA:86,0
DA:88,0
DA:90,0
DA:91,0
DA:93,0
DA:95,0
DA:96,0
DA:97,0
DA:98,0
DA:100,0
DA:101,0
DA:102,0
DA:105,0
DA:108,0
DA:109,0
DA:110,0
DA:111,0
DA:112,0
DA:119,0
DA:124,0
DA:129,0
DA:183,0
DA:193,0
DA:195,0
DA:217,0
DA:219,0
DA:246,0
DA:254,0
DA:255,0
DA:269,0
DA:284,0
DA:314,0
DA:315,0
LF:75
LH:0
BRDA:37,0,0,0
BRDA:46,1,0,0
BRDA:46,2,0,0
BRDA:46,2,1,0
BRDA:53,3,0,0
BRDA:53,3,1,0
BRDA:55,4,0,0
BRDA:65,5,0,0
BRDA:65,5,1,0
BRDA:78,6,0,0
BRDA:85,7,0,0
BRDA:88,8,0,0
BRDA:88,8,1,0
BRDA:88,8,2,0
BRDA:88,8,3,0
BRDA:102,9,0,0
BRDA:102,9,1,0
BRDA:108,10,0,0
BRDA:112,11,0,0
BRDA:112,11,1,0
BRDA:124,12,0,0
BRDA:124,12,1,0
BRDA:124,13,0,0
BRDA:124,13,1,0
BRDA:134,14,0,0
BRDA:134,14,1,0
BRDA:155,15,0,0
BRDA:175,16,0,0
BRDA:185,17,0,0
BRDA:185,17,1,0
BRDA:197,18,0,0
BRDA:197,18,1,0
BRDA:221,19,0,0
BRDA:221,19,1,0
BRDA:234,20,0,0
BRDA:234,20,1,0
BRDA:239,21,0,0
BRDA:244,22,0,0
BRDA:250,23,0,0
BRDA:250,23,1,0
BRDA:267,24,0,0
BRDA:293,25,0,0
BRDA:307,26,0,0
BRDA:307,26,1,0
BRDA:307,27,0,0
BRDA:307,27,1,0
BRDA:311,28,0,0
BRDA:311,28,1,0
BRF:48
BRH:0
end_of_record
TN:
SF:src\components\dashboard\ActivityFeed.tsx
FN:11,ActivityFeed
FN:18,(anonymous_2)
FNF:2
FNH:0
FNDA:0,ActivityFeed
FNDA:0,(anonymous_2)
DA:3,0
DA:11,0
DA:19,0
DA:20,0
LF:4
LH:0
BRF:0
BRH:0
end_of_record
TN:
SF:src\components\dashboard\AssetCard.tsx
FN:14,AssetCard
FN:17,(anonymous_3)
FN:82,(anonymous_4)
FNF:3
FNH:0
FNDA:0,AssetCard
FNDA:0,(anonymous_3)
FNDA:0,(anonymous_4)
DA:3,0
DA:4,0
DA:5,0
DA:6,0
DA:7,0
DA:14,0
DA:15,0
DA:17,0
DA:18,0
DA:82,0
LF:10
LH:0
BRDA:38,0,0,0
BRDA:38,0,1,0
BRF:2
BRH:0
end_of_record
TN:
SF:src\components\dashboard\CampaignCard.tsx
FN:14,CampaignCard
FN:17,(anonymous_3)
FN:98,(anonymous_4)
FNF:3
FNH:0
FNDA:0,CampaignCard
FNDA:0,(anonymous_3)
FNDA:0,(anonymous_4)
DA:3,0
DA:4,0
DA:5,0
DA:6,0
DA:7,0
DA:14,0
DA:15,0
DA:17,0
DA:18,0
DA:98,0
LF:10
LH:0
BRDA:38,0,0,0
BRDA:38,0,1,0
BRDA:40,1,0,0
BRDA:40,1,1,0
BRDA:63,2,0,0
BRDA:63,2,1,0
BRF:6
BRH:0
end_of_record
TN:
SF:src\components\dashboard\CampaignDashboard.tsx
FN:26,CampaignDashboard
FN:51,(anonymous_3)
FN:60,(anonymous_4)
FN:66,(anonymous_5)
FN:73,(anonymous_6)
FN:78,(anonymous_7)
FN:87,(anonymous_8)
FN:97,(anonymous_9)
FN:107,(anonymous_10)
FN:112,(anonymous_11)
FN:198,(anonymous_12)
FN:245,(anonymous_13)
FN:265,(anonymous_14)
FN:273,(anonymous_15)
FN:307,(anonymous_16)
FN:323,(anonymous_17)
FN:328,(anonymous_18)
FNF:17
FNH:0
FNDA:0,CampaignDashboard
FNDA:0,(anonymous_3)
FNDA:0,(anonymous_4)
FNDA:0,(anonymous_5)
FNDA:0,(anonymous_6)
FNDA:0,(anonymous_7)
FNDA:0,(anonymous_8)
FNDA:0,(anonymous_9)
FNDA:0,(anonymous_10)
FNDA:0,(anonymous_11)
FNDA:0,(anonymous_12)
FNDA:0,(anonymous_13)
FNDA:0,(anonymous_14)
FNDA:0,(anonymous_15)
FNDA:0,(anonymous_16)
FNDA:0,(anonymous_17)
FNDA:0,(anonymous_18)
DA:3,0
DA:4,0
DA:5,0
DA:7,0
DA:8,0
DA:9,0
DA:10,0
DA:18,0
DA:19,0
DA:20,0
DA:26,0
DA:27,0
DA:28,0
DA:39,0
DA:41,0
DA:44,0
DA:45,0
DA:47,0
DA:52,0
DA:60,0
DA:61,0
DA:62,0
DA:63,0
DA:66,0
DA:67,0
DA:68,0
DA:70,0
DA:73,0
DA:74,0
DA:75,0
DA:78,0
DA:79,0
DA:85,0
DA:87,0
DA:88,0
DA:89,0
DA:90,0
DA:91,0
DA:93,0
DA:97,0
DA:98,0
DA:99,0
DA:100,0
DA:101,0
DA:103,0
DA:107,0
DA:108,0
DA:109,0
DA:112,0
DA:113,0
DA:114,0
DA:199,0
DA:246,0
DA:265,0
DA:273,0
DA:308,0
DA:323,0
DA:328,0
LF:58
LH:0
BRDA:26,0,0,0
BRDA:47,1,0,0
BRDA:67,2,0,0
BRDA:74,3,0,0
BRDA:75,4,0,0
BRDA:75,4,1,0
BRDA:85,5,0,0
BRDA:85,5,1,0
BRDA:88,6,0,0
BRDA:98,7,0,0
BRDA:185,8,0,0
BRDA:202,9,0,0
BRDA:202,9,1,0
BRDA:211,10,0,0
BRDA:211,10,1,0
BRDA:215,11,0,0
BRDA:215,11,1,0
BRDA:224,12,0,0
BRDA:224,12,1,0
BRDA:226,13,0,0
BRDA:226,13,1,0
BRDA:237,14,0,0
BRDA:251,15,0,0
BRDA:251,15,1,0
BRDA:251,16,0,0
BRDA:251,16,1,0
BRDA:257,17,0,0
BRDA:257,17,1,0
BRDA:258,18,0,0
BRDA:258,18,1,0
BRDA:299,19,0,0
BRDA:315,20,0,0
BRDA:315,20,1,0
BRDA:341,21,0,0
BRDA:359,22,0,0
BRF:35
BRH:0
end_of_record
TN:
SF:src\components\dashboard\CampaignDetailsModal.tsx
FN:13,CampaignDetailsModal
FNF:1
FNH:0
FNDA:0,CampaignDetailsModal
DA:3,0
DA:5,0
DA:13,0
DA:14,0
LF:4
LH:0
BRDA:14,0,0,0
BRDA:14,1,0,0
BRDA:14,1,1,0
BRF:3
BRH:0
end_of_record
TN:
SF:src\components\dashboard\CampaignManagement.tsx
FN:32,CampaignManagement
FN:48,(anonymous_3)
FN:55,(anonymous_4)
FN:57,(anonymous_5)
FN:63,(anonymous_6)
FN:70,(anonymous_7)
FN:82,(anonymous_8)
FN:94,(anonymous_9)
FN:100,(anonymous_10)
FN:104,(anonymous_11)
FN:209,(anonymous_12)
FN:354,(anonymous_13)
FN:370,(anonymous_14)
FNF:13
FNH:0
FNDA:0,CampaignManagement
FNDA:0,(anonymous_3)
FNDA:0,(anonymous_4)
FNDA:0,(anonymous_5)
FNDA:0,(anonymous_6)
FNDA:0,(anonymous_7)
FNDA:0,(anonymous_8)
FNDA:0,(anonymous_9)
FNDA:0,(anonymous_10)
FNDA:0,(anonymous_11)
FNDA:0,(anonymous_12)
FNDA:0,(anonymous_13)
FNDA:0,(anonymous_14)
DA:3,0
DA:4,0
DA:5,0
DA:6,0
DA:7,0
DA:8,0
DA:24,0
DA:25,0
DA:32,0
DA:33,0
DA:34,0
DA:35,0
DA:36,0
DA:37,0
DA:39,0
DA:48,0
DA:49,0
DA:50,0
DA:52,0
DA:55,0
DA:56,0
DA:57,0
DA:63,0
DA:64,0
DA:66,0
DA:67,0
DA:68,0
DA:70,0
DA:73,0
DA:74,0
DA:76,0
DA:78,0
DA:82,0
DA:83,0
DA:85,0
DA:86,0
DA:87,0
DA:88,0
DA:90,0
DA:94,0
DA:95,0
DA:96,0
DA:97,0
DA:100,0
DA:101,0
DA:104,0
DA:105,0
DA:106,0
DA:209,0
DA:354,0
DA:370,0
LF:51
LH:0
BRDA:40,0,0,0
BRDA:40,0,1,0
BRDA:41,1,0,0
BRDA:41,1,1,0
BRDA:42,2,0,0
BRDA:42,2,1,0
BRDA:43,3,0,0
BRDA:43,3,1,0
BRDA:44,4,0,0
BRDA:44,4,1,0
BRDA:45,5,0,0
BRDA:45,5,1,0
BRDA:49,6,0,0
BRDA:59,7,0,0
BRDA:59,7,1,0
BRDA:59,8,0,0
BRDA:59,8,1,0
BRDA:64,9,0,0
BRDA:70,10,0,0
BRDA:70,10,1,0
BRDA:83,11,0,0
BRDA:105,12,0,0
BRDA:106,13,0,0
BRDA:106,13,1,0
BRDA:116,14,0,0
BRDA:116,14,1,0
BRDA:116,15,0,0
BRDA:116,15,1,0
BRDA:139,16,0,0
BRDA:139,16,1,0
BRDA:153,17,0,0
BRDA:153,17,1,0
BRDA:178,18,0,0
BRDA:178,18,1,0
BRDA:208,19,0,0
BRDA:208,19,1,0
BRDA:212,20,0,0
BRDA:212,20,1,0
BRDA:218,21,0,0
BRDA:286,22,0,0
BRDA:303,23,0,0
BRDA:303,23,1,0
BRDA:310,24,0,0
BRDA:310,24,1,0
BRDA:317,25,0,0
BRDA:317,25,1,0
BRDA:322,26,0,0
BRDA:361,27,0,0
BRF:48
BRH:0
end_of_record
TN:
SF:src\components\dashboard\DashboardHeader.tsx
FN:20,DashboardHeader
FN:34,(anonymous_3)
FN:72,(anonymous_4)
FNF:3
FNH:0
FNDA:0,DashboardHeader
FNDA:0,(anonymous_3)
FNDA:0,(anonymous_4)
DA:3,0
DA:4,0
DA:5,0
DA:6,0
DA:7,0
DA:20,0
DA:30,0
DA:32,0
DA:34,0
DA:35,0
DA:36,0
DA:72,0
LF:12
LH:0
BRDA:35,0,0,0
BRDA:49,1,0,0
BRDA:73,2,0,0
BRDA:73,2,1,0
BRDA:74,3,0,0
BRDA:74,3,1,0
BRF:6
BRH:0
end_of_record
TN:
SF:src\components\dashboard\DashboardLayout.tsx
FN:15,DashboardLayout
FNF:1
FNH:0
FNDA:0,DashboardLayout
DA:4,0
DA:5,0
DA:6,0
DA:15,0
DA:16,0
LF:5
LH:0
BRDA:21,0,0,0
BRDA:21,0,1,0
BRDA:21,0,2,0
BRDA:21,0,3,0
BRDA:21,0,4,0
BRF:5
BRH:0
end_of_record
TN:
SF:src\components\dashboard\DashboardStatsGrid.tsx
FN:10,DashboardStatsGrid
FN:13,(anonymous_2)
FNF:2
FNH:0
FNDA:0,DashboardStatsGrid
FNDA:0,(anonymous_2)
DA:3,0
DA:10,0
DA:14,0
LF:3
LH:0
BRF:0
BRH:0
end_of_record
TN:
SF:src\components\dashboard\DashboardTemplate.tsx
FN:16,DashboardTemplate
FNF:1
FNH:0
FNDA:0,DashboardTemplate
DA:3,0
DA:4,0
DA:5,0
DA:6,0
DA:16,0
LF:5
LH:0
BRDA:38,0,0,0
BRF:1
BRH:0
end_of_record
TN:
SF:src\components\dashboard\DraftContinueDialog.tsx
FN:27,DraftContinueDialog
FN:43,(anonymous_3)
FN:52,(anonymous_4)
FNF:3
FNH:0
FNDA:0,DraftContinueDialog
FNDA:0,(anonymous_3)
FNDA:0,(anonymous_4)
DA:13,0
DA:14,0
DA:15,0
DA:16,0
DA:17,0
DA:18,0
DA:27,0
DA:33,0
DA:35,0
DA:36,0
DA:38,0
DA:40,0
DA:41,0
DA:43,0
DA:44,0
DA:45,0
DA:46,0
DA:48,0
DA:52,0
DA:54,0
DA:55,0
DA:57,0
DA:58,0
DA:59,0
DA:60,0
DA:61,0
DA:62,0
DA:64,0
DA:67,0
LF:29
LH:0
BRDA:36,0,0,0
BRDA:36,0,1,0
BRDA:38,1,0,0
BRDA:38,2,0,0
BRDA:38,2,1,0
BRDA:38,2,2,0
BRDA:44,3,0,0
BRDA:57,4,0,0
BRDA:58,5,0,0
BRDA:59,6,0,0
BRDA:60,7,0,0
BRDA:61,8,0,0
BRDA:62,9,0,0
BRDA:85,10,0,0
BRDA:85,10,1,0
BRDA:102,11,0,0
BRDA:110,12,0,0
BRDA:112,13,0,0
BRDA:112,13,1,0
BRDA:126,14,0,0
BRDA:161,15,0,0
BRDA:161,15,1,0
BRDA:196,16,0,0
BRDA:216,17,0,0
BRF:24
BRH:0
end_of_record
TN:
SF:src\components\dashboard\DraftPrompt.tsx
FN:24,DraftPrompt
FN:36,(anonymous_5)
FN:40,(anonymous_6)
FN:49,(anonymous_7)
FN:147,DraftsList
FN:162,(anonymous_9)
FNF:6
FNH:0
FNDA:0,DraftPrompt
FNDA:0,(anonymous_5)
FNDA:0,(anonymous_6)
FNDA:0,(anonymous_7)
FNDA:0,DraftsList
FNDA:0,(anonymous_9)
DA:3,0
DA:13,0
DA:14,0
DA:15,0
DA:16,0
DA:17,0
DA:18,0
DA:24,0
DA:25,0
DA:26,0
DA:28,0
DA:29,0
DA:32,0
DA:33,0
DA:36,0
DA:37,0
DA:40,0
DA:41,0
DA:42,0
DA:43,0
DA:45,0
DA:49,0
DA:50,0
DA:51,0
DA:53,0
DA:54,0
DA:55,0
DA:56,0
DA:59,0
DA:62,0
DA:63,0
DA:147,0
DA:148,0
DA:150,0
DA:151,0
DA:163,0
LF:36
LH:0
BRDA:29,0,0,0
BRDA:29,0,1,0
BRDA:32,1,0,0
BRDA:32,2,0,0
BRDA:32,2,1,0
BRDA:32,2,2,0
BRDA:32,2,3,0
BRDA:41,3,0,0
BRDA:53,4,0,0
BRDA:54,5,0,0
BRDA:55,6,0,0
BRDA:56,7,0,0
BRDA:77,8,0,0
BRDA:77,8,1,0
BRDA:80,9,0,0
BRDA:80,9,1,0
BRDA:82,10,0,0
BRDA:92,11,0,0
BRDA:101,12,0,0
BRDA:101,12,1,0
BRDA:104,13,0,0
BRDA:117,14,0,0
BRDA:117,14,1,0
BRDA:122,15,0,0
BRDA:150,16,0,0
BRDA:150,17,0,0
BRDA:150,17,1,0
BRDA:170,18,0,0
BRDA:187,19,0,0
BRF:29
BRH:0
end_of_record
TN:
SF:src\components\dashboard\EventCard.tsx
FN:12,EventCard
FNF:1
FNH:0
FNDA:0,EventCard
DA:3,0
DA:4,0
DA:5,0
DA:12,0
LF:4
LH:0
BRDA:24,0,0,0
BRDA:24,0,1,0
BRDA:45,1,0,0
BRF:3
BRH:0
end_of_record
TN:
SF:src\components\dashboard\FeatureBanner.tsx
FN:11,FeatureBanner
FNF:1
FNH:0
FNDA:0,FeatureBanner
DA:3,0
DA:4,0
DA:11,0
LF:3
LH:0
BRDA:24,0,0,0
BRDA:24,0,1,0
BRDA:25,1,0,0
BRDA:25,1,1,0
BRF:4
BRH:0
end_of_record
TN:
SF:src\components\dashboard\FeaturePreviewCard.tsx
FN:19,FeaturePreviewCard
FNF:1
FNH:0
FNDA:0,FeaturePreviewCard
DA:3,0
DA:4,0
DA:5,0
DA:19,0
LF:4
LH:0
BRF:0
BRH:0
end_of_record
TN:
SF:src\components\dashboard\MetricCard.tsx
FN:18,MetricCard
FN:28,(anonymous_4)
FN:41,(anonymous_5)
FN:54,(anonymous_6)
FN:149,MetricGrid
FN:152,(anonymous_8)
FNF:6
FNH:0
FNDA:0,MetricCard
FNDA:0,(anonymous_4)
FNDA:0,(anonymous_5)
FNDA:0,(anonymous_6)
FNDA:0,MetricGrid
FNDA:0,(anonymous_8)
DA:3,0
DA:4,0
DA:18,0
DA:28,0
DA:29,0
DA:37,0
DA:41,0
DA:42,0
DA:44,0
DA:46,0
DA:48,0
DA:50,0
DA:54,0
DA:55,0
DA:56,0
DA:57,0
DA:149,0
DA:153,0
LF:18
LH:0
BRDA:24,0,0,0
BRDA:26,1,0,0
BRDA:29,2,0,0
BRDA:42,3,0,0
BRDA:42,3,1,0
BRDA:42,3,2,0
BRDA:42,3,3,0
BRDA:55,4,0,0
BRDA:56,5,0,0
BRDA:63,6,0,0
BRDA:63,6,1,0
BRDA:71,7,0,0
BRDA:79,8,0,0
BRDA:86,9,0,0
BRDA:86,9,1,0
BRDA:103,10,0,0
BRDA:103,10,1,0
BRDA:105,11,0,0
BRDA:105,11,1,0
BRDA:108,12,0,0
BRDA:110,13,0,0
BRDA:110,13,1,0
BRDA:123,14,0,0
BRDA:149,15,0,0
BRDA:149,16,0,0
BRF:25
BRH:0
end_of_record
TN:
SF:src\components\dashboard\OrganizationCard.tsx
FN:12,OrganizationCard
FNF:1
FNH:0
FNDA:0,OrganizationCard
DA:3,0
DA:4,0
DA:5,0
DA:12,0
LF:4
LH:0
BRF:0
BRH:0
end_of_record
TN:
SF:src\components\dashboard\PerformanceMonitor.tsx
FN:24,PerformanceMonitor
FN:34,(anonymous_5)
FN:43,(anonymous_6)
FN:52,(anonymous_7)
FN:63,(anonymous_8)
FN:70,(anonymous_9)
FN:71,(anonymous_10)
FN:98,(anonymous_11)
FN:167,(anonymous_12)
FN:181,(anonymous_13)
FN:189,(anonymous_14)
FN:202,DevPerformanceMonitor
FNF:12
FNH:0
FNDA:0,PerformanceMonitor
FNDA:0,(anonymous_5)
FNDA:0,(anonymous_6)
FNDA:0,(anonymous_7)
FNDA:0,(anonymous_8)
FNDA:0,(anonymous_9)
FNDA:0,(anonymous_10)
FNDA:0,(anonymous_11)
FNDA:0,(anonymous_12)
FNDA:0,(anonymous_13)
FNDA:0,(anonymous_14)
FNDA:0,DevPerformanceMonitor
DA:3,0
DA:4,0
DA:5,0
DA:16,0
DA:17,0
DA:18,0
DA:24,0
DA:25,0
DA:26,0
DA:28,0
DA:34,0
DA:43,0
DA:44,0
DA:45,0
DA:46,0
DA:49,0
DA:50,0
DA:52,0
DA:53,0
DA:54,0
DA:55,0
DA:56,0
DA:57,0
DA:59,0
DA:60,0
DA:63,0
DA:64,0
DA:66,0
DA:67,0
DA:68,0
DA:70,0
DA:71,0
DA:72,0
DA:73,0
DA:74,0
DA:76,0
DA:81,0
DA:84,0
DA:98,0
DA:168,0
DA:181,0
DA:189,0
DA:202,0
DA:203,0
DA:204,0
DA:207,0
LF:46
LH:0
BRDA:24,0,0,0
BRDA:28,1,0,0
BRDA:44,2,0,0
BRDA:45,3,0,0
BRDA:53,4,0,0
BRDA:59,5,0,0
BRDA:64,6,0,0
BRDA:73,7,0,0
BRDA:73,7,1,0
BRDA:73,8,0,0
BRDA:73,8,1,0
BRDA:73,8,2,0
BRDA:73,8,3,0
BRDA:154,9,0,0
BRDA:161,10,0,0
BRDA:161,10,1,0
BRDA:203,11,0,0
BRF:17
BRH:0
end_of_record
TN:
SF:src\components\dashboard\PersonCard.tsx
FN:14,PersonCard
FN:17,(anonymous_3)
FN:76,(anonymous_4)
FNF:3
FNH:0
FNDA:0,PersonCard
FNDA:0,(anonymous_3)
FNDA:0,(anonymous_4)
DA:3,0
DA:4,0
DA:5,0
DA:6,0
DA:7,0
DA:14,0
DA:15,0
DA:17,0
DA:18,0
DA:76,0
LF:10
LH:0
BRF:0
BRH:0
end_of_record
TN:
SF:src\components\dashboard\ProjectCard.tsx
FN:12,ProjectCard
FNF:1
FNH:0
FNDA:0,ProjectCard
DA:3,0
DA:4,0
DA:5,0
DA:12,0
LF:4
LH:0
BRDA:24,0,0,0
BRDA:24,0,1,0
BRF:2
BRH:0
end_of_record
TN:
SF:src\components\dashboard\SmartCreateButton.tsx
FN:21,SmartCreateButton
FN:38,(anonymous_7)
FN:47,(anonymous_8)
FN:52,(anonymous_9)
FN:59,(anonymous_10)
FN:80,(anonymous_11)
FN:106,(anonymous_12)
FN:115,HeaderCreateButton
FN:126,DashboardCreateButton
FN:140,NewCampaignButton
FNF:10
FNH:0
FNDA:0,SmartCreateButton
FNDA:0,(anonymous_7)
FNDA:0,(anonymous_8)
FNDA:0,(anonymous_9)
FNDA:0,(anonymous_10)
FNDA:0,(anonymous_11)
FNDA:0,(anonymous_12)
FNDA:0,HeaderCreateButton
FNDA:0,DashboardCreateButton
FNDA:0,NewCampaignButton
DA:3,0
DA:4,0
DA:5,0
DA:6,0
DA:7,0
DA:8,0
DA:21,0
DA:30,0
DA:31,0
DA:32,0
DA:34,0
DA:35,0
DA:36,0
DA:38,0
DA:39,0
DA:40,0
DA:43,0
DA:47,0
DA:48,0
DA:49,0
DA:52,0
DA:53,0
DA:55,0
DA:59,0
DA:60,0
DA:61,0
DA:80,0
DA:81,0
DA:83,0
DA:106,0
DA:115,0
DA:126,0
DA:127,0
DA:128,0
DA:140,0
LF:35
LH:0
BRDA:23,0,0,0
BRDA:24,1,0,0
BRDA:25,2,0,0
BRDA:26,3,0,0
BRDA:27,4,0,0
BRDA:28,5,0,0
BRDA:35,6,0,0
BRDA:35,6,1,0
BRDA:36,7,0,0
BRDA:36,7,1,0
BRDA:39,8,0,0
BRDA:39,8,1,0
BRDA:60,9,0,0
BRDA:60,10,0,0
BRDA:60,10,1,0
BRDA:65,11,0,0
BRDA:66,12,0,0
BRDA:66,12,1,0
BRDA:66,13,0,0
BRDA:66,13,1,0
BRDA:73,14,0,0
BRDA:74,15,0,0
BRDA:74,15,1,0
BRDA:81,16,0,0
BRDA:83,17,0,0
BRDA:83,17,1,0
BRDA:85,18,0,0
BRDA:85,18,1,0
BRDA:97,19,0,0
BRDA:97,19,1,0
BRDA:126,20,0,0
BRDA:132,21,0,0
BRDA:132,21,1,0
BRDA:142,22,0,0
BRDA:151,23,0,0
BRDA:151,23,1,0
BRF:36
BRH:0
end_of_record
TN:
SF:src\components\dashboard\TasksSection.tsx
FN:46,TasksSection
FN:57,(anonymous_3)
FN:154,(anonymous_4)
FN:157,(anonymous_5)
FN:158,(anonymous_6)
FN:169,(anonymous_7)
FN:177,(anonymous_8)
FN:227,(anonymous_9)
FN:247,(anonymous_10)
FN:257,(anonymous_11)
FNF:10
FNH:0
FNDA:0,TasksSection
FNDA:0,(anonymous_3)
FNDA:0,(anonymous_4)
FNDA:0,(anonymous_5)
FNDA:0,(anonymous_6)
FNDA:0,(anonymous_7)
FNDA:0,(anonymous_8)
FNDA:0,(anonymous_9)
FNDA:0,(anonymous_10)
FNDA:0,(anonymous_11)
DA:3,0
DA:20,0
DA:21,0
DA:22,0
DA:23,0
DA:24,0
DA:25,0
DA:46,0
DA:47,0
DA:48,0
DA:49,0
DA:50,0
DA:52,0
DA:54,0
DA:57,0
DA:58,0
DA:61,0
DA:62,0
DA:74,0
DA:75,0
DA:87,0
DA:88,0
DA:101,0
DA:102,0
DA:113,0
DA:126,0
DA:137,0
DA:138,0
DA:150,0
DA:153,0
DA:154,0
DA:155,0
DA:157,0
DA:158,0
DA:159,0
DA:160,0
DA:161,0
DA:163,0
DA:165,0
DA:169,0
DA:170,0
DA:171,0
DA:172,0
DA:173,0
DA:177,0
DA:178,0
DA:179,0
DA:180,0
DA:181,0
DA:182,0
DA:186,0
DA:227,0
DA:248,0
DA:249,0
DA:251,0
DA:257,0
LF:56
LH:0
BRDA:54,0,0,0
BRDA:54,1,0,0
BRDA:54,1,1,0
BRDA:61,2,0,0
BRDA:74,3,0,0
BRDA:87,4,0,0
BRDA:101,5,0,0
BRDA:101,5,1,0
BRDA:105,6,0,0
BRDA:105,6,1,0
BRDA:137,7,0,0
BRDA:145,8,0,0
BRDA:145,8,1,0
BRDA:155,9,0,0
BRDA:155,9,1,0
BRDA:160,10,0,0
BRDA:160,10,1,0
BRDA:170,11,0,0
BRDA:170,11,1,0
BRDA:170,11,2,0
BRDA:178,12,0,0
BRDA:178,12,1,0
BRDA:178,12,2,0
BRDA:178,12,3,0
BRDA:186,13,0,0
BRDA:230,14,0,0
BRDA:244,15,0,0
BRDA:261,16,0,0
BRDA:294,17,0,0
BRF:29
BRH:0
end_of_record
TN:
SF:src\components\dashboard\WalletOverview.tsx
FN:28,(anonymous_2)
FN:39,(anonymous_3)
FN:44,(anonymous_4)
FN:54,(anonymous_5)
FN:58,WalletOverview
FN:81,(anonymous_7)
FN:161,(anonymous_8)
FN:208,(anonymous_9)
FN:230,(anonymous_10)
FN:266,(anonymous_11)
FN:289,(anonymous_12)
FNF:11
FNH:0
FNDA:0,(anonymous_2)
FNDA:0,(anonymous_3)
FNDA:0,(anonymous_4)
FNDA:0,(anonymous_5)
FNDA:0,WalletOverview
FNDA:0,(anonymous_7)
FNDA:0,(anonymous_8)
FNDA:0,(anonymous_9)
FNDA:0,(anonymous_10)
FNDA:0,(anonymous_11)
FNDA:0,(anonymous_12)
DA:4,0
DA:15,0
DA:16,0
DA:17,0
DA:18,0
DA:20,0
DA:28,0
DA:29,0
DA:30,0
DA:32,0
DA:33,0
DA:35,0
DA:39,0
DA:40,0
DA:44,0
DA:45,0
DA:46,0
DA:47,0
DA:54,0
DA:55,0
DA:58,0
DA:59,0
DA:63,0
DA:81,0
DA:161,0
DA:209,0
DA:231,0
DA:232,0
DA:234,0
DA:266,0
DA:289,0
LF:31
LH:0
BRDA:29,0,0,0
BRDA:32,1,0,0
BRDA:45,2,0,0
BRDA:45,2,1,0
BRDA:46,3,0,0
BRDA:46,3,1,0
BRDA:58,4,0,0
BRDA:60,5,0,0
BRDA:60,5,1,0
BRDA:76,6,0,0
BRDA:96,7,0,0
BRDA:96,7,1,0
BRDA:105,8,0,0
BRDA:114,9,0,0
BRDA:127,10,0,0
BRDA:134,11,0,0
BRDA:134,11,1,0
BRDA:137,12,0,0
BRDA:137,12,1,0
BRDA:156,13,0,0
BRDA:156,13,1,0
BRDA:156,13,2,0
BRDA:182,14,0,0
BRDA:192,15,0,0
BRDA:207,16,0,0
BRDA:223,17,0,0
BRDA:222,18,0,0
BRDA:222,18,1,0
BRDA:237,19,0,0
BRDA:237,19,1,0
BRDA:239,20,0,0
BRDA:246,21,0,0
BRDA:246,21,1,0
BRDA:278,22,0,0
BRF:34
BRH:0
end_of_record
TN:
SF:src\components\debug\DraftDebugInfo.tsx
FN:3,DraftDebugInfo
FNF:1
FNH:0
FNDA:0,DraftDebugInfo
DA:3,0
DA:4,0
LF:2
LH:0
BRF:0
BRH:0
end_of_record
TN:
SF:src\components\featured\FeaturedCampaigns.tsx
FN:29,FeaturedCampaigns
FN:40,(anonymous_3)
FN:44,(anonymous_4)
FN:58,(anonymous_5)
FN:63,(anonymous_6)
FN:79,(anonymous_7)
FN:110,(anonymous_8)
FN:124,(anonymous_9)
FN:136,(anonymous_10)
FN:244,(anonymous_11)
FN:253,(anonymous_12)
FNF:11
FNH:0
FNDA:0,FeaturedCampaigns
FNDA:0,(anonymous_3)
FNDA:0,(anonymous_4)
FNDA:0,(anonymous_5)
FNDA:0,(anonymous_6)
FNDA:0,(anonymous_7)
FNDA:0,(anonymous_8)
FNDA:0,(anonymous_9)
FNDA:0,(anonymous_10)
FNDA:0,(anonymous_11)
FNDA:0,(anonymous_12)
DA:3,0
DA:4,0
DA:5,0
DA:6,0
DA:7,0
DA:18,0
DA:19,0
DA:20,0
DA:29,0
DA:35,0
DA:36,0
DA:37,0
DA:38,0
DA:41,0
DA:44,0
DA:45,0
DA:46,0
DA:47,0
DA:48,0
DA:49,0
DA:51,0
DA:52,0
DA:54,0
DA:58,0
DA:59,0
DA:60,0
DA:63,0
DA:64,0
DA:66,0
DA:67,0
DA:68,0
DA:69,0
DA:71,0
DA:72,0
DA:73,0
DA:75,0
DA:76,0
DA:79,0
DA:80,0
DA:82,0
DA:84,0
DA:86,0
DA:88,0
DA:90,0
DA:92,0
DA:96,0
DA:111,0
DA:120,0
DA:124,0
DA:125,0
DA:126,0
DA:127,0
DA:128,0
DA:130,0
DA:136,0
DA:244,0
DA:254,0
LF:57
LH:0
BRDA:30,0,0,0
BRDA:31,1,0,0
BRDA:32,2,0,0
BRDA:33,3,0,0
BRDA:59,4,0,0
BRDA:64,5,0,0
BRDA:71,6,0,0
BRDA:72,7,0,0
BRDA:73,8,0,0
BRDA:76,9,0,0
BRDA:76,9,1,0
BRDA:80,10,0,0
BRDA:80,10,1,0
BRDA:80,10,2,0
BRDA:80,10,3,0
BRDA:80,10,4,0
BRDA:80,10,5,0
BRDA:96,11,0,0
BRDA:99,12,0,0
BRDA:106,13,0,0
BRDA:106,13,1,0
BRDA:107,14,0,0
BRDA:107,14,1,0
BRDA:120,15,0,0
BRDA:120,16,0,0
BRDA:120,16,1,0
BRDA:124,17,0,0
BRDA:134,18,0,0
BRDA:134,18,1,0
BRDA:136,19,0,0
BRDA:136,19,1,0
BRDA:140,20,0,0
BRDA:174,21,0,0
BRDA:174,21,1,0
BRDA:179,22,0,0
BRDA:181,23,0,0
BRDA:181,23,1,0
BRDA:212,24,0,0
BRDA:229,25,0,0
BRDA:242,26,0,0
BRDA:242,26,1,0
BRDA:249,27,0,0
BRDA:249,27,1,0
BRDA:250,28,0,0
BRDA:250,28,1,0
BRDA:253,29,0,0
BRDA:253,29,1,0
BRDA:258,30,0,0
BRF:48
BRH:0
end_of_record
TN:
SF:src\components\funding\BalanceCard.tsx
FN:12,BalanceCard
FN:14,(anonymous_2)
FNF:2
FNH:0
FNDA:0,BalanceCard
FNDA:0,(anonymous_2)
DA:3,0
DA:4,0
DA:12,0
DA:14,0
DA:15,0
DA:18,0
DA:19,0
DA:23,0
DA:24,0
DA:28,0
DA:29,0
DA:33,0
LF:12
LH:0
BRDA:15,0,0,0
BRDA:18,1,0,0
BRDA:23,2,0,0
BRDA:28,3,0,0
BRDA:48,4,0,0
BRDA:48,4,1,0
BRDA:53,5,0,0
BRDA:53,5,1,0
BRDA:59,6,0,0
BRF:9
BRH:0
end_of_record
TN:
SF:src\components\funding\BalanceSummary.tsx
FN:13,BalanceSummary
FN:18,(anonymous_3)
FN:27,(anonymous_4)
FNF:3
FNH:0
FNDA:0,BalanceSummary
FNDA:0,(anonymous_3)
FNDA:0,(anonymous_4)
DA:4,0
DA:5,0
DA:13,0
DA:18,0
DA:19,0
DA:27,0
DA:28,0
DA:29,0
LF:8
LH:0
BRDA:28,0,0,0
BRF:1
BRH:0
end_of_record
TN:
SF:src\components\funding\FundingPageList.tsx
FN:29,FundingPageList
FN:36,(anonymous_3)
FN:50,(anonymous_4)
FN:75,(anonymous_5)
FN:81,(anonymous_6)
FN:88,(anonymous_7)
FN:95,(anonymous_8)
FN:102,(anonymous_9)
FN:109,(anonymous_10)
FN:114,(anonymous_11)
FN:164,(anonymous_12)
FN:179,(anonymous_13)
FN:182,(anonymous_14)
FN:185,(anonymous_15)
FN:188,(anonymous_16)
FNF:15
FNH:0
FNDA:0,FundingPageList
FNDA:0,(anonymous_3)
FNDA:0,(anonymous_4)
FNDA:0,(anonymous_5)
FNDA:0,(anonymous_6)
FNDA:0,(anonymous_7)
FNDA:0,(anonymous_8)
FNDA:0,(anonymous_9)
FNDA:0,(anonymous_10)
FNDA:0,(anonymous_11)
FNDA:0,(anonymous_12)
FNDA:0,(anonymous_13)
FNDA:0,(anonymous_14)
FNDA:0,(anonymous_15)
FNDA:0,(anonymous_16)
DA:3,0
DA:4,0
DA:5,0
DA:6,0
DA:7,0
DA:8,0
DA:9,0
DA:10,0
DA:11,0
DA:12,0
DA:29,0
DA:30,0
DA:31,0
DA:32,0
DA:33,0
DA:34,0
DA:36,0
DA:37,0
DA:38,0
DA:39,0
DA:40,0
DA:46,0
DA:48,0
DA:49,0
DA:51,0
DA:52,0
DA:53,0
DA:54,0
DA:55,0
DA:57,0
DA:60,0
DA:63,0
DA:67,0
DA:68,0
DA:69,0
DA:71,0
DA:75,0
DA:76,0
DA:77,0
DA:81,0
DA:82,0
DA:83,0
DA:87,0
DA:88,0
DA:89,0
DA:91,0
DA:95,0
DA:96,0
DA:97,0
DA:101,0
DA:102,0
DA:103,0
DA:105,0
DA:109,0
DA:110,0
DA:111,0
DA:112,0
DA:113,0
DA:114,0
DA:115,0
DA:117,0
DA:121,0
DA:129,0
DA:165,0
DA:179,0
DA:182,0
DA:185,0
DA:188,0
LF:68
LH:0
BRDA:37,0,0,0
BRDA:46,1,0,0
BRDA:48,2,0,0
BRDA:52,3,0,0
BRDA:76,4,0,0
BRDA:87,5,0,0
BRDA:88,6,0,0
BRDA:88,6,1,0
BRDA:89,7,0,0
BRDA:89,7,1,0
BRDA:101,8,0,0
BRDA:102,9,0,0
BRDA:102,9,1,0
BRDA:103,10,0,0
BRDA:103,10,1,0
BRDA:110,11,0,0
BRDA:113,12,0,0
BRDA:121,13,0,0
BRDA:121,14,0,0
BRDA:121,14,1,0
BRDA:129,15,0,0
BRDA:152,16,0,0
BRDA:151,17,0,0
BRDA:151,17,1,0
BRDA:171,18,0,0
BRDA:179,19,0,0
BRDA:179,19,1,0
BRDA:180,20,0,0
BRDA:180,21,0,0
BRDA:180,21,1,0
BRDA:182,22,0,0
BRDA:182,22,1,0
BRDA:183,23,0,0
BRDA:183,24,0,0
BRDA:183,24,1,0
BRDA:204,25,0,0
BRDA:204,25,1,0
BRDA:208,26,0,0
BRDA:208,26,1,0
BRF:39
BRH:0
end_of_record
TN:
SF:src\components\funding\TransactionCard.tsx
FN:13,TransactionCard
FNF:1
FNH:0
FNDA:0,TransactionCard
DA:3,0
DA:4,0
DA:6,0
DA:7,0
DA:13,0
DA:14,0
DA:15,0
LF:7
LH:0
BRDA:26,0,0,0
BRDA:26,0,1,0
BRDA:28,1,0,0
BRDA:34,2,0,0
BRDA:34,2,1,0
BRDA:46,3,0,0
BRDA:46,3,1,0
BRF:7
BRH:0
end_of_record
TN:
SF:src\components\funding\TransactionTracker.tsx
FN:15,TransactionTracker
FN:26,(anonymous_3)
FN:42,(anonymous_4)
FN:52,(anonymous_5)
FN:66,(anonymous_6)
FN:72,(anonymous_7)
FN:103,(anonymous_8)
FNF:7
FNH:0
FNDA:0,TransactionTracker
FNDA:0,(anonymous_3)
FNDA:0,(anonymous_4)
FNDA:0,(anonymous_5)
FNDA:0,(anonymous_6)
FNDA:0,(anonymous_7)
FNDA:0,(anonymous_8)
DA:3,0
DA:4,0
DA:5,0
DA:6,0
DA:7,0
DA:15,0
DA:16,0
DA:17,0
DA:18,0
DA:19,0
DA:21,0
DA:26,0
DA:27,0
DA:28,0
DA:29,0
DA:31,0
DA:37,0
DA:39,0
DA:42,0
DA:43,0
DA:45,0
DA:46,0
DA:48,0
DA:52,0
DA:53,0
DA:56,0
DA:67,0
DA:72,0
DA:73,0
DA:77,0
DA:87,0
DA:104,0
LF:32
LH:0
BRDA:37,0,0,0
BRDA:39,1,0,0
BRDA:39,1,1,0
BRDA:42,2,0,0
BRDA:42,2,1,0
BRDA:42,3,0,0
BRDA:42,3,1,0
BRDA:45,4,0,0
BRDA:45,4,1,0
BRDA:77,5,0,0
BRDA:87,6,0,0
BRDA:100,7,0,0
BRDA:107,8,0,0
BRDA:107,8,1,0
BRF:14
BRH:0
end_of_record
TN:
SF:src\components\funding\TransactionsList.tsx
FN:12,TransactionsList
FN:16,(anonymous_2)
FN:41,(anonymous_3)
FNF:3
FNH:0
FNDA:0,TransactionsList
FNDA:0,(anonymous_2)
FNDA:0,(anonymous_3)
DA:3,0
DA:5,0
DA:12,0
DA:13,0
DA:17,0
DA:26,0
DA:42,0
LF:7
LH:0
BRDA:13,0,0,0
BRDA:26,1,0,0
BRF:2
BRH:0
end_of_record
TN:
SF:src\components\icons\SocialIcons.tsx
FNF:0
FNH:0
DA:3,0
DA:9,0
LF:2
LH:0
BRF:0
BRH:0
end_of_record
TN:
SF:src\components\layout\AppLayout.tsx
FN:8,AppLayout
FNF:1
FNH:0
FNDA:0,AppLayout
DA:2,0
DA:8,0
LF:2
LH:0
BRF:0
BRH:0
end_of_record
TN:
SF:src\components\layout\AuthButtons.tsx
FN:13,AuthButtons
FNF:1
FNH:0
FNDA:0,AuthButtons
DA:3,0
DA:4,0
DA:5,0
DA:6,0
DA:7,0
DA:13,0
DA:14,0
DA:17,0
DA:27,0
DA:36,0
DA:42,0
LF:11
LH:0
BRDA:13,0,0,0
BRDA:17,1,0,0
BRDA:27,2,0,0
BRDA:36,3,0,0
BRDA:36,4,0,0
BRDA:36,4,1,0
BRDA:45,5,0,0
BRDA:45,5,1,0
BRDA:46,6,0,0
BRDA:46,6,1,0
BRDA:49,7,0,0
BRDA:49,7,1,0
BRDA:54,8,0,0
BRDA:54,8,1,0
BRDA:56,9,0,0
BRDA:56,9,1,0
BRF:16
BRH:0
end_of_record
TN:
SF:src\components\layout\Footer.tsx
FN:9,Footer
FN:24,(anonymous_3)
FN:60,(anonymous_4)
FN:84,(anonymous_5)
FN:108,(anonymous_6)
FNF:5
FNH:0
FNDA:0,Footer
FNDA:0,(anonymous_3)
FNDA:0,(anonymous_4)
FNDA:0,(anonymous_5)
FNDA:0,(anonymous_6)
DA:3,0
DA:4,0
DA:5,0
DA:6,0
DA:7,0
DA:9,0
DA:10,0
DA:12,0
DA:24,0
DA:25,0
DA:26,0
DA:31,0
DA:32,0
DA:61,0
DA:85,0
DA:109,0
LF:16
LH:0
BRDA:12,0,0,0
BRDA:12,0,1,0
BRDA:12,0,2,0
BRDA:12,0,3,0
BRDA:12,0,4,0
BRDA:12,0,5,0
BRDA:12,0,6,0
BRDA:12,0,7,0
BRDA:12,0,8,0
BRDA:12,0,9,0
BRDA:25,1,0,0
BRDA:25,2,0,0
BRDA:25,2,1,0
BRDA:31,3,0,0
BRDA:69,4,0,0
BRF:15
BRH:0
end_of_record
TN:
SF:src\components\layout\Header.tsx
FN:102,Header
FN:111,(anonymous_3)
FN:115,(anonymous_4)
FN:116,(anonymous_5)
FN:120,(anonymous_6)
FN:124,(anonymous_7)
FN:130,(anonymous_8)
FN:135,(anonymous_9)
FN:142,(anonymous_10)
FN:143,(anonymous_11)
FN:148,(anonymous_12)
FN:154,(anonymous_13)
FN:155,(anonymous_14)
FN:160,(anonymous_15)
FN:166,(anonymous_16)
FN:170,(anonymous_17)
FN:194,(anonymous_18)
FN:215,(anonymous_19)
FN:223,(anonymous_20)
FN:305,(anonymous_21)
FN:327,(anonymous_22)
FN:357,(anonymous_23)
FN:378,(anonymous_24)
FN:390,(anonymous_25)
FN:394,(anonymous_26)
FN:401,(anonymous_27)
FN:440,(anonymous_28)
FN:453,(anonymous_29)
FN:468,(anonymous_30)
FN:481,(anonymous_31)
FN:486,(anonymous_32)
FNF:31
FNH:0
FNDA:0,Header
FNDA:0,(anonymous_3)
FNDA:0,(anonymous_4)
FNDA:0,(anonymous_5)
FNDA:0,(anonymous_6)
FNDA:0,(anonymous_7)
FNDA:0,(anonymous_8)
FNDA:0,(anonymous_9)
FNDA:0,(anonymous_10)
FNDA:0,(anonymous_11)
FNDA:0,(anonymous_12)
FNDA:0,(anonymous_13)
FNDA:0,(anonymous_14)
FNDA:0,(anonymous_15)
FNDA:0,(anonymous_16)
FNDA:0,(anonymous_17)
FNDA:0,(anonymous_18)
FNDA:0,(anonymous_19)
FNDA:0,(anonymous_20)
FNDA:0,(anonymous_21)
FNDA:0,(anonymous_22)
FNDA:0,(anonymous_23)
FNDA:0,(anonymous_24)
FNDA:0,(anonymous_25)
FNDA:0,(anonymous_26)
FNDA:0,(anonymous_27)
FNDA:0,(anonymous_28)
FNDA:0,(anonymous_29)
FNDA:0,(anonymous_30)
FNDA:0,(anonymous_31)
FNDA:0,(anonymous_32)
DA:3,0
DA:4,0
DA:5,0
DA:6,0
DA:7,0
DA:8,0
DA:9,0
DA:12,0
DA:41,0
DA:102,0
DA:103,0
DA:104,0
DA:105,0
DA:106,0
DA:107,0
DA:108,0
DA:111,0
DA:112,0
DA:115,0
DA:116,0
DA:117,0
DA:119,0
DA:120,0
DA:124,0
DA:125,0
DA:126,0
DA:128,0
DA:130,0
DA:131,0
DA:135,0
DA:136,0
DA:137,0
DA:139,0
DA:142,0
DA:143,0
DA:144,0
DA:148,0
DA:149,0
DA:150,0
DA:154,0
DA:155,0
DA:156,0
DA:160,0
DA:161,0
DA:162,0
DA:166,0
DA:167,0
DA:170,0
DA:171,0
DA:194,0
DA:216,0
DA:224,0
DA:225,0
DA:305,0
DA:328,0
DA:357,0
DA:378,0
DA:391,0
DA:395,0
DA:396,0
DA:401,0
DA:440,0
DA:453,0
DA:468,0
DA:482,0
DA:486,0
LF:66
LH:0
BRDA:125,0,0,0
BRDA:125,0,1,0
BRDA:136,1,0,0
BRDA:149,2,0,0
BRDA:161,3,0,0
BRDA:171,4,0,0
BRDA:171,4,1,0
BRDA:177,5,0,0
BRDA:177,5,1,0
BRDA:191,6,0,0
BRDA:198,7,0,0
BRDA:198,7,1,0
BRDA:198,8,0,0
BRDA:198,8,1,0
BRDA:198,8,2,0
BRDA:204,9,0,0
BRDA:204,9,1,0
BRDA:209,10,0,0
BRDA:216,11,0,0
BRDA:216,11,1,0
BRDA:245,12,0,0
BRDA:245,12,1,0
BRDA:280,13,0,0
BRDA:280,13,1,0
BRDA:280,14,0,0
BRDA:280,14,1,0
BRDA:280,14,2,0
BRDA:285,15,0,0
BRDA:285,15,1,0
BRDA:289,16,0,0
BRDA:293,17,0,0
BRDA:293,17,1,0
BRDA:309,18,0,0
BRDA:309,18,1,0
BRDA:309,19,0,0
BRDA:309,19,1,0
BRDA:315,20,0,0
BRDA:315,20,1,0
BRDA:320,21,0,0
BRDA:362,22,0,0
BRDA:373,23,0,0
BRDA:386,24,0,0
BRDA:413,25,0,0
BRDA:413,25,1,0
BRDA:434,26,0,0
BRDA:434,26,1,0
BRDA:443,27,0,0
BRDA:443,27,1,0
BRDA:446,28,0,0
BRDA:446,28,1,0
BRDA:456,29,0,0
BRDA:456,29,1,0
BRDA:459,30,0,0
BRDA:459,30,1,0
BRDA:464,31,0,0
BRF:55
BRH:0
end_of_record
TN:
SF:src\components\layout\Logo.tsx
FN:5,Logo
FNF:1
FNH:0
FNDA:0,Logo
DA:3,0
DA:5,0
LF:2
LH:0
BRDA:5,0,0,0
BRF:1
BRH:0
end_of_record
TN:
SF:src\components\layout\PageLayout.tsx
FN:26,PageLayout
FN:56,PageHeader
FN:77,PageSection
FNF:3
FNH:0
FNDA:0,PageLayout
FNDA:0,PageHeader
FNDA:0,PageSection
DA:2,0
DA:26,0
DA:33,0
DA:56,0
DA:77,0
DA:82,0
LF:6
LH:0
BRDA:28,0,0,0
BRDA:66,1,0,0
BRDA:69,2,0,0
BRDA:80,3,0,0
BRF:4
BRH:0
end_of_record
TN:
SF:src\components\lightning\LightningPayment.tsx
FN:39,LightningPayment
FN:58,(anonymous_3)
FN:61,(anonymous_4)
FN:77,(anonymous_5)
FN:80,(anonymous_6)
FN:90,(anonymous_7)
FN:122,(anonymous_8)
FN:129,(anonymous_9)
FN:135,(anonymous_10)
FN:142,(anonymous_11)
FN:212,(anonymous_12)
FN:226,(anonymous_13)
FN:313,(anonymous_14)
FNF:13
FNH:0
FNDA:0,LightningPayment
FNDA:0,(anonymous_3)
FNDA:0,(anonymous_4)
FNDA:0,(anonymous_5)
FNDA:0,(anonymous_6)
FNDA:0,(anonymous_7)
FNDA:0,(anonymous_8)
FNDA:0,(anonymous_9)
FNDA:0,(anonymous_10)
FNDA:0,(anonymous_11)
FNDA:0,(anonymous_12)
FNDA:0,(anonymous_13)
FNDA:0,(anonymous_14)
DA:3,0
DA:4,0
DA:14,0
DA:15,0
DA:16,0
DA:17,0
DA:18,0
DA:19,0
DA:39,0
DA:48,0
DA:49,0
DA:50,0
DA:51,0
DA:52,0
DA:53,0
DA:54,0
DA:55,0
DA:58,0
DA:59,0
DA:61,0
DA:62,0
DA:63,0
DA:65,0
DA:66,0
DA:67,0
DA:68,0
DA:71,0
DA:74,0
DA:75,0
DA:77,0
DA:80,0
DA:81,0
DA:82,0
DA:83,0
DA:86,0
DA:88,0
DA:90,0
DA:92,0
DA:93,0
DA:102,0
DA:110,0
DA:111,0
DA:112,0
DA:115,0
DA:116,0
DA:118,0
DA:122,0
DA:123,0
DA:125,0
DA:126,0
DA:127,0
DA:128,0
DA:129,0
DA:131,0
DA:135,0
DA:136,0
DA:137,0
DA:138,0
DA:139,0
DA:142,0
DA:143,0
DA:144,0
DA:145,0
DA:148,0
DA:212,0
DA:226,0
DA:313,0
LF:67
LH:0
BRDA:46,0,0,0
BRDA:48,1,0,0
BRDA:48,1,1,0
BRDA:59,2,0,0
BRDA:65,3,0,0
BRDA:81,4,0,0
BRDA:81,5,0,0
BRDA:81,5,1,0
BRDA:93,6,0,0
BRDA:93,6,1,0
BRDA:123,7,0,0
BRDA:148,8,0,0
BRDA:204,9,0,0
BRDA:248,10,0,0
BRDA:248,10,1,0
BRDA:251,11,0,0
BRDA:251,11,1,0
BRDA:271,12,0,0
BRDA:277,13,0,0
BRDA:303,14,0,0
BRDA:303,14,1,0
BRDA:305,15,0,0
BRDA:323,16,0,0
BRDA:323,16,1,0
BRDA:340,17,0,0
BRDA:340,17,1,0
BRF:26
BRH:0
end_of_record
TN:
SF:src\components\navigation\NavigationShortcuts.tsx
FN:12,NavigationShortcuts
FN:16,(anonymous_2)
FN:17,(anonymous_3)
FN:25,(anonymous_4)
FN:29,(anonymous_5)
FN:33,(anonymous_6)
FN:37,(anonymous_7)
FN:41,(anonymous_8)
FN:54,(anonymous_9)
FNF:9
FNH:0
FNDA:0,NavigationShortcuts
FNDA:0,(anonymous_2)
FNDA:0,(anonymous_3)
FNDA:0,(anonymous_4)
FNDA:0,(anonymous_5)
FNDA:0,(anonymous_6)
FNDA:0,(anonymous_7)
FNDA:0,(anonymous_8)
FNDA:0,(anonymous_9)
DA:3,0
DA:4,0
DA:5,0
DA:12,0
DA:13,0
DA:14,0
DA:16,0
DA:17,0
DA:19,0
DA:21,0
DA:24,0
DA:26,0
DA:27,0
DA:30,0
DA:31,0
DA:34,0
DA:35,0
DA:38,0
DA:39,0
DA:42,0
DA:43,0
DA:47,0
DA:48,0
DA:49,0
DA:53,0
DA:54,0
LF:26
LH:0
BRDA:19,0,0,0
BRDA:19,0,1,0
BRDA:21,1,0,0
BRDA:48,2,0,0
BRF:4
BRH:0
end_of_record
TN:
SF:src\components\notifications\NotificationCenter.tsx
FN:45,NotificationCenter
FN:55,(anonymous_3)
FN:108,(anonymous_4)
FN:114,(anonymous_5)
FN:131,(anonymous_6)
FN:138,(anonymous_7)
FN:140,(anonymous_8)
FN:141,(anonymous_9)
FN:142,(anonymous_10)
FN:150,(anonymous_11)
FN:151,(anonymous_12)
FN:152,(anonymous_13)
FN:157,(anonymous_14)
FN:158,(anonymous_15)
FN:158,(anonymous_16)
FN:162,(anonymous_17)
FN:201,(anonymous_18)
FN:204,(anonymous_19)
FN:233,(anonymous_20)
FN:251,(anonymous_21)
FN:259,(anonymous_22)
FN:287,(anonymous_23)
FN:299,(anonymous_24)
FNF:23
FNH:0
FNDA:0,NotificationCenter
FNDA:0,(anonymous_3)
FNDA:0,(anonymous_4)
FNDA:0,(anonymous_5)
FNDA:0,(anonymous_6)
[...]
FNDA:0,(anonymous_12)
FNDA:0,(anonymous_13)
FNDA:0,(anonymous_14)
FNDA:0,(anonymous_15)
FNDA:0,(anonymous_16)
FNDA:0,(anonymous_17)
FNDA:0,(anonymous_18)
FNDA:0,(anonymous_19)
FNDA:0,(anonymous_20)
FNDA:0,(anonymous_21)
FNDA:0,(anonymous_22)
FNDA:0,(anonymous_23)
FNDA:0,(anonymous_24)
FNDA:0,(anonymous_25)
FNDA:0,(anonymous_26)
FNDA:0,(anonymous_27)
FNDA:0,(anonymous_28)
DA:3,0
DA:4,0
DA:7,0
DA:9,0
DA:11,0
DA:12,0
DA:41,0
DA:43,0
DA:45,0
DA:57,0
DA:68,0
DA:77,0
DA:78,0
DA:79,0
DA:83,0
DA:84,0
DA:85,0
DA:86,0
DA:89,0
DA:90,0
DA:91,0
DA:92,0
DA:94,0
DA:95,0
DA:96,0
DA:97,0
DA:98,0
DA:101,0
DA:107,0
DA:108,0
DA:109,0
DA:110,0
DA:113,0
DA:114,0
DA:115,0
DA:116,0
DA:118,0
DA:119,0
DA:122,0
DA:123,0
DA:124,0
DA:125,0
DA:129,0
DA:130,0
DA:131,0
DA:133,0
DA:134,0
DA:135,0
DA:136,0
DA:137,0
DA:138,0
DA:141,0
DA:142,0
DA:143,0
DA:146,0
DA:149,0
DA:151,0
DA:152,0
DA:153,0
DA:155,0
DA:156,0
DA:158,0
DA:159,0
DA:160,0
DA:165,0
DA:166,0
DA:167,0
DA:168,0
DA:171,0
DA:173,0
DA:174,0
DA:177,0
DA:186,0
DA:188,0
DA:189,0
DA:190,0
DA:191,0
DA:194,0
DA:195,0
DA:198,0
DA:205,0
DA:206,0
DA:208,0
DA:209,0
DA:210,0
DA:211,0
DA:213,0
DA:214,0
DA:217,0
DA:218,0
DA:219,0
DA:223,0
DA:224,0
DA:225,0
DA:227,0
DA:228,0
DA:231,0
DA:232,0
DA:234,0
DA:235,0
DA:240,0
DA:243,0
DA:246,0
DA:247,0
DA:248,0
DA:249,0
DA:252,0
DA:253,0
DA:254,0
DA:261,0
DA:265,0
DA:266,0
DA:267,0
DA:268,0
DA:270,0
DA:271,0
DA:272,0
DA:273,0
DA:276,0
DA:277,0
DA:283,0
DA:285,0
DA:286,0
DA:287,0
DA:290,0
DA:291,0
DA:295,0
DA:299,0
DA:300,0
DA:301,0
DA:302,0
DA:305,0
DA:306,0
DA:308,0
DA:309,0
DA:312,0
DA:313,0
DA:314,0
DA:315,0
DA:319,0
DA:328,0
DA:330,0
DA:332,0
DA:333,0
DA:334,0
DA:335,0
DA:338,0
DA:339,0
DA:340,0
DA:341,0
DA:343,0
DA:344,0
DA:345,0
DA:346,0
DA:349,0
DA:350,0
DA:351,0
DA:352,0
DA:356,0
DA:359,0
DA:365,0
DA:368,0
DA:369,0
DA:371,0
DA:373,0
DA:374,0
DA:375,0
DA:377,0
DA:378,0
DA:381,0
DA:384,0
DA:386,0
DA:387,0
DA:388,0
DA:390,0
DA:391,0
DA:394,0
DA:398,0
DA:399,0
DA:400,0
DA:405,0
DA:410,0
DA:411,0
DA:412,0
DA:415,0
DA:416,0
DA:417,0
DA:418,0
DA:419,0
DA:420,0
DA:421,0
DA:432,0
DA:433,0
DA:434,0
DA:435,0
DA:436,0
DA:437,0
DA:438,0
DA:440,0
DA:442,0
DA:443,0
DA:444,0
DA:448,0
DA:449,0
DA:451,0
DA:455,0
DA:458,0
DA:459,0
DA:462,0
DA:463,0
DA:464,0
DA:465,0
DA:466,0
DA:467,0
DA:471,0
DA:477,0
DA:478,0
DA:484,0
DA:486,0
DA:487,0
DA:488,0
DA:489,0
DA:491,0
DA:492,0
DA:494,0
DA:495,0
DA:496,0
DA:497,0
DA:499,0
DA:500,0
DA:501,0
DA:509,0
DA:512,0
DA:513,0
DA:514,0
DA:515,0
DA:520,0
DA:522,0
DA:523,0
DA:525,0
DA:529,0
DA:531,0
LF:242
LH:0
BRDA:77,0,0,0
BRDA:84,1,0,0
BRDA:84,2,0,0
BRDA:84,2,1,0
BRDA:94,3,0,0
BRDA:94,4,0,0
BRDA:94,4,1,0
BRDA:107,5,0,0
BRDA:113,6,0,0
BRDA:113,6,1,0
BRDA:133,7,0,0
BRDA:136,8,0,0
BRDA:142,9,0,0
BRDA:142,10,0,0
BRDA:142,10,1,0
BRDA:142,10,2,0
BRDA:151,11,0,0
BRDA:166,12,0,0
BRDA:188,13,0,0
BRDA:194,14,0,0
BRDA:194,14,1,0
BRDA:194,15,0,0
BRDA:194,15,1,0
BRDA:194,15,2,0
BRDA:213,16,0,0
BRDA:213,16,1,0
BRDA:217,17,0,0
BRDA:234,18,0,0
BRDA:253,19,0,0
BRDA:253,19,1,0
BRDA:270,20,0,0
BRDA:276,21,0,0
BRDA:276,21,1,0
BRDA:276,22,0,0
BRDA:276,22,1,0
BRDA:292,23,0,0
BRDA:292,23,1,0
BRDA:295,24,0,0
BRDA:295,24,1,0
BRDA:300,25,0,0
BRDA:312,26,0,0
BRDA:312,27,0,0
BRDA:312,27,1,0
BRDA:312,27,2,0
BRDA:320,28,0,0
BRDA:320,28,1,0
BRDA:321,29,0,0
BRDA:321,29,1,0
BRDA:322,30,0,0
BRDA:322,30,1,0
BRDA:323,31,0,0
BRDA:323,31,1,0
BRDA:324,32,0,0
BRDA:324,32,1,0
BRDA:325,33,0,0
BRDA:325,33,1,0
BRDA:332,34,0,0
BRDA:338,35,0,0
BRDA:338,35,1,0
BRDA:365,36,0,0
BRDA:377,37,0,0
BRDA:390,38,0,0
BRDA:411,39,0,0
BRDA:415,40,0,0
BRDA:415,41,0,0
BRDA:415,41,1,0
BRDA:419,42,0,0
BRDA:432,43,0,0
BRDA:432,44,0,0
BRDA:432,44,1,0
BRDA:443,45,0,0
BRDA:448,46,0,0
BRDA:448,46,1,0
BRDA:449,47,0,0
BRDA:449,47,1,0
BRDA:451,48,0,0
BRDA:451,49,0,0
BRDA:451,49,1,0
BRDA:451,49,2,0
BRDA:451,49,3,0
BRDA:458,50,0,0
BRDA:471,51,0,0
BRDA:471,51,1,0
BRDA:471,51,2,0
BRDA:471,51,3,0
BRDA:471,51,4,0
BRDA:477,52,0,0
BRDA:480,53,0,0
BRDA:480,53,1,0
BRDA:487,54,0,0
BRDA:487,54,1,0
BRDA:488,55,0,0
BRDA:492,56,0,0
BRDA:492,56,1,0
BRDA:497,57,0,0
BRDA:497,57,1,0
BRDA:499,58,0,0
BRDA:499,59,0,0
BRDA:499,59,1,0
BRDA:499,59,2,0
BRDA:499,59,3,0
BRDA:500,60,0,0
BRDA:509,61,0,0
BRDA:509,61,1,0
BRDA:512,62,0,0
BRDA:512,63,0,0
BRDA:512,63,1,0
BRDA:520,64,0,0
BRDA:520,65,0,0
BRDA:520,65,1,0
BRDA:523,66,0,0
BRDA:523,67,0,0
BRDA:523,67,1,0
BRF:113
BRH:0
end_of_record
TN:
SF:src\stores\campaignStore.ts
FN:92,(anonymous_1)
FN:103,(anonymous_2)
FN:104,(anonymous_3)
FN:107,(anonymous_4)
FN:108,(anonymous_5)
FN:111,(anonymous_6)
FN:112,(anonymous_7)
FN:116,(anonymous_8)
FN:128,(anonymous_9)
FN:153,(anonymous_10)
FN:214,(anonymous_11)
FN:215,(anonymous_12)
FN:216,(anonymous_13)
FN:217,(anonymous_14)
FN:237,(anonymous_15)
FN:238,(anonymous_16)
FN:256,(anonymous_17)
FN:261,(anonymous_18)
FN:280,(anonymous_19)
FN:281,(anonymous_20)
FN:310,(anonymous_21)
FN:321,(anonymous_22)
FN:322,(anonymous_23)
FN:340,(anonymous_24)
FN:359,(anonymous_25)
FN:360,(anonymous_26)
FN:389,(anonymous_27)
FN:408,(anonymous_28)
FN:409,(anonymous_29)
FN:438,(anonymous_30)
FN:440,(anonymous_31)
FN:450,(anonymous_32)
FN:462,(anonymous_33)
FN:489,(anonymous_34)
FN:490,(anonymous_35)
FN:517,(anonymous_36)
FN:522,(anonymous_37)
FN:523,(anonymous_38)
FN:526,(anonymous_39)
FN:530,(anonymous_40)
FN:534,(anonymous_41)
FN:535,(anonymous_42)
FN:536,(anonymous_43)
FN:537,(anonymous_44)
FN:543,(anonymous_45)
FN:545,(anonymous_46)
FNF:46
FNH:0
FNDA:0,(anonymous_1)
FNDA:0,(anonymous_2)
FNDA:0,(anonymous_3)
FNDA:0,(anonymous_4)
FNDA:0,(anonymous_5)
FNDA:0,(anonymous_6)
FNDA:0,(anonymous_7)
FNDA:0,(anonymous_8)
FNDA:0,(anonymous_9)
FNDA:0,(anonymous_10)
FNDA:0,(anonymous_11)
FNDA:0,(anonymous_12)
FNDA:0,(anonymous_13)
FNDA:0,(anonymous_14)
FNDA:0,(anonymous_15)
FNDA:0,(anonymous_16)
FNDA:0,(anonymous_17)
FNDA:0,(anonymous_18)
FNDA:0,(anonymous_19)
FNDA:0,(anonymous_20)
FNDA:0,(anonymous_21)
FNDA:0,(anonymous_22)
FNDA:0,(anonymous_23)
FNDA:0,(anonymous_24)
FNDA:0,(anonymous_25)
FNDA:0,(anonymous_26)
FNDA:0,(anonymous_27)
FNDA:0,(anonymous_28)
FNDA:0,(anonymous_29)
FNDA:0,(anonymous_30)
FNDA:0,(anonymous_31)
FNDA:0,(anonymous_32)
FNDA:0,(anonymous_33)
FNDA:0,(anonymous_34)
FNDA:0,(anonymous_35)
FNDA:0,(anonymous_36)
FNDA:0,(anonymous_37)
FNDA:0,(anonymous_38)
FNDA:0,(anonymous_39)
FNDA:0,(anonymous_40)
FNDA:0,(anonymous_41)
FNDA:0,(anonymous_42)
FNDA:0,(anonymous_43)
FNDA:0,(anonymous_44)
FNDA:0,(anonymous_45)
FNDA:0,(anonymous_46)
DA:18,0
DA:19,0
DA:20,0
DA:23,0
DA:90,0
DA:92,0
DA:104,0
DA:108,0
DA:112,0
DA:117,0
DA:119,0
DA:120,0
DA:126,0
DA:128,0
DA:137,0
DA:144,0
DA:145,0
DA:154,0
DA:155,0
DA:157,0
DA:159,0
DA:160,0
DA:179,0
DA:181,0
DA:189,0
DA:190,0
DA:193,0
DA:199,0
DA:200,0
DA:201,0
DA:205,0
DA:214,0
DA:215,0
DA:216,0
DA:217,0
DA:224,0
DA:227,0
DA:228,0
DA:232,0
DA:238,0
DA:257,0
DA:262,0
DA:264,0
DA:265,0
DA:277,0
DA:280,0
DA:282,0
DA:300,0
DA:301,0
DA:305,0
DA:311,0
DA:313,0
DA:314,0
DA:319,0
DA:321,0
DA:322,0
DA:330,0
DA:331,0
DA:335,0
DA:341,0
DA:343,0
DA:344,0
DA:356,0
DA:359,0
DA:361,0
DA:379,0
DA:380,0
DA:384,0
DA:390,0
DA:392,0
DA:393,0
DA:405,0
DA:408,0
DA:410,0
DA:428,0
DA:429,0
DA:433,0
DA:439,0
DA:440,0
DA:442,0
DA:443,0
DA:450,0
DA:454,0
DA:463,0
DA:465,0
DA:466,0
DA:478,0
DA:486,0
DA:489,0
DA:491,0
DA:507,0
DA:508,0
DA:512,0
DA:518,0
DA:523,0
DA:527,0
DA:531,0
DA:532,0
DA:534,0
DA:535,0
DA:536,0
DA:537,0
DA:543,0
DA:545,0
LF:104
LH:0
BRDA:126,0,0,0
BRDA:128,1,0,0
BRDA:128,1,1,0
BRDA:130,2,0,0
BRDA:130,2,1,0
BRDA:131,3,0,0
BRDA:131,3,1,0
BRDA:132,4,0,0
BRDA:132,4,1,0
BRDA:146,5,0,0
BRDA:146,5,1,0
BRDA:153,6,0,0
BRDA:162,7,0,0
BRDA:162,7,1,0
BRDA:163,8,0,0
BRDA:163,8,1,0
BRDA:164,9,0,0
BRDA:164,9,1,0
BRDA:165,10,0,0
BRDA:165,10,1,0
BRDA:166,11,0,0
BRDA:166,11,1,0
BRDA:167,12,0,0
BRDA:167,12,1,0
BRDA:168,13,0,0
BRDA:168,13,1,0
BRDA:169,14,0,0
BRDA:169,14,1,0
BRDA:179,15,0,0
BRDA:179,15,1,0
BRDA:189,16,0,0
BRDA:199,17,0,0
BRDA:215,18,0,0
BRDA:215,18,1,0
BRDA:215,19,0,0
BRDA:215,19,1,0
BRDA:216,20,0,0
BRDA:216,20,1,0
BRDA:229,21,0,0
BRDA:229,21,1,0
BRDA:239,22,0,0
BRDA:239,22,1,0
BRDA:277,23,0,0
BRDA:282,24,0,0
BRDA:282,24,1,0
BRDA:302,25,0,0
BRDA:302,25,1,0
BRDA:319,26,0,0
BRDA:323,27,0,0
BRDA:323,27,1,0
BRDA:324,28,0,0
BRDA:324,28,1,0
BRDA:332,29,0,0
BRDA:332,29,1,0
BRDA:356,30,0,0
BRDA:361,31,0,0
BRDA:361,31,1,0
BRDA:381,32,0,0
BRDA:381,32,1,0
BRDA:405,33,0,0
BRDA:410,34,0,0
BRDA:410,34,1,0
BRDA:430,35,0,0
BRDA:430,35,1,0
BRDA:442,36,0,0
BRDA:444,37,0,0
BRDA:444,37,1,0
BRDA:445,38,0,0
BRDA:445,38,1,0
BRDA:446,39,0,0
BRDA:446,39,1,0
BRDA:447,40,0,0
BRDA:447,40,1,0
BRDA:448,41,0,0
BRDA:448,41,1,0
BRDA:449,42,0,0
BRDA:449,42,1,0
BRDA:450,43,0,0
BRDA:450,43,1,0
BRDA:467,44,0,0
BRDA:467,44,1,0
BRDA:468,45,0,0
BRDA:468,45,1,0
BRDA:469,46,0,0
BRDA:469,46,1,0
BRDA:470,47,0,0
BRDA:470,47,1,0
BRDA:471,48,0,0
BRDA:471,48,1,0
BRDA:472,49,0,0
BRDA:472,49,1,0
BRDA:473,50,0,0
BRDA:473,50,1,0
BRDA:474,51,0,0
BRDA:474,51,1,0
BRDA:486,52,0,0
BRDA:491,53,0,0
BRDA:491,53,1,0
BRDA:509,54,0,0
BRDA:509,54,1,0
BRDA:537,55,0,0
BRDA:537,55,1,0
BRF:102
BRH:0
end_of_record
TN:
SF:src\utils\bitcoin.ts
FN:23,legacyToNew
FN:28,newToLegacy
FN:40,convertUSDToBitcoin
FN:51,formatBitcoinDisplay
FN:59,formatTooltipDisplay
FN:66,useBitcoinPrice
FNF:6
FNH:0
FNDA:0,legacyToNew
FNDA:0,newToLegacy
FNDA:0,convertUSDToBitcoin
FNDA:0,formatBitcoinDisplay
FNDA:0,formatTooltipDisplay
FNDA:0,useBitcoinPrice
DA:11,0
DA:24,0
DA:29,0
DA:40,0
DA:42,0
DA:43,0
DA:44,0
DA:51,0
DA:52,0
DA:53,0
DA:59,0
DA:60,0
DA:66,0
DA:68,0
DA:69,0
LF:15
LH:0
BRF:0
BRH:0
end_of_record
TN:
SF:src\utils\blog-helper.ts
FN:4,(anonymous_6)
FN:14,(anonymous_7)
FN:22,(anonymous_8)
FNF:3
FNH:0
FNDA:0,(anonymous_6)
FNDA:0,(anonymous_7)
FNDA:0,(anonymous_8)
DA:4,0
DA:5,0
DA:14,0
DA:15,0
DA:16,0
DA:17,0
DA:18,0
DA:22,0
DA:31,0
DA:32,0
DA:34,0
DA:49,0
DA:78,0
LF:13
LH:0
BRDA:32,0,0,0
BRDA:32,0,1,0
BRDA:39,1,0,0
BRDA:39,1,1,0
BRDA:42,2,0,0
BRDA:42,2,1,0
BRDA:43,3,0,0
BRDA:43,3,1,0
BRF:8
BRH:0
end_of_record
TN:
SF:src\utils\currency.ts
FN:18,satoshisToBitcoin
FN:22,bitcoinToSatoshis
FN:26,convertSatoshisToAll
FN:39,convertBitcoinToAll
FN:52,formatBitcoinDisplay
FN:68,formatSwissFrancs
FN:77,formatBitcoinWithChf
FN:93,useBitcoinPrice
FN:105,getRegionName
FN:111,getRegionEmoji
FN:117,formatRegionalAlternatives
FNF:11
FNH:0
FNDA:0,satoshisToBitcoin
FNDA:0,bitcoinToSatoshis
FNDA:0,convertSatoshisToAll
FNDA:0,convertBitcoinToAll
FNDA:0,formatBitcoinDisplay
FNDA:0,formatSwissFrancs
FNDA:0,formatBitcoinWithChf
FNDA:0,useBitcoinPrice
FNDA:0,getRegionName
FNDA:0,getRegionEmoji
FNDA:0,formatRegionalAlternatives
DA:12,0
DA:18,0
DA:22,0
DA:23,0
DA:26,0
DA:27,0
DA:28,0
DA:29,0
DA:31,0
DA:39,0
DA:40,0
DA:41,0
DA:42,0
DA:44,0
DA:52,0
DA:53,0
DA:54,0
DA:57,0
DA:58,0
DA:59,0
DA:60,0
DA:63,0
DA:64,0
DA:68,0
DA:69,0
DA:77,0
DA:82,0
DA:83,0
DA:85,0
DA:93,0
DA:95,0
DA:105,0
DA:108,0
DA:111,0
DA:114,0
DA:117,0
DA:118,0
LF:37
LH:0
BRDA:52,0,0,0
BRDA:53,1,0,0
BRDA:57,2,0,0
BRDA:57,2,1,0
BRDA:59,3,0,0
BRDA:59,3,1,0
BRF:6
BRH:0
end_of_record
TN:
SF:src\utils\debugUtils.ts
FN:11,restoreConsole
FN:24,safeLog
FN:45,(anonymous_6)
FN:52,(anonymous_7)
FN:60,isConsoleOverridden
FNF:5
FNH:0
FNDA:0,restoreConsole
FNDA:0,safeLog
FNDA:0,(anonymous_6)
FNDA:0,(anonymous_7)
FNDA:0,isConsoleOverridden
DA:2,0
DA:11,0
DA:12,0
DA:13,0
DA:14,0
DA:15,0
DA:16,0
DA:17,0
DA:24,0
DA:25,0
DA:27,0
DA:28,0
DA:31,0
DA:32,0
DA:45,0
DA:46,0
DA:49,0
DA:52,0
DA:53,0
DA:60,0
DA:61,0
DA:64,0
DA:70,0
DA:72,0
DA:73,0
DA:74,0
LF:26
LH:0
BRDA:12,0,0,0
BRDA:25,1,0,0
BRDA:46,2,0,0
BRDA:46,2,1,0
BRDA:61,3,0,0
BRDA:64,4,0,0
BRDA:64,4,1,0
BRDA:64,4,2,0
BRDA:70,5,0,0
BRDA:70,6,0,0
BRDA:70,6,1,0
BRDA:72,7,0,0
BRF:12
BRH:0
end_of_record
TN:
SF:src\utils\dev-seed.ts
FN:105,seedDevelopmentData
FNF:1
FNH:0
FNDA:0,seedDevelopmentData
DA:1,0
DA:3,0
DA:9,0
DA:42,0
DA:105,0
DA:106,0
DA:107,0
DA:110,0
DA:111,0
DA:112,0
DA:116,0
DA:121,0
DA:122,0
DA:123,0
DA:126,0
DA:131,0
DA:132,0
DA:133,0
DA:134,0
DA:135,0
DA:137,0
DA:143,0
DA:144,0
DA:149,0
LF:24
LH:0
BRDA:110,0,0,0
BRDA:121,1,0,0
BRDA:121,2,0,0
BRDA:121,2,1,0
BRF:4
BRH:0
end_of_record
TN:
SF:src\utils\index.ts
FNF:0
FNH:0
DA:5,0
LF:1
LH:0
BRF:0
BRH:0
end_of_record
TN:
SF:src\utils\logger.ts
FN:17,(anonymous_6)
FN:23,(anonymous_7)
FN:32,(anonymous_8)
FN:40,(anonymous_9)
FN:48,(anonymous_10)
FN:54,(anonymous_11)
FN:61,(anonymous_12)
FN:68,(anonymous_13)
FN:73,(anonymous_14)
FN:78,(anonymous_15)
FN:87,(anonymous_17)
FN:88,(anonymous_18)
FN:89,(anonymous_19)
FN:90,(anonymous_20)
FNF:14
FNH:0
FNDA:0,(anonymous_6)
FNDA:0,(anonymous_7)
FNDA:0,(anonymous_8)
FNDA:0,(anonymous_9)
FNDA:0,(anonymous_10)
FNDA:0,(anonymous_11)
FNDA:0,(anonymous_12)
FNDA:0,(anonymous_13)
FNDA:0,(anonymous_14)
FNDA:0,(anonymous_15)
FNDA:0,(anonymous_17)
FNDA:0,(anonymous_18)
FNDA:0,(anonymous_19)
FNDA:0,(anonymous_20)
DA:14,0
DA:15,0
DA:18,0
DA:19,0
DA:20,0
DA:25,0
DA:26,0
DA:29,0
DA:33,0
DA:35,0
DA:36,0
DA:41,0
DA:43,0
DA:44,0
DA:49,0
DA:51,0
DA:55,0
DA:57,0
DA:62,0
DA:63,0
DA:69,0
DA:74,0
DA:79,0
DA:84,0
DA:87,0
DA:88,0
DA:89,0
DA:90,0
LF:28
LH:0
BRDA:19,0,0,0
BRDA:19,0,1,0
BRDA:25,1,0,0
BRDA:26,2,0,0
BRDA:26,2,1,0
BRDA:33,3,0,0
BRDA:35,4,0,0
BRDA:36,5,0,0
BRDA:36,5,1,0
BRDA:41,6,0,0
BRDA:43,7,0,0
BRDA:44,8,0,0
BRDA:44,8,1,0
BRDA:49,9,0,0
BRDA:51,10,0,0
BRDA:51,10,1,0
BRDA:55,11,0,0
BRDA:57,12,0,0
BRDA:57,12,1,0
BRDA:62,13,0,0
BRDA:63,14,0,0
BRDA:63,14,1,0
BRF:22
BRH:0
end_of_record
TN:
SF:src\utils\migrateLegacyDrafts.ts
FN:20,migrateLegacyDrafts
FN:33,(anonymous_7)
FN:77,(anonymous_8)
FN:78,(anonymous_9)
FN:99,hasLegacyDrafts
FN:100,(anonymous_11)
FN:112,getLegacyDraftPreview
FN:125,(anonymous_13)
FN:153,recoverSpecificDraft
FN:184,recreateMaoDraft
FNF:10
FNH:0
FNDA:0,migrateLegacyDrafts
FNDA:0,(anonymous_7)
FNDA:0,(anonymous_8)
FNDA:0,(anonymous_9)
FNDA:0,hasLegacyDrafts
FNDA:0,(anonymous_11)
FNDA:0,getLegacyDraftPreview
FNDA:0,(anonymous_13)
FNDA:0,recoverSpecificDraft
FNDA:0,recreateMaoDraft
DA:8,0
DA:20,0
DA:25,0
DA:31,0
DA:33,0
DA:34,0
DA:39,0
DA:40,0
DA:41,0
DA:42,0
DA:44,0
DA:45,0
DA:47,0
DA:49,0
DA:53,0
DA:54,0
DA:56,0
DA:57,0
DA:60,0
DA:65,0
DA:66,0
DA:71,0
DA:77,0
DA:78,0
DA:79,0
DA:80,0
DA:87,0
DA:90,0
DA:91,0
DA:92,0
DA:99,0
DA:100,0
DA:101,0
DA:106,0
DA:112,0
DA:123,0
DA:125,0
DA:126,0
DA:127,0
DA:128,0
DA:129,0
DA:131,0
DA:132,0
DA:133,0
DA:135,0
DA:142,0
DA:147,0
DA:153,0
DA:157,0
DA:158,0
DA:159,0
DA:160,0
DA:163,0
DA:165,0
DA:166,0
DA:169,0
DA:170,0
DA:172,0
DA:173,0
DA:176,0
DA:177,0
DA:184,0
DA:185,0
DA:187,0
DA:198,0
DA:199,0
DA:201,0
LF:67
LH:0
BRDA:34,0,0,0
BRDA:34,0,1,0
BRDA:42,1,0,0
BRDA:47,2,0,0
BRDA:79,3,0,0
BRDA:101,4,0,0
BRDA:101,4,1,0
BRDA:101,4,2,0
BRDA:126,5,0,0
BRDA:126,6,0,0
BRDA:126,6,1,0
BRDA:129,7,0,0
BRDA:132,8,0,0
BRDA:132,8,1,0
BRDA:133,9,0,0
BRDA:133,9,1,0
BRDA:159,10,0,0
BRDA:165,11,0,0
BRF:18
BRH:0
end_of_record
TN:
SF:src\utils\monitoring.ts
FN:4,(anonymous_5)
FN:12,(anonymous_6)
FN:24,(anonymous_7)
FN:32,(anonymous_8)
FNF:4
FNH:0
FNDA:0,(anonymous_5)
FNDA:0,(anonymous_6)
FNDA:0,(anonymous_7)
FNDA:0,(anonymous_8)
DA:1,0
DA:4,0
DA:5,0
DA:7,0
DA:12,0
DA:13,0
DA:15,0
DA:24,0
DA:25,0
DA:27,0
DA:32,0
DA:33,0
DA:35,0
LF:13
LH:0
BRDA:5,0,0,0
BRDA:13,1,0,0
BRDA:25,2,0,0
BRDA:33,3,0,0
BRF:4
BRH:0
end_of_record
TN:
SF:src\utils\validation.ts
FN:4,(anonymous_11)
FN:81,(anonymous_12)
FN:90,(anonymous_13)
FN:108,(anonymous_14)
FN:116,(anonymous_15)
FN:190,(anonymous_16)
FN:271,(anonymous_17)
FN:283,(anonymous_18)
FN:288,(anonymous_19)
FN:295,normalizeUrl
FN:311,validateUrl
FN:349,isValidUrl
FNF:12
FNH:0
FNDA:0,(anonymous_11)
FNDA:0,(anonymous_12)
FNDA:0,(anonymous_13)
FNDA:0,(anonymous_14)
FNDA:0,(anonymous_15)
FNDA:0,(anonymous_16)
FNDA:0,(anonymous_17)
FNDA:0,(anonymous_18)
FNDA:0,(anonymous_19)
FNDA:0,normalizeUrl
FNDA:0,validateUrl
FNDA:0,isValidUrl
DA:1,0
DA:4,0
DA:5,0
DA:6,0
DA:10,0
DA:11,0
DA:15,0
DA:20,0
DA:21,0
DA:27,0
DA:30,0
DA:31,0
DA:33,0
DA:35,0
DA:38,0
DA:39,0
DA:43,0
DA:46,0
DA:47,0
DA:49,0
DA:50,0
DA:54,0
DA:55,0
DA:60,0
DA:62,0
DA:63,0
DA:65,0
DA:67,0
DA:68,0
DA:70,0
DA:72,0
DA:73,0
DA:77,0
DA:81,0
DA:82,0
DA:83,0
DA:87,0
DA:88,0
DA:89,0
DA:90,0
DA:91,0
DA:96,0
DA:97,0
DA:98,0
DA:102,0
DA:103,0
DA:107,0
DA:108,0
DA:109,0
DA:112,0
DA:116,0
DA:117,0
DA:118,0
DA:122,0
DA:123,0
DA:125,0
DA:126,0
DA:131,0
DA:132,0
DA:136,0
DA:137,0
DA:138,0
DA:142,0
DA:143,0
DA:144,0
DA:152,0
DA:158,0
DA:159,0
DA:164,0
DA:169,0
DA:170,0
DA:171,0
DA:175,0
DA:176,0
DA:177,0
DA:178,0
DA:186,0
DA:190,0
DA:191,0
DA:192,0
DA:196,0
DA:197,0
DA:201,0
DA:212,0
DA:213,0
DA:214,0
DA:219,0
DA:220,0
DA:221,0
DA:222,0
DA:226,0
DA:227,0
DA:228,0
DA:232,0
DA:238,0
DA:239,0
DA:240,0
DA:241,0
DA:246,0
DA:247,0
DA:248,0
DA:252,0
DA:261,0
DA:262,0
DA:263,0
DA:267,0
DA:271,0
DA:272,0
DA:274,0
DA:283,0
DA:284,0
DA:285,0
DA:288,0
DA:289,0
DA:290,0
DA:295,0
DA:296,0
DA:298,0
DA:301,0
DA:304,0
DA:305,0
DA:308,0
DA:311,0
DA:312,0
DA:316,0
DA:318,0
DA:319,0
DA:322,0
DA:323,0
DA:331,0
DA:332,0
DA:339,0
DA:341,0
DA:349,0
DA:350,0
LF:135
LH:0
BRDA:5,0,0,0
BRDA:10,1,0,0
BRDA:10,2,0,0
BRDA:10,2,1,0
BRDA:20,3,0,0
BRDA:27,4,0,0
BRDA:27,4,1,0
BRDA:31,5,0,0
BRDA:31,5,1,0
BRDA:31,6,0,0
BRDA:31,6,1,0
BRDA:38,7,0,0
BRDA:43,8,0,0
BRDA:43,8,1,0
BRDA:46,9,0,0
BRDA:46,10,0,0
BRDA:46,10,1,0
BRDA:49,11,0,0
BRDA:49,12,0,0
BRDA:49,12,1,0
BRDA:54,13,0,0
BRDA:54,14,0,0
BRDA:54,14,1,0
BRDA:54,14,2,0
BRDA:60,15,0,0
BRDA:60,15,1,0
BRDA:62,16,0,0
BRDA:62,17,0,0
BRDA:62,17,1,0
BRDA:65,18,0,0
BRDA:65,18,1,0
BRDA:67,19,0,0
BRDA:70,20,0,0
BRDA:72,21,0,0
BRDA:82,22,0,0
BRDA:88,23,0,0
BRDA:90,24,0,0
BRDA:97,25,0,0
BRDA:102,26,0,0
BRDA:102,27,0,0
BRDA:102,27,1,0
BRDA:108,28,0,0
BRDA:108,29,0,0
BRDA:108,29,1,0
BRDA:117,30,0,0
BRDA:122,31,0,0
BRDA:125,32,0,0
BRDA:131,33,0,0
BRDA:137,34,0,0
BRDA:143,35,0,0
BRDA:146,36,0,0
BRDA:146,36,1,0
BRDA:158,37,0,0
BRDA:175,38,0,0
BRDA:177,39,0,0
BRDA:191,40,0,0
BRDA:196,41,0,0
BRDA:213,42,0,0
BRDA:221,43,0,0
BRDA:221,44,0,0
BRDA:221,44,1,0
BRDA:227,45,0,0
BRDA:240,46,0,0
BRDA:247,47,0,0
BRDA:262,48,0,0
BRDA:272,49,0,0
BRDA:296,50,0,0
BRDA:304,51,0,0
BRDA:304,52,0,0
BRDA:304,52,1,0
BRDA:312,53,0,0
BRDA:322,54,0,0
BRDA:331,55,0,0
BRDA:331,56,0,0
BRDA:331,56,1,0
BRF:75
BRH:0
end_of_record
TN:
SF:src\utils\verification.ts
FN:82,isProtectedUsername
FN:168,isLookalikeName
FN:192,generateNameVariations
FN:214,generateUsernameAlternatives
FN:232,canClaimVerificationBadge
FN:258,getVerificationBadgeType
FN:287,validateVerificationRequest
FN:325,validateBioForImpersonation
FN:372,getVerificationBadgeDisplay
FNF:9
FNH:0
FNDA:0,isProtectedUsername
FNDA:0,isLookalikeName
FNDA:0,generateNameVariations
FNDA:0,generateUsernameAlternatives
FNDA:0,canClaimVerificationBadge
FNDA:0,getVerificationBadgeType
FNDA:0,validateVerificationRequest
FNDA:0,validateBioForImpersonation
FNDA:0,getVerificationBadgeDisplay
DA:30,0
DA:42,0
DA:82,0
DA:83,0
DA:86,0
DA:87,0
DA:95,0
DA:96,0
DA:97,0
DA:105,0
DA:107,0
DA:108,0
DA:110,0
DA:111,0
DA:114,0
DA:115,0
DA:124,0
DA:125,0
DA:126,0
DA:135,0
DA:140,0
DA:141,0
DA:142,0
DA:152,0
DA:153,0
DA:154,0
DA:162,0
DA:170,0
DA:173,0
DA:184,0
DA:186,0
DA:193,0
DA:196,0
DA:197,0
DA:198,0
DA:200,0
DA:201,0
DA:202,0
DA:203,0
DA:208,0
DA:215,0
DA:217,0
DA:232,0
DA:236,0
DA:238,0
DA:239,0
DA:245,0
DA:246,0
DA:252,0
DA:258,0
DA:262,0
DA:263,0
DA:266,0
DA:267,0
DA:270,0
DA:271,0
DA:274,0
DA:287,0
DA:290,0
DA:293,0
DA:294,0
DA:295,0
DA:302,0
DA:304,0
DA:311,0
DA:313,0
DA:319,0
DA:325,0
DA:326,0
DA:328,0
DA:331,0
DA:337,0
DA:338,0
DA:339,0
DA:347,0
DA:352,0
DA:354,0
DA:355,0
DA:356,0
DA:358,0
DA:366,0
DA:372,0
DA:373,0
DA:400,0
LF:84
LH:0
BRDA:86,0,0,0
BRDA:96,1,0,0
BRDA:107,2,0,0
BRDA:110,3,0,0
BRDA:110,4,0,0
BRDA:110,4,1,0
BRDA:114,5,0,0
BRDA:114,6,0,0
BRDA:114,6,1,0
BRDA:125,7,0,0
BRDA:141,8,0,0
BRDA:153,9,0,0
BRDA:170,10,0,0
BRDA:200,11,0,0
BRDA:238,12,0,0
BRDA:245,13,0,0
BRDA:260,14,0,0
BRDA:262,15,0,0
BRDA:262,16,0,0
BRDA:262,16,1,0
BRDA:266,17,0,0
BRDA:270,18,0,0
BRDA:294,19,0,0
BRDA:294,20,0,0
BRDA:294,20,1,0
BRDA:302,21,0,0
BRDA:302,22,0,0
BRDA:302,22,1,0
BRDA:311,23,0,0
BRDA:311,24,0,0
BRDA:311,24,1,0
BRDA:311,24,2,0
BRDA:326,25,0,0
BRDA:338,26,0,0
BRDA:356,27,0,0
BRDA:356,28,0,0
BRDA:356,28,1,0
BRDA:400,29,0,0
BRDA:400,29,1,0
BRF:39
BRH:0
end_of_record
