TN:
SF:src/middleware.ts
FN:10,middleware
FN:26,(anonymous_1)
FN:39,(anonymous_2)
FN:57,(anonymous_3)
FN:69,(anonymous_4)
FN:80,(anonymous_5)
FNF:6
FNH:0
FNDA:0,middleware
FNDA:0,(anonymous_1)
FNDA:0,(anonymous_2)
FNDA:0,(anonymous_3)
FNDA:0,(anonymous_4)
FNDA:0,(anonymous_5)
DA:5,0
DA:8,0
DA:11,0
DA:18,0
DA:21,0
DA:24,0
DA:25,0
DA:26,0
DA:27,0
DA:29,0
DA:30,0
DA:32,0
DA:34,0
DA:36,0
DA:39,0
DA:40,0
DA:44,0
DA:45,0
DA:48,0
DA:51,0
DA:54,0
DA:57,0
DA:58,0
DA:62,0
DA:68,0
DA:70,0
DA:77,0
DA:80,0
DA:81,0
DA:82,0
DA:83,0
DA:84,0
DA:95,0
DA:99,0
LF:34
LH:0
BRDA:24,0,0,0
BRDA:24,1,0,0
BRDA:24,1,1,0
BRDA:29,2,0,0
BRDA:29,2,1,0
BRDA:29,2,2,0
BRDA:30,3,0,0
BRDA:30,3,1,0
BRDA:32,4,0,0
BRDA:32,4,1,0
BRDA:32,4,2,0
BRDA:34,5,0,0
BRDA:34,6,0,0
BRDA:34,6,1,0
BRDA:34,6,2,0
BRDA:34,6,3,0
BRDA:44,7,0,0
BRDA:58,8,0,0
BRDA:58,8,1,0
BRDA:62,9,0,0
BRDA:62,9,1,0
BRDA:62,9,2,0
BRDA:62,9,3,0
BRDA:68,10,0,0
BRDA:68,10,1,0
BRDA:68,10,2,0
BRDA:70,11,0,0
BRDA:70,11,1,0
BRDA:70,11,2,0
BRDA:70,11,3,0
BRDA:80,12,0,0
BRDA:80,13,0,0
BRDA:80,13,1,0
BRDA:80,13,2,0
BRF:34
BRH:0
end_of_record
TN:
SF:src/app/error.tsx
FN:6,Error
FN:15,(anonymous_1)
FNF:2
FNH:0
FNDA:0,Error
FNDA:0,(anonymous_1)
DA:13,0
DA:15,0
DA:19,0
LF:3
LH:0
BRF:0
BRH:0
end_of_record
TN:
SF:src/app/layout.tsx
FN:12,(anonymous_0)
FN:12,(anonymous_1)
FN:13,(anonymous_2)
FN:13,(anonymous_3)
FN:14,(anonymous_4)
FN:14,(anonymous_5)
FN:15,(anonymous_6)
FN:16,(anonymous_7)
FN:28,RootLayout
FNF:9
FNH:0
FNDA:0,(anonymous_0)
FNDA:0,(anonymous_1)
FNDA:0,(anonymous_2)
FNDA:0,(anonymous_3)
FNDA:0,(anonymous_4)
FNDA:0,(anonymous_5)
FNDA:0,(anonymous_6)
FNDA:0,(anonymous_7)
FNDA:0,RootLayout
DA:12,0
DA:13,0
DA:14,0
DA:15,0
DA:16,0
DA:18,0
DA:23,0
DA:33,0
DA:36,0
DA:37,0
DA:47,0
DA:50,0
DA:53,0
DA:56,0
DA:57,0
DA:58,0
DA:59,0
DA:65,0
DA:66,0
DA:73,0
LF:20
LH:0
BRDA:36,0,0,0
BRDA:36,0,1,0
BRDA:37,1,0,0
BRDA:37,1,1,0
BRDA:37,1,2,0
BRDA:37,1,3,0
BRDA:37,1,4,0
BRDA:37,1,5,0
BRDA:37,1,6,0
BRDA:37,1,7,0
BRDA:37,1,8,0
BRDA:57,2,0,0
BRDA:57,3,0,0
BRDA:57,3,1,0
BRDA:65,4,0,0
BRDA:65,5,0,0
BRDA:65,5,1,0
BRF:17
BRH:0
end_of_record
TN:
SF:src/app/loading.tsx
FN:4,LoadingPage
FNF:1
FNH:0
FNDA:0,LoadingPage
DA:5,0
LF:1
LH:0
BRF:0
BRH:0
end_of_record
TN:
SF:src/app/metadata.ts
FNF:0
FNH:0
DA:3,0
DA:4,0
DA:6,0
LF:3
LH:0
BRDA:3,0,0,0
BRDA:3,0,1,0
BRDA:4,1,0,0
BRDA:4,1,1,0
BRF:4
BRH:0
end_of_record
TN:
SF:src/app/not-found.tsx
FN:4,NotFound
FNF:1
FNH:0
FNDA:0,NotFound
DA:5,0
LF:1
LH:0
BRF:0
BRH:0
end_of_record
TN:
SF:src/app/page.tsx
FN:11,Home
FN:16,(anonymous_2)
FNF:2
FNH:2
FNDA:8,Home
FNDA:1,(anonymous_2)
DA:3,1
DA:4,1
DA:5,1
DA:6,1
DA:7,1
DA:8,1
DA:9,1
DA:11,1
DA:12,8
DA:13,8
DA:16,8
DA:17,1
DA:18,0
DA:23,7
DA:24,2
DA:28,5
DA:29,2
DA:33,3
DA:34,2
DA:38,1
LF:20
LH:19
BRDA:17,0,0,0
BRDA:23,1,0,2
BRDA:28,2,0,2
BRDA:33,3,0,2
BRF:4
BRH:3
end_of_record
TN:
SF:src/app/(authenticated)/layout.tsx
FN:31,AuthenticatedLayout
FN:89,(anonymous_1)
FN:125,(anonymous_2)
FN:126,(anonymous_3)
FN:135,(anonymous_4)
FN:150,(anonymous_5)
FN:174,(anonymous_6)
FN:176,(anonymous_7)
FN:187,(anonymous_8)
FN:203,(anonymous_9)
FN:219,(anonymous_10)
FN:272,(anonymous_11)
FN:286,(anonymous_12)
FN:337,(anonymous_13)
FNF:14
FNH:0
FNDA:0,AuthenticatedLayout
FNDA:0,(anonymous_1)
FNDA:0,(anonymous_2)
FNDA:0,(anonymous_3)
FNDA:0,(anonymous_4)
FNDA:0,(anonymous_5)
FNDA:0,(anonymous_6)
FNDA:0,(anonymous_7)
FNDA:0,(anonymous_8)
FNDA:0,(anonymous_9)
FNDA:0,(anonymous_10)
FNDA:0,(anonymous_11)
FNDA:0,(anonymous_12)
FNDA:0,(anonymous_13)
DA:32,0
DA:39,0
DA:42,0
DA:43,0
DA:44,0
DA:47,0
DA:48,0
DA:56,0
DA:58,0
DA:89,0
DA:125,0
DA:126,0
DA:137,0
DA:138,0
DA:150,0
DA:175,0
DA:176,0
DA:178,0
DA:187,0
DA:204,0
DA:206,0
DA:220,0
DA:221,0
DA:222,0
DA:224,0
DA:273,0
DA:275,0
DA:287,0
DA:288,0
DA:337,0
LF:30
LH:0
BRDA:47,0,0,0
BRDA:56,1,0,0
BRDA:56,1,1,0
BRDA:56,1,2,0
BRDA:109,2,0,0
BRDA:109,2,1,0
BRDA:119,3,0,0
BRDA:119,3,1,0
BRDA:123,4,0,0
BRDA:123,4,1,0
BRDA:123,5,0,0
BRDA:123,5,1,0
BRDA:130,6,0,0
BRDA:130,6,1,0
BRDA:130,6,2,0
BRDA:131,7,0,0
BRDA:131,7,1,0
BRDA:134,8,0,0
BRDA:134,8,1,0
BRDA:137,9,0,0
BRDA:143,10,0,0
BRDA:143,10,1,0
BRDA:143,11,0,0
BRDA:143,11,1,0
BRDA:146,12,0,0
BRDA:146,12,1,0
BRDA:147,13,0,0
BRDA:147,13,1,0
BRDA:148,14,0,0
BRDA:148,14,1,0
BRDA:154,15,0,0
BRDA:154,15,1,0
BRDA:160,16,0,0
BRDA:160,16,1,0
BRDA:162,17,0,0
BRDA:162,17,1,0
BRDA:162,17,2,0
BRDA:165,18,0,0
BRDA:165,18,1,0
BRDA:181,19,0,0
BRDA:181,19,1,0
BRDA:185,20,0,0
BRDA:185,20,1,0
BRDA:191,21,0,0
BRDA:191,21,1,0
BRDA:201,22,0,0
BRDA:201,22,1,0
BRDA:201,22,2,0
BRDA:201,22,3,0
BRDA:209,23,0,0
BRDA:209,23,1,0
BRDA:211,24,0,0
BRDA:211,24,1,0
BRDA:213,25,0,0
BRDA:213,25,1,0
BRDA:217,26,0,0
BRDA:217,26,1,0
BRDA:218,27,0,0
BRDA:218,27,1,0
BRDA:220,28,0,0
BRDA:220,28,1,0
BRDA:222,29,0,0
BRDA:227,30,0,0
BRDA:227,30,1,0
BRDA:229,31,0,0
BRDA:229,31,1,0
BRDA:230,32,0,0
BRDA:230,32,1,0
BRDA:232,33,0,0
BRDA:232,33,1,0
BRDA:237,34,0,0
BRDA:237,34,1,0
BRDA:242,35,0,0
BRDA:242,35,1,0
BRDA:243,36,0,0
BRDA:243,36,1,0
BRDA:247,37,0,0
BRDA:247,37,1,0
BRDA:247,37,2,0
BRDA:254,38,0,0
BRDA:254,38,1,0
BRDA:254,38,2,0
BRDA:254,38,3,0
BRDA:270,39,0,0
BRDA:270,39,1,0
BRDA:280,40,0,0
BRDA:280,40,1,0
BRDA:284,41,0,0
BRDA:284,41,1,0
BRDA:285,42,0,0
BRDA:285,42,1,0
BRDA:287,43,0,0
BRDA:292,44,0,0
BRDA:292,44,1,0
BRDA:293,45,0,0
BRDA:293,45,1,0
BRDA:297,46,0,0
BRDA:297,46,1,0
BRDA:311,47,0,0
BRDA:311,47,1,0
BRDA:321,48,0,0
BRDA:321,48,1,0
BRF:102
BRH:0
end_of_record
TN:
SF:src/app/(authenticated)/dashboard/page.tsx
FN:32,DashboardPage
FN:41,(anonymous_1)
FN:45,(anonymous_2)
FN:52,(anonymous_3)
FN:59,(anonymous_4)
FN:93,(anonymous_5)
FN:110,(anonymous_6)
FN:111,(anonymous_7)
FN:127,(anonymous_8)
FN:128,(anonymous_9)
FN:311,(anonymous_10)
FN:331,(anonymous_11)
FN:349,(anonymous_12)
FN:366,(anonymous_13)
FN:383,(anonymous_14)
FN:419,(anonymous_15)
FNF:16
FNH:0
FNDA:0,DashboardPage
FNDA:0,(anonymous_1)
FNDA:0,(anonymous_2)
FNDA:0,(anonymous_3)
FNDA:0,(anonymous_4)
FNDA:0,(anonymous_5)
FNDA:0,(anonymous_6)
FNDA:0,(anonymous_7)
FNDA:0,(anonymous_8)
FNDA:0,(anonymous_9)
FNDA:0,(anonymous_10)
FNDA:0,(anonymous_11)
FNDA:0,(anonymous_12)
FNDA:0,(anonymous_13)
FNDA:0,(anonymous_14)
FNDA:0,(anonymous_15)
DA:33,0
DA:34,0
DA:35,0
DA:36,0
DA:37,0
DA:38,0
DA:41,0
DA:45,0
DA:46,0
DA:47,0
DA:52,0
DA:53,0
DA:54,0
DA:59,0
DA:60,0
DA:62,0
DA:63,0
DA:64,0
DA:69,0
DA:70,0
DA:74,0
DA:75,0
DA:79,0
DA:80,0
DA:93,0
DA:107,0
DA:108,0
DA:109,0
DA:110,0
DA:111,0
DA:114,0
DA:115,0
DA:116,0
DA:117,0
DA:118,0
DA:121,0
DA:122,0
DA:123,0
DA:126,0
DA:127,0
DA:128,0
DA:132,0
DA:134,0
DA:311,0
DA:331,0
DA:349,0
DA:366,0
DA:383,0
DA:420,0
LF:49
LH:0
BRDA:46,0,0,0
BRDA:53,1,0,0
BRDA:53,2,0,0
BRDA:53,2,1,0
BRDA:60,3,0,0
BRDA:62,4,0,0
BRDA:62,5,0,0
BRDA:62,5,1,0
BRDA:62,5,2,0
BRDA:62,5,3,0
BRDA:69,6,0,0
BRDA:69,7,0,0
BRDA:69,7,1,0
BRDA:74,8,0,0
BRDA:74,9,0,0
BRDA:74,9,1,0
BRDA:79,10,0,0
BRDA:79,11,0,0
BRDA:79,11,1,0
BRDA:110,12,0,0
BRDA:110,12,1,0
BRDA:111,13,0,0
BRDA:111,13,1,0
BRDA:122,14,0,0
BRDA:122,14,1,0
BRDA:126,15,0,0
BRDA:126,15,1,0
BRDA:127,16,0,0
BRDA:127,16,1,0
BRDA:127,17,0,0
BRDA:127,17,1,0
BRDA:128,18,0,0
BRDA:128,18,1,0
BRDA:151,19,0,0
BRDA:151,19,1,0
BRDA:151,19,2,0
BRDA:153,20,0,0
BRDA:153,20,1,0
BRDA:163,21,0,0
BRDA:163,21,1,0
BRDA:164,22,0,0
BRDA:164,22,1,0
BRDA:172,23,0,0
BRDA:172,23,1,0
BRDA:183,24,0,0
BRDA:183,24,1,0
BRDA:194,25,0,0
BRDA:194,25,1,0
BRDA:200,26,0,0
BRDA:200,26,1,0
BRDA:205,27,0,0
BRDA:205,27,1,0
BRDA:210,28,0,0
BRDA:210,28,1,0
BRDA:211,29,0,0
BRDA:211,29,1,0
BRDA:244,30,0,0
BRDA:244,30,1,0
BRDA:244,30,2,0
BRDA:253,31,0,0
BRDA:253,31,1,0
BRDA:260,32,0,0
BRDA:260,32,1,0
BRDA:261,33,0,0
BRDA:261,33,1,0
BRDA:262,34,0,0
BRDA:262,34,1,0
BRDA:274,35,0,0
BRDA:274,35,1,0
BRDA:278,36,0,0
BRDA:278,36,1,0
BRDA:280,37,0,0
BRDA:280,37,1,0
BRDA:283,38,0,0
BRDA:283,38,1,0
BRDA:321,39,0,0
BRDA:321,39,1,0
BRDA:340,40,0,0
BRDA:340,40,1,0
BRDA:341,41,0,0
BRDA:341,41,1,0
BRDA:342,42,0,0
BRDA:342,42,1,0
BRDA:365,43,0,0
BRDA:365,43,1,0
BRDA:375,44,0,0
BRDA:375,44,1,0
BRDA:401,45,0,0
BRDA:401,45,1,0
BRDA:425,46,0,0
BRDA:425,46,1,0
BRDA:427,47,0,0
BRDA:427,47,1,0
BRDA:431,48,0,0
BRDA:431,48,1,0
BRDA:431,49,0,0
BRDA:431,49,1,0
BRDA:436,50,0,0
BRDA:436,50,1,0
BRDA:438,51,0,0
BRDA:438,51,1,0
BRDA:439,52,0,0
BRDA:439,52,1,0
BRDA:441,53,0,0
BRDA:441,53,1,0
BRDA:473,54,0,0
BRDA:473,54,1,0
BRDA:500,55,0,0
BRDA:500,55,1,0
BRF:109
BRH:0
end_of_record
TN:
SF:src/app/(authenticated)/dashboard/analytics/page.tsx
FN:51,AnalyticsPage
FN:57,(anonymous_1)
FN:68,(anonymous_2)
FN:69,(anonymous_3)
FN:70,(anonymous_4)
FN:71,(anonymous_5)
FN:74,(anonymous_6)
FN:128,(anonymous_7)
FN:129,(anonymous_8)
FN:147,(anonymous_9)
FN:154,(anonymous_10)
FN:165,(anonymous_11)
FN:189,(anonymous_12)
FN:192,(anonymous_13)
FN:207,(anonymous_14)
FN:211,(anonymous_15)
FN:223,(anonymous_16)
FN:286,(anonymous_17)
FNF:18
FNH:0
FNDA:0,AnalyticsPage
FNDA:0,(anonymous_1)
FNDA:0,(anonymous_2)
FNDA:0,(anonymous_3)
FNDA:0,(anonymous_4)
FNDA:0,(anonymous_5)
FNDA:0,(anonymous_6)
FNDA:0,(anonymous_7)
FNDA:0,(anonymous_8)
FNDA:0,(anonymous_9)
FNDA:0,(anonymous_10)
FNDA:0,(anonymous_11)
FNDA:0,(anonymous_12)
FNDA:0,(anonymous_13)
FNDA:0,(anonymous_14)
FNDA:0,(anonymous_15)
FNDA:0,(anonymous_16)
FNDA:0,(anonymous_17)
DA:52,0
DA:53,0
DA:54,0
DA:55,0
DA:57,0
DA:58,0
DA:59,0
DA:63,0
DA:64,0
DA:68,0
DA:69,0
DA:70,0
DA:71,0
DA:72,0
DA:73,0
DA:74,0
DA:76,0
DA:128,0
DA:129,0
DA:144,0
DA:145,0
DA:147,0
DA:148,0
DA:149,0
DA:151,0
DA:154,0
DA:155,0
DA:157,0
DA:159,0
DA:161,0
DA:165,0
DA:166,0
DA:168,0
DA:170,0
DA:172,0
DA:176,0
DA:190,0
DA:192,0
DA:207,0
DA:212,0
DA:224,0
DA:225,0
DA:287,0
DA:290,0
LF:44
LH:0
BRDA:58,0,0,0
BRDA:63,1,0,0
BRDA:63,2,0,0
BRDA:63,2,1,0
BRDA:70,3,0,0
BRDA:70,3,1,0
BRDA:71,4,0,0
BRDA:71,4,1,0
BRDA:72,5,0,0
BRDA:72,5,1,0
BRDA:73,6,0,0
BRDA:73,6,1,0
BRDA:74,7,0,0
BRDA:74,7,1,0
BRDA:88,8,0,0
BRDA:88,8,1,0
BRDA:89,9,0,0
BRDA:89,9,1,0
BRDA:131,10,0,0
BRDA:131,10,1,0
BRDA:132,11,0,0
BRDA:132,11,1,0
BRDA:133,12,0,0
BRDA:133,12,1,0
BRDA:134,13,0,0
BRDA:134,13,1,0
BRDA:136,14,0,0
BRDA:136,14,1,0
BRDA:137,15,0,0
BRDA:137,15,1,0
BRDA:148,16,0,0
BRDA:155,17,0,0
BRDA:155,17,1,0
BRDA:155,17,2,0
BRDA:166,18,0,0
BRDA:166,18,1,0
BRDA:166,18,2,0
BRDA:194,19,0,0
BRDA:194,19,1,0
BRDA:199,20,0,0
BRDA:199,20,1,0
BRDA:213,21,0,0
BRDA:213,21,1,0
BRDA:236,22,0,0
BRDA:236,22,1,0
BRDA:236,23,0,0
BRDA:236,23,1,0
BRDA:238,24,0,0
BRDA:238,24,1,0
BRDA:238,25,0,0
BRDA:238,25,1,0
BRDA:246,26,0,0
BRDA:246,26,1,0
BRDA:262,27,0,0
BRDA:262,27,1,0
BRDA:287,28,0,0
BRDA:287,28,1,0
BRDA:391,29,0,0
BRDA:391,29,1,0
BRF:59
BRH:0
end_of_record
TN:
SF:src/app/(authenticated)/dashboard/fundraising/page.tsx
FN:10,FundraisingDashboardPage
FNF:1
FNH:0
FNDA:0,FundraisingDashboardPage
DA:11,0
DA:12,0
DA:15,0
DA:16,0
DA:20,0
DA:21,0
DA:22,0
DA:25,0
LF:8
LH:0
BRDA:15,0,0,0
BRDA:15,1,0,0
BRDA:15,1,1,0
BRDA:20,2,0,0
BRDA:20,3,0,0
BRDA:20,3,1,0
BRF:6
BRH:0
end_of_record
TN:
SF:src/app/(authenticated)/funding/page.tsx
FN:128,FundingPage
FNF:1
FNH:0
FNDA:0,FundingPage
DA:31,0
DA:70,0
DA:115,0
DA:129,0
LF:4
LH:0
BRF:0
BRH:0
end_of_record
TN:
SF:src/app/(authenticated)/organizations/page.tsx
FN:42,OrganizationsPage
FN:67,(anonymous_1)
FN:71,(anonymous_2)
FN:101,(anonymous_3)
FN:126,(anonymous_4)
FN:146,(anonymous_5)
FN:146,(anonymous_6)
FN:147,(anonymous_7)
FN:160,(anonymous_8)
FN:176,(anonymous_9)
FN:176,(anonymous_10)
FN:197,(anonymous_11)
FN:197,(anonymous_12)
FN:205,(anonymous_13)
FN:205,(anonymous_14)
FN:217,(anonymous_15)
FN:256,(anonymous_16)
FN:270,(anonymous_17)
FN:284,(anonymous_18)
FN:294,(anonymous_19)
FN:298,(anonymous_20)
FN:302,(anonymous_21)
FN:320,(anonymous_22)
FN:339,(anonymous_23)
FN:340,(anonymous_24)
FN:341,(anonymous_25)
FNF:26
FNH:0
FNDA:0,OrganizationsPage
FNDA:0,(anonymous_1)
FNDA:0,(anonymous_2)
FNDA:0,(anonymous_3)
FNDA:0,(anonymous_4)
FNDA:0,(anonymous_5)
FNDA:0,(anonymous_6)
FNDA:0,(anonymous_7)
FNDA:0,(anonymous_8)
FNDA:0,(anonymous_9)
FNDA:0,(anonymous_10)
FNDA:0,(anonymous_11)
FNDA:0,(anonymous_12)
FNDA:0,(anonymous_13)
FNDA:0,(anonymous_14)
FNDA:0,(anonymous_15)
FNDA:0,(anonymous_16)
FNDA:0,(anonymous_17)
FNDA:0,(anonymous_18)
FNDA:0,(anonymous_19)
FNDA:0,(anonymous_20)
FNDA:0,(anonymous_21)
FNDA:0,(anonymous_22)
FNDA:0,(anonymous_23)
FNDA:0,(anonymous_24)
FNDA:0,(anonymous_25)
DA:43,0
DA:44,0
DA:46,0
DA:47,0
DA:48,0
DA:49,0
DA:50,0
DA:55,0
DA:58,0
DA:59,0
DA:62,0
DA:63,0
DA:64,0
DA:67,0
DA:68,0
DA:71,0
DA:72,0
DA:73,0
DA:75,0
DA:81,0
DA:82,0
DA:83,0
DA:85,0
DA:87,0
DA:88,0
DA:91,0
DA:92,0
DA:94,0
DA:96,0
DA:97,0
DA:101,0
DA:102,0
DA:105,0
DA:106,0
DA:109,0
DA:126,0
DA:146,0
DA:147,0
DA:160,0
DA:176,0
DA:197,0
DA:205,0
DA:218,0
DA:223,0
DA:256,0
DA:270,0
DA:284,0
DA:295,0
DA:300,0
DA:304,0
DA:320,0
DA:339,0
DA:341,0
DA:342,0
LF:54
LH:0
BRDA:58,0,0,0
BRDA:58,1,0,0
BRDA:58,1,1,0
BRDA:62,2,0,0
BRDA:81,3,0,0
BRDA:82,4,0,0
BRDA:83,5,0,0
BRDA:87,6,0,0
BRDA:92,7,0,0
BRDA:92,7,1,0
BRDA:105,8,0,0
BRDA:147,9,0,0
BRDA:147,9,1,0
BRDA:155,10,0,0
BRDA:155,10,1,0
BRDA:169,11,0,0
BRDA:169,11,1,0
BRDA:175,12,0,0
BRDA:175,12,1,0
BRDA:176,13,0,0
BRDA:176,13,1,0
BRDA:196,14,0,0
BRDA:196,14,1,0
BRDA:311,15,0,0
BRDA:311,15,1,0
BRDA:311,15,2,0
BRDA:318,16,0,0
BRDA:318,16,1,0
BRDA:328,17,0,0
BRDA:328,17,1,0
BRF:30
BRH:0
end_of_record
TN:
SF:src/app/(authenticated)/organizations/[slug]/page.tsx
FN:12,OrganizationDetailPage
FN:19,(anonymous_1)
FN:34,(anonymous_2)
FN:45,(anonymous_3)
FN:50,(anonymous_4)
FN:63,(anonymous_5)
FN:81,(anonymous_6)
FN:93,(anonymous_7)
FN:126,(anonymous_8)
FN:134,(anonymous_9)
FN:152,(anonymous_10)
FNF:11
FNH:0
FNDA:0,OrganizationDetailPage
FNDA:0,(anonymous_1)
FNDA:0,(anonymous_2)
FNDA:0,(anonymous_3)
FNDA:0,(anonymous_4)
FNDA:0,(anonymous_5)
FNDA:0,(anonymous_6)
FNDA:0,(anonymous_7)
FNDA:0,(anonymous_8)
FNDA:0,(anonymous_9)
FNDA:0,(anonymous_10)
DA:13,0
DA:14,0
DA:15,0
DA:16,0
DA:17,0
DA:19,0
DA:20,0
DA:21,0
DA:22,0
DA:23,0
DA:24,0
DA:25,0
DA:26,0
DA:28,0
DA:30,0
DA:34,0
DA:35,0
DA:36,0
DA:37,0
DA:38,0
DA:39,0
DA:45,0
DA:46,0
DA:50,0
DA:51,0
DA:52,0
DA:53,0
DA:54,0
DA:55,0
DA:56,0
DA:57,0
DA:59,0
DA:63,0
DA:64,0
DA:65,0
DA:66,0
DA:67,0
DA:68,0
DA:69,0
DA:70,0
DA:72,0
DA:76,0
DA:77,0
DA:81,0
DA:88,0
DA:93,0
DA:126,0
DA:135,0
DA:136,0
DA:137,0
DA:153,0
LF:51
LH:0
BRDA:24,0,0,0
BRDA:24,1,0,0
BRDA:24,1,1,0
BRDA:26,2,0,0
BRDA:38,3,0,0
BRDA:38,4,0,0
BRDA:38,4,1,0
BRDA:39,5,0,0
BRDA:39,5,1,0
BRDA:51,6,0,0
BRDA:55,7,0,0
BRDA:55,8,0,0
BRDA:55,8,1,0
BRDA:64,9,0,0
BRDA:68,10,0,0
BRDA:68,11,0,0
BRDA:68,11,1,0
BRDA:76,12,0,0
BRDA:77,13,0,0
BRDA:109,14,0,0
BRDA:109,14,1,0
BRDA:115,15,0,0
BRDA:115,15,1,0
BRDA:115,15,2,0
BRDA:116,16,0,0
BRDA:116,16,1,0
BRDA:121,17,0,0
BRDA:121,17,1,0
BRDA:126,18,0,0
BRDA:126,18,1,0
BRDA:135,19,0,0
BRDA:135,19,1,0
BRDA:148,20,0,0
BRDA:148,20,1,0
BRDA:156,21,0,0
BRDA:156,21,1,0
BRDA:156,21,2,0
BRDA:159,22,0,0
BRDA:159,22,1,0
BRF:39
BRH:0
end_of_record
TN:
SF:src/app/(authenticated)/people/page.tsx
FN:51,PeoplePage
FN:76,(anonymous_1)
FN:80,(anonymous_2)
FN:101,(anonymous_3)
FN:147,(anonymous_4)
FN:167,(anonymous_5)
FN:167,(anonymous_6)
FN:168,(anonymous_7)
FN:181,(anonymous_8)
FN:197,(anonymous_9)
FN:197,(anonymous_10)
FN:211,(anonymous_11)
FN:211,(anonymous_12)
FN:218,(anonymous_13)
FN:258,(anonymous_14)
FN:272,(anonymous_15)
FN:286,(anonymous_16)
FN:296,(anonymous_17)
FN:300,(anonymous_18)
FN:304,(anonymous_19)
FN:322,(anonymous_20)
FNF:21
FNH:0
FNDA:0,PeoplePage
FNDA:0,(anonymous_1)
FNDA:0,(anonymous_2)
FNDA:0,(anonymous_3)
FNDA:0,(anonymous_4)
FNDA:0,(anonymous_5)
FNDA:0,(anonymous_6)
FNDA:0,(anonymous_7)
FNDA:0,(anonymous_8)
FNDA:0,(anonymous_9)
FNDA:0,(anonymous_10)
FNDA:0,(anonymous_11)
FNDA:0,(anonymous_12)
FNDA:0,(anonymous_13)
FNDA:0,(anonymous_14)
FNDA:0,(anonymous_15)
FNDA:0,(anonymous_16)
FNDA:0,(anonymous_17)
FNDA:0,(anonymous_18)
FNDA:0,(anonymous_19)
FNDA:0,(anonymous_20)
DA:52,0
DA:53,0
DA:55,0
DA:56,0
DA:57,0
DA:58,0
DA:64,0
DA:67,0
DA:68,0
DA:71,0
DA:72,0
DA:73,0
DA:76,0
DA:77,0
DA:80,0
DA:81,0
DA:82,0
DA:85,0
DA:87,0
DA:88,0
DA:91,0
DA:92,0
DA:94,0
DA:96,0
DA:97,0
DA:101,0
DA:102,0
DA:103,0
DA:104,0
DA:107,0
DA:108,0
DA:110,0
DA:112,0
DA:113,0
DA:116,0
DA:117,0
DA:119,0
DA:121,0
DA:126,0
DA:127,0
DA:130,0
DA:147,0
DA:167,0
DA:168,0
DA:181,0
DA:197,0
DA:211,0
DA:219,0
DA:225,0
DA:258,0
DA:272,0
DA:286,0
DA:297,0
DA:302,0
DA:306,0
DA:322,0
LF:56
LH:0
BRDA:67,0,0,0
BRDA:67,1,0,0
BRDA:67,1,1,0
BRDA:71,2,0,0
BRDA:87,3,0,0
BRDA:92,4,0,0
BRDA:92,4,1,0
BRDA:102,5,0,0
BRDA:112,6,0,0
BRDA:117,7,0,0
BRDA:117,7,1,0
BRDA:126,8,0,0
BRDA:168,9,0,0
BRDA:168,9,1,0
BRDA:176,10,0,0
BRDA:176,10,1,0
BRDA:190,11,0,0
BRDA:190,11,1,0
BRDA:272,12,0,0
BRDA:272,12,1,0
BRDA:286,13,0,0
BRDA:286,13,1,0
BRDA:313,14,0,0
BRDA:313,14,1,0
BRDA:313,14,2,0
BRDA:320,15,0,0
BRDA:320,15,1,0
BRDA:330,16,0,0
BRDA:330,16,1,0
BRF:29
BRH:0
end_of_record
TN:
SF:src/app/(authenticated)/profile/page.tsx
FN:13,ProfilePage
FN:48,(anonymous_1)
FN:70,(anonymous_2)
FN:87,(anonymous_3)
FNF:4
FNH:0
FNDA:0,ProfilePage
FNDA:0,(anonymous_1)
FNDA:0,(anonymous_2)
FNDA:0,(anonymous_3)
DA:14,0
DA:15,0
DA:26,0
DA:31,0
DA:32,0
DA:35,0
DA:36,0
DA:48,0
DA:61,0
DA:62,0
DA:70,0
DA:80,0
DA:81,0
DA:87,0
DA:93,0
LF:15
LH:0
BRDA:31,0,0,0
BRDA:35,1,0,0
BRDA:61,2,0,0
BRDA:80,3,0,0
BRDA:80,4,0,0
BRDA:80,4,1,0
BRDA:80,4,2,0
BRF:7
BRH:0
end_of_record
TN:
SF:src/app/(authenticated)/profile/[username]/page.tsx
FN:11,PublicProfilePage
FN:44,(anonymous_1)
FN:66,(anonymous_2)
FNF:3
FNH:0
FNDA:0,PublicProfilePage
FNDA:0,(anonymous_1)
FNDA:0,(anonymous_2)
DA:12,0
DA:13,0
DA:14,0
DA:25,0
DA:30,0
DA:31,0
DA:34,0
DA:35,0
DA:44,0
DA:57,0
DA:58,0
DA:66,0
DA:75,0
LF:13
LH:0
BRDA:30,0,0,0
BRDA:34,1,0,0
BRDA:57,2,0,0
BRF:3
BRH:0
end_of_record
TN:
SF:src/app/(authenticated)/projects/page.tsx
FN:73,ProjectsPage
FN:107,(anonymous_1)
FN:115,(anonymous_2)
FN:251,(anonymous_3)
FN:264,(anonymous_4)
FN:272,(anonymous_5)
FN:275,(anonymous_6)
FN:285,(anonymous_7)
FN:295,(anonymous_8)
FN:304,(anonymous_9)
FN:314,(anonymous_10)
FN:318,(anonymous_11)
FN:343,(anonymous_12)
FN:355,(anonymous_13)
FN:366,(anonymous_14)
FN:387,(anonymous_15)
FN:387,(anonymous_16)
FN:391,(anonymous_17)
FN:397,(anonymous_18)
FN:402,(anonymous_19)
FN:402,(anonymous_20)
FN:416,(anonymous_21)
FN:416,(anonymous_22)
FN:422,(anonymous_23)
FN:427,(anonymous_24)
FN:427,(anonymous_25)
FN:433,(anonymous_26)
FN:438,(anonymous_27)
FN:438,(anonymous_28)
FN:451,(anonymous_29)
FN:451,(anonymous_30)
FN:454,(anonymous_31)
FN:489,(anonymous_32)
FN:503,(anonymous_33)
FN:517,(anonymous_34)
FN:527,(anonymous_35)
FN:584,(anonymous_36)
FN:611,(anonymous_37)
FN:624,(anonymous_38)
FN:631,(anonymous_39)
FN:637,(anonymous_40)
FN:652,(anonymous_41)
FN:653,(anonymous_42)
FN:673,(anonymous_43)
FN:674,(anonymous_44)
FNF:45
FNH:0
FNDA:0,ProjectsPage
FNDA:0,(anonymous_1)
FNDA:0,(anonymous_2)
FNDA:0,(anonymous_3)
FNDA:0,(anonymous_4)
FNDA:0,(anonymous_5)
FNDA:0,(anonymous_6)
FNDA:0,(anonymous_7)
FNDA:0,(anonymous_8)
FNDA:0,(anonymous_9)
FNDA:0,(anonymous_10)
FNDA:0,(anonymous_11)
FNDA:0,(anonymous_12)
FNDA:0,(anonymous_13)
FNDA:0,(anonymous_14)
FNDA:0,(anonymous_15)
FNDA:0,(anonymous_16)
FNDA:0,(anonymous_17)
FNDA:0,(anonymous_18)
FNDA:0,(anonymous_19)
FNDA:0,(anonymous_20)
FNDA:0,(anonymous_21)
FNDA:0,(anonymous_22)
FNDA:0,(anonymous_23)
FNDA:0,(anonymous_24)
FNDA:0,(anonymous_25)
FNDA:0,(anonymous_26)
FNDA:0,(anonymous_27)
FNDA:0,(anonymous_28)
FNDA:0,(anonymous_29)
FNDA:0,(anonymous_30)
FNDA:0,(anonymous_31)
FNDA:0,(anonymous_32)
FNDA:0,(anonymous_33)
FNDA:0,(anonymous_34)
FNDA:0,(anonymous_35)
FNDA:0,(anonymous_36)
FNDA:0,(anonymous_37)
FNDA:0,(anonymous_38)
FNDA:0,(anonymous_39)
FNDA:0,(anonymous_40)
FNDA:0,(anonymous_41)
FNDA:0,(anonymous_42)
FNDA:0,(anonymous_43)
FNDA:0,(anonymous_44)
DA:74,0
DA:75,0
DA:77,0
DA:78,0
DA:79,0
DA:80,0
DA:81,0
DA:90,0
DA:91,0
DA:93,0
DA:94,0
DA:95,0
DA:98,0
DA:99,0
DA:102,0
DA:103,0
DA:104,0
DA:107,0
DA:108,0
DA:109,0
DA:111,0
DA:115,0
DA:116,0
DA:117,0
DA:120,0
DA:242,0
DA:244,0
DA:246,0
DA:247,0
DA:251,0
DA:252,0
DA:253,0
DA:255,0
DA:257,0
DA:259,0
DA:260,0
DA:264,0
DA:265,0
DA:266,0
DA:268,0
DA:272,0
DA:273,0
DA:275,0
DA:277,0
DA:278,0
DA:279,0
DA:280,0
DA:282,0
DA:285,0
DA:286,0
DA:287,0
DA:288,0
DA:289,0
DA:290,0
DA:291,0
DA:295,0
DA:296,0
DA:297,0
DA:298,0
DA:299,0
DA:300,0
DA:304,0
DA:305,0
DA:306,0
DA:307,0
DA:308,0
DA:309,0
DA:310,0
DA:314,0
DA:315,0
DA:318,0
DA:319,0
DA:322,0
DA:323,0
DA:326,0
DA:343,0
DA:355,0
DA:366,0
DA:387,0
DA:391,0
DA:397,0
DA:402,0
DA:416,0
DA:422,0
DA:427,0
DA:433,0
DA:438,0
DA:451,0
DA:455,0
DA:464,0
DA:489,0
DA:503,0
DA:517,0
DA:528,0
DA:585,0
DA:612,0
DA:624,0
DA:631,0
DA:637,0
DA:652,0
DA:654,0
DA:663,0
DA:673,0
DA:674,0
LF:104
LH:0
BRDA:98,0,0,0
BRDA:98,1,0,0
BRDA:98,1,1,0
BRDA:102,2,0,0
BRDA:108,3,0,0
BRDA:108,3,1,0
BRDA:265,4,0,0
BRDA:265,4,1,0
BRDA:273,5,0,0
BRDA:273,5,1,0
BRDA:273,5,2,0
BRDA:277,6,0,0
BRDA:277,6,1,0
BRDA:278,7,0,0
BRDA:278,7,1,0
BRDA:279,8,0,0
BRDA:279,8,1,0
BRDA:280,9,0,0
BRDA:280,9,1,0
BRDA:282,10,0,0
BRDA:282,10,1,0
BRDA:282,10,2,0
BRDA:282,10,3,0
BRDA:282,10,4,0
BRDA:286,11,0,0
BRDA:286,11,1,0
BRDA:286,11,2,0
BRDA:286,11,3,0
BRDA:286,11,4,0
BRDA:296,12,0,0
BRDA:296,12,1,0
BRDA:296,12,2,0
BRDA:296,12,3,0
BRDA:305,13,0,0
BRDA:305,13,1,0
BRDA:305,13,2,0
BRDA:305,13,3,0
BRDA:305,13,4,0
BRDA:322,14,0,0
BRDA:357,15,0,0
BRDA:357,15,1,0
BRDA:368,16,0,0
BRDA:368,16,1,0
BRDA:382,17,0,0
BRDA:382,17,1,0
BRDA:399,18,0,0
BRDA:399,18,1,0
BRDA:424,19,0,0
BRDA:424,19,1,0
BRDA:435,20,0,0
BRDA:435,20,1,0
BRDA:545,21,0,0
BRDA:545,21,1,0
BRDA:550,22,0,0
BRDA:550,22,1,0
BRDA:580,23,0,0
BRDA:580,23,1,0
BRDA:580,23,2,0
BRDA:593,24,0,0
BRDA:593,24,1,0
BRDA:604,25,0,0
BRDA:604,25,1,0
BRDA:650,26,0,0
BRDA:650,26,1,0
BRDA:650,26,2,0
BRDA:671,27,0,0
BRDA:671,27,1,0
BRDA:686,28,0,0
BRDA:686,28,1,0
BRF:69
BRH:0
end_of_record
TN:
SF:src/app/(authenticated)/settings/page.tsx
FN:26,SettingsPage
FN:48,(anonymous_1)
FN:50,(anonymous_2)
FN:65,(anonymous_3)
FN:67,(anonymous_4)
FN:70,(anonymous_5)
FN:91,(anonymous_6)
FN:115,(anonymous_7)
FN:124,(anonymous_8)
FN:161,(anonymous_9)
FN:253,(anonymous_10)
FNF:11
FNH:0
FNDA:0,SettingsPage
FNDA:0,(anonymous_1)
FNDA:0,(anonymous_2)
FNDA:0,(anonymous_3)
FNDA:0,(anonymous_4)
FNDA:0,(anonymous_5)
FNDA:0,(anonymous_6)
FNDA:0,(anonymous_7)
FNDA:0,(anonymous_8)
FNDA:0,(anonymous_9)
FNDA:0,(anonymous_10)
DA:27,0
DA:28,0
DA:30,0
DA:35,0
DA:42,0
DA:43,0
DA:44,0
DA:45,0
DA:48,0
DA:49,0
DA:50,0
DA:55,0
DA:56,0
DA:60,0
DA:61,0
DA:62,0
DA:65,0
DA:66,0
DA:67,0
DA:70,0
DA:71,0
DA:72,0
DA:74,0
DA:75,0
DA:76,0
DA:77,0
DA:80,0
DA:81,0
DA:82,0
DA:83,0
DA:85,0
DA:87,0
DA:91,0
DA:92,0
DA:93,0
DA:95,0
DA:96,0
DA:97,0
DA:98,0
DA:100,0
DA:101,0
DA:102,0
DA:103,0
DA:106,0
DA:107,0
DA:111,0
DA:112,0
DA:114,0
DA:115,0
DA:118,0
DA:120,0
DA:124,0
DA:125,0
DA:126,0
DA:127,0
DA:130,0
DA:133,0
DA:135,0
DA:136,0
DA:137,0
DA:138,0
DA:139,0
DA:140,0
DA:143,0
DA:144,0
DA:145,0
DA:147,0
DA:149,0
DA:153,0
DA:161,0
DA:253,0
LF:71
LH:0
BRDA:49,0,0,0
BRDA:55,1,0,0
BRDA:55,2,0,0
BRDA:55,2,1,0
BRDA:60,3,0,0
BRDA:74,4,0,0
BRDA:82,5,0,0
BRDA:85,6,0,0
BRDA:85,6,1,0
BRDA:95,7,0,0
BRDA:100,8,0,0
BRDA:100,9,0,0
BRDA:100,9,1,0
BRDA:111,10,0,0
BRDA:111,10,1,0
BRDA:112,11,0,0
BRDA:112,11,1,0
BRDA:118,12,0,0
BRDA:118,12,1,0
BRDA:125,13,0,0
BRDA:133,14,0,0
BRDA:138,15,0,0
BRDA:140,16,0,0
BRDA:140,16,1,0
BRDA:147,17,0,0
BRDA:147,17,1,0
BRDA:215,18,0,0
BRDA:215,18,1,0
BRDA:232,19,0,0
BRDA:232,19,1,0
BRDA:241,20,0,0
BRDA:241,20,1,0
BRDA:256,21,0,0
BRDA:256,21,1,0
BRDA:257,22,0,0
BRDA:257,22,1,0
BRDA:265,23,0,0
BRDA:265,23,1,0
BRDA:289,24,0,0
BRDA:289,24,1,0
BRF:40
BRH:0
end_of_record
TN:
SF:src/app/about/page.tsx
FN:7,AboutPage
FNF:1
FNH:0
FNDA:0,AboutPage
DA:8,0
LF:1
LH:0
BRF:0
BRH:0
end_of_record
TN:
SF:src/app/api/associations/route.ts
FN:10,GET
FN:124,POST
FNF:2
FNH:0
FNDA:0,GET
FNDA:0,POST
DA:11,0
DA:12,0
DA:13,0
DA:14,0
DA:15,0
DA:18,0
DA:20,0
DA:21,0
DA:22,0
DA:25,0
DA:26,0
DA:27,0
DA:30,0
DA:31,0
DA:32,0
DA:35,0
DA:36,0
DA:37,0
DA:40,0
DA:41,0
DA:42,0
DA:45,0
DA:46,0
DA:47,0
DA:50,0
DA:51,0
DA:52,0
DA:56,0
DA:58,0
DA:59,0
DA:60,0
DA:63,0
DA:64,0
DA:65,0
DA:68,0
DA:69,0
DA:70,0
DA:73,0
DA:74,0
DA:75,0
DA:81,0
DA:83,0
DA:89,0
DA:91,0
DA:97,0
DA:103,0
DA:109,0
DA:110,0
DA:125,0
DA:126,0
DA:129,0
DA:130,0
DA:139,0
DA:151,0
DA:153,0
DA:158,0
DA:159,0
LF:57
LH:0
BRDA:21,0,0,0
BRDA:26,1,0,0
BRDA:31,2,0,0
BRDA:36,3,0,0
BRDA:41,4,0,0
BRDA:46,5,0,0
BRDA:51,6,0,0
BRDA:59,7,0,0
BRDA:64,8,0,0
BRDA:69,9,0,0
BRDA:74,10,0,0
BRDA:81,11,0,0
BRDA:81,11,1,0
BRDA:81,12,0,0
BRDA:81,12,1,0
BRDA:89,13,0,0
BRDA:89,13,1,0
BRDA:113,14,0,0
BRDA:113,14,1,0
BRDA:129,15,0,0
BRDA:129,16,0,0
BRDA:129,16,1,0
BRDA:129,16,2,0
BRDA:162,17,0,0
BRDA:162,17,1,0
BRF:25
BRH:0
end_of_record
TN:
SF:src/app/api/associations/[id]/route.ts
FN:10,GET
FN:47,PATCH
FN:90,DELETE
FNF:3
FNH:0
FNDA:0,GET
FNDA:0,PATCH
FNDA:0,DELETE
DA:14,0
DA:15,0
DA:17,0
DA:18,0
DA:27,0
DA:32,0
DA:33,0
DA:51,0
DA:52,0
DA:54,0
DA:65,0
DA:70,0
DA:75,0
DA:76,0
DA:94,0
DA:95,0
DA:97,0
DA:102,0
DA:103,0
LF:19
LH:0
BRDA:17,0,0,0
BRDA:36,1,0,0
BRDA:36,1,1,0
BRDA:79,2,0,0
BRDA:79,2,1,0
BRDA:106,3,0,0
BRDA:106,3,1,0
BRF:7
BRH:0
end_of_record
TN:
SF:src/app/api/associations/stats/[profileId]/route.ts
FN:9,GET
FNF:1
FNH:0
FNDA:0,GET
DA:13,0
DA:14,0
DA:16,0
DA:21,0
DA:22,0
LF:5
LH:0
BRDA:25,0,0,0
BRDA:25,0,1,0
BRF:2
BRH:0
end_of_record
TN:
SF:src/app/api/campaigns/route.ts
FN:7,GET
FN:32,POST
FNF:2
FNH:0
FNDA:0,GET
FNDA:0,POST
DA:8,0
DA:9,0
DA:10,0
DA:11,0
DA:12,0
DA:14,0
DA:21,0
DA:22,0
DA:25,0
DA:27,0
DA:33,0
DA:34,0
DA:35,0
DA:37,0
DA:38,0
DA:41,0
DA:42,0
DA:44,0
DA:53,0
DA:54,0
DA:57,0
DA:59,0
DA:60,0
DA:62,0
LF:24
LH:0
BRDA:11,0,0,0
BRDA:11,0,1,0
BRDA:12,1,0,0
BRDA:12,1,1,0
BRDA:21,2,0,0
BRDA:25,3,0,0
BRDA:25,3,1,0
BRDA:37,4,0,0
BRDA:37,5,0,0
BRDA:37,5,1,0
BRDA:53,6,0,0
BRDA:59,7,0,0
BRDA:59,8,0,0
BRDA:59,8,1,0
BRF:14
BRH:0
end_of_record
TN:
SF:src/app/api/campaigns/[id]/route.ts
FN:6,GET
FN:54,PUT
FN:105,DELETE
FNF:3
FNH:0
FNDA:0,GET
FNDA:0,PUT
FNDA:0,DELETE
DA:10,0
DA:11,0
DA:12,0
DA:14,0
DA:43,0
DA:44,0
DA:47,0
DA:49,0
DA:58,0
DA:59,0
DA:60,0
DA:62,0
DA:63,0
DA:66,0
DA:67,0
DA:70,0
DA:76,0
DA:77,0
DA:80,0
DA:81,0
DA:84,0
DA:94,0
DA:95,0
DA:98,0
DA:100,0
DA:109,0
DA:110,0
DA:111,0
DA:113,0
DA:114,0
DA:117,0
DA:120,0
DA:126,0
DA:127,0
DA:130,0
DA:131,0
DA:134,0
DA:139,0
DA:140,0
DA:143,0
DA:145,0
LF:41
LH:0
BRDA:43,0,0,0
BRDA:43,1,0,0
BRDA:43,1,1,0
BRDA:62,2,0,0
BRDA:62,3,0,0
BRDA:62,3,1,0
BRDA:76,4,0,0
BRDA:76,5,0,0
BRDA:76,5,1,0
BRDA:80,6,0,0
BRDA:94,7,0,0
BRDA:113,8,0,0
BRDA:113,9,0,0
BRDA:113,9,1,0
BRDA:126,10,0,0
BRDA:126,11,0,0
BRDA:126,11,1,0
BRDA:130,12,0,0
BRDA:139,13,0,0
BRF:19
BRH:0
end_of_record
TN:
SF:src/app/api/donations/route.ts
FN:7,POST
FN:66,GET
FNF:2
FNH:0
FNDA:0,POST
FNDA:0,GET
DA:8,0
DA:9,0
DA:10,0
DA:12,0
DA:13,0
DA:16,0
DA:17,0
DA:20,0
DA:26,0
DA:27,0
DA:30,0
DA:31,0
DA:34,0
DA:52,0
DA:53,0
DA:56,0
DA:58,0
DA:59,0
DA:61,0
DA:67,0
DA:68,0
DA:69,0
DA:71,0
DA:72,0
DA:75,0
DA:76,0
DA:77,0
DA:79,0
DA:98,0
DA:99,0
DA:102,0
DA:104,0
LF:32
LH:0
BRDA:12,0,0,0
BRDA:12,1,0,0
BRDA:12,1,1,0
BRDA:26,2,0,0
BRDA:26,3,0,0
BRDA:26,3,1,0
BRDA:30,4,0,0
BRDA:38,5,0,0
BRDA:38,5,1,0
BRDA:52,6,0,0
BRDA:58,7,0,0
BRDA:58,8,0,0
BRDA:58,8,1,0
BRDA:71,9,0,0
BRDA:71,10,0,0
BRDA:71,10,1,0
BRDA:76,11,0,0
BRDA:76,11,1,0
BRDA:77,12,0,0
BRDA:77,12,1,0
BRDA:98,13,0,0
BRF:21
BRH:0
end_of_record
TN:
SF:src/app/api/health/route.ts
FN:5,GET
FNF:1
FNH:0
FNDA:0,GET
DA:6,0
DA:7,0
DA:10,0
DA:15,0
DA:16,0
DA:26,0
DA:35,0
LF:7
LH:0
BRDA:15,0,0,0
BRF:1
BRH:0
end_of_record
TN:
SF:src/app/api/organizations/route.ts
FN:13,checkRateLimit
FN:44,handleGetOrganizations
FN:152,handleCreateOrganization
FNF:3
FNH:0
FNDA:0,checkRateLimit
FNDA:0,handleGetOrganizations
FNDA:0,handleCreateOrganization
DA:9,0
DA:10,0
DA:11,0
DA:14,0
DA:17,0
DA:18,0
DA:19,0
DA:20,0
DA:24,0
DA:26,0
DA:27,0
DA:28,0
DA:31,0
DA:32,0
DA:33,0
DA:36,0
DA:37,0
DA:40,0
DA:41,0
DA:45,0
DA:46,0
DA:47,0
DA:48,0
DA:51,0
DA:53,0
DA:54,0
DA:56,0
DA:57,0
DA:59,0
DA:60,0
DA:62,0
DA:63,0
DA:65,0
DA:66,0
DA:68,0
DA:69,0
DA:71,0
DA:72,0
DA:75,0
DA:76,0
DA:77,0
DA:84,0
DA:92,0
DA:93,0
DA:96,0
DA:97,0
DA:101,0
DA:102,0
DA:106,0
DA:109,0
DA:110,0
DA:111,0
DA:113,0
DA:116,0
DA:117,0
DA:119,0
DA:121,0
DA:122,0
DA:123,0
DA:130,0
DA:132,0
DA:144,0
DA:145,0
DA:153,0
DA:154,0
DA:155,0
DA:158,0
DA:159,0
DA:160,0
DA:166,0
DA:169,0
DA:170,0
DA:177,0
DA:178,0
DA:179,0
DA:180,0
DA:185,0
DA:189,0
DA:190,0
DA:191,0
DA:192,0
DA:200,0
DA:208,0
DA:214,0
DA:215,0
DA:222,0
DA:248,0
DA:249,0
DA:250,0
DA:257,0
DA:280,0
DA:281,0
DA:285,0
DA:291,0
DA:298,0
DA:299,0
DA:307,0
DA:308,0
LF:98
LH:0
BRDA:19,0,0,0
BRDA:26,1,0,0
BRDA:31,2,0,0
BRDA:36,3,0,0
BRDA:54,4,0,0
BRDA:57,5,0,0
BRDA:60,6,0,0
BRDA:63,7,0,0
BRDA:66,8,0,0
BRDA:69,9,0,0
BRDA:72,10,0,0
BRDA:76,11,0,0
BRDA:92,12,0,0
BRDA:96,13,0,0
BRDA:101,14,0,0
BRDA:110,15,0,0
BRDA:110,15,1,0
BRDA:110,16,0,0
BRDA:110,16,1,0
BRDA:111,17,0,0
BRDA:111,17,1,0
BRDA:116,18,0,0
BRDA:116,18,1,0
BRDA:116,19,0,0
BRDA:116,19,1,0
BRDA:117,20,0,0
BRDA:117,20,1,0
BRDA:121,21,0,0
BRDA:130,22,0,0
BRDA:130,22,1,0
BRDA:130,23,0,0
BRDA:130,23,1,0
BRDA:134,24,0,0
BRDA:134,24,1,0
BRDA:136,25,0,0
BRDA:136,25,1,0
BRDA:137,26,0,0
BRDA:137,26,1,0
BRDA:138,27,0,0
BRDA:138,27,1,0
BRDA:159,28,0,0
BRDA:169,29,0,0
BRDA:169,30,0,0
BRDA:169,30,1,0
BRDA:177,31,0,0
BRDA:177,32,0,0
BRDA:177,32,1,0
BRDA:179,33,0,0
BRDA:181,34,0,0
BRDA:181,34,1,0
BRDA:189,35,0,0
BRDA:189,36,0,0
BRDA:189,36,1,0
BRDA:191,37,0,0
BRDA:193,38,0,0
BRDA:193,38,1,0
BRDA:214,39,0,0
BRDA:234,40,0,0
BRDA:234,40,1,0
BRDA:235,41,0,0
BRDA:235,41,1,0
BRDA:239,42,0,0
BRDA:239,42,1,0
BRDA:240,43,0,0
BRDA:240,43,1,0
BRDA:248,44,0,0
BRDA:280,45,0,0
BRF:67
BRH:0
end_of_record
TN:
SF:src/app/api/organizations/[slug]/route.ts
FN:6,handleGetOrganizationBySlug
FNF:1
FNH:0
FNDA:0,handleGetOrganizationBySlug
DA:7,0
DA:8,0
DA:9,0
DA:11,0
DA:12,0
DA:22,0
DA:23,0
DA:24,0
DA:27,0
DA:29,0
DA:30,0
DA:37,0
DA:38,0
DA:42,0
LF:14
LH:0
BRDA:22,0,0,0
BRF:1
BRH:0
end_of_record
TN:
SF:src/app/api/profile/route.ts
FN:7,GET
FN:33,PUT
FNF:2
FNH:0
FNDA:0,GET
FNDA:0,PUT
DA:8,0
DA:9,0
DA:10,0
DA:12,0
DA:13,0
DA:16,0
DA:22,0
DA:23,0
DA:26,0
DA:28,0
DA:34,0
DA:35,0
DA:36,0
DA:38,0
DA:39,0
DA:42,0
DA:45,0
DA:46,0
DA:53,0
DA:54,0
DA:59,0
DA:60,0
DA:62,0
DA:72,0
DA:73,0
DA:76,0
DA:79,0
DA:80,0
DA:81,0
DA:82,0
DA:83,0
DA:85,0
DA:87,0
LF:33
LH:0
BRDA:12,0,0,0
BRDA:12,1,0,0
BRDA:12,1,1,0
BRDA:22,2,0,0
BRDA:38,3,0,0
BRDA:38,4,0,0
BRDA:38,4,1,0
BRDA:45,5,0,0
BRDA:53,6,0,0
BRDA:72,7,0,0
BRDA:79,8,0,0
BRDA:79,9,0,0
BRDA:79,9,1,0
BRDA:82,10,0,0
BRDA:82,10,1,0
BRDA:83,11,0,0
BRDA:83,11,1,0
BRF:17
BRH:0
end_of_record
TN:
SF:src/app/api/social/follow/route.ts
FN:6,handleFollow
FNF:1
FNH:0
FNDA:0,handleFollow
DA:7,0
DA:8,0
DA:9,0
DA:10,0
DA:13,0
DA:14,0
DA:21,0
DA:22,0
DA:29,0
DA:35,0
DA:36,0
DA:43,0
DA:50,0
DA:51,0
DA:57,0
DA:64,0
DA:65,0
DA:66,0
DA:72,0
DA:78,0
DA:79,0
DA:86,0
LF:22
LH:0
BRDA:13,0,0,0
BRDA:21,1,0,0
BRDA:35,2,0,0
BRDA:35,3,0,0
BRDA:35,3,1,0
BRDA:50,4,0,0
BRDA:64,5,0,0
BRF:7
BRH:0
end_of_record
TN:
SF:src/app/api/social/followers/[id]/route.ts
FN:5,GET
FNF:1
FNH:0
FNDA:0,GET
DA:9,0
DA:10,0
DA:11,0
DA:12,0
DA:15,0
DA:16,0
DA:19,0
DA:36,0
DA:37,0
DA:38,0
DA:44,0
DA:55,0
DA:56,0
LF:13
LH:0
BRDA:15,0,0,0
BRDA:15,0,1,0
BRDA:16,1,0,0
BRDA:16,1,1,0
BRDA:36,2,0,0
BRDA:46,3,0,0
BRDA:46,3,1,0
BRDA:50,4,0,0
BRDA:50,4,1,0
BRF:9
BRH:0
end_of_record
TN:
SF:src/app/api/social/following/[id]/route.ts
FN:5,GET
FNF:1
FNH:0
FNDA:0,GET
DA:9,0
DA:10,0
DA:11,0
DA:12,0
DA:15,0
DA:16,0
DA:19,0
DA:36,0
DA:37,0
DA:38,0
DA:44,0
DA:55,0
DA:56,0
LF:13
LH:0
BRDA:15,0,0,0
BRDA:15,0,1,0
BRDA:16,1,0,0
BRDA:16,1,1,0
BRDA:36,2,0,0
BRDA:46,3,0,0
BRDA:46,3,1,0
BRDA:50,4,0,0
BRDA:50,4,1,0
BRF:9
BRH:0
end_of_record
TN:
SF:src/app/api/social/unfollow/route.ts
FN:6,handleUnfollow
FNF:1
FNH:0
FNDA:0,handleUnfollow
DA:7,0
DA:8,0
DA:9,0
DA:10,0
DA:13,0
DA:14,0
DA:21,0
DA:27,0
DA:28,0
DA:29,0
DA:35,0
DA:41,0
DA:42,0
DA:49,0
LF:14
LH:0
BRDA:13,0,0,0
BRDA:27,1,0,0
BRF:2
BRH:0
end_of_record
TN:
SF:src/app/api/upload/route.ts
FN:8,POST
FN:73,DELETE
FNF:2
FNH:0
FNDA:0,POST
FNDA:0,DELETE
DA:5,0
DA:6,0
DA:9,0
DA:10,0
DA:11,0
DA:13,0
DA:14,0
DA:17,0
DA:18,0
DA:19,0
DA:21,0
DA:22,0
DA:26,0
DA:27,0
DA:31,0
DA:32,0
DA:36,0
DA:37,0
DA:38,0
DA:41,0
DA:42,0
DA:49,0
DA:50,0
DA:51,0
DA:55,0
DA:59,0
DA:68,0
DA:74,0
DA:75,0
DA:76,0
DA:78,0
DA:79,0
DA:82,0
DA:83,0
DA:85,0
DA:86,0
DA:90,0
DA:92,0
DA:95,0
DA:99,0
DA:100,0
DA:103,0
DA:105,0
LF:43
LH:0
BRDA:13,0,0,0
BRDA:13,1,0,0
BRDA:13,1,1,0
BRDA:19,2,0,0
BRDA:19,2,1,0
BRDA:21,3,0,0
BRDA:26,4,0,0
BRDA:31,5,0,0
BRDA:49,6,0,0
BRDA:78,7,0,0
BRDA:78,8,0,0
BRDA:78,8,1,0
BRDA:85,9,0,0
BRDA:90,10,0,0
BRDA:90,11,0,0
BRDA:90,11,1,0
BRDA:99,12,0,0
BRF:17
BRH:0
end_of_record
TN:
SF:src/app/assets/page.tsx
FN:28,AssetsPage
FN:93,(anonymous_1)
FN:101,(anonymous_2)
FN:137,(anonymous_3)
FN:151,(anonymous_4)
FN:155,(anonymous_5)
FN:173,(anonymous_6)
FN:251,(anonymous_7)
FNF:8
FNH:0
FNDA:0,AssetsPage
FNDA:0,(anonymous_1)
FNDA:0,(anonymous_2)
FNDA:0,(anonymous_3)
FNDA:0,(anonymous_4)
FNDA:0,(anonymous_5)
FNDA:0,(anonymous_6)
FNDA:0,(anonymous_7)
DA:29,0
DA:30,0
DA:32,0
DA:65,0
DA:84,0
DA:93,0
DA:94,0
DA:95,0
DA:97,0
DA:101,0
DA:102,0
DA:105,0
DA:138,0
DA:152,0
DA:156,0
DA:174,0
DA:251,0
LF:17
LH:0
BRDA:94,0,0,0
BRDA:94,0,1,0
BRF:2
BRH:0
end_of_record
TN:
SF:src/app/associations/page.tsx
FN:16,AssociationsPage
FN:22,(anonymous_1)
FN:23,(anonymous_2)
FN:60,(anonymous_3)
FN:94,(anonymous_4)
FN:119,(anonymous_5)
FNF:6
FNH:0
FNDA:0,AssociationsPage
FNDA:0,(anonymous_1)
FNDA:0,(anonymous_2)
FNDA:0,(anonymous_3)
FNDA:0,(anonymous_4)
FNDA:0,(anonymous_5)
DA:17,0
DA:18,0
DA:19,0
DA:20,0
DA:22,0
DA:23,0
DA:24,0
DA:25,0
DA:26,0
DA:29,0
DA:30,0
DA:32,0
DA:33,0
DA:34,0
DA:39,0
DA:43,0
DA:46,0
DA:47,0
DA:50,0
DA:51,0
DA:60,0
DA:72,0
DA:94,0
DA:120,0
LF:24
LH:0
BRDA:46,0,0,0
BRDA:50,1,0,0
BRDA:101,2,0,0
BRDA:101,2,1,0
BRDA:126,3,0,0
BRDA:126,3,1,0
BRDA:133,4,0,0
BRDA:133,4,1,0
BRF:8
BRH:0
end_of_record
TN:
SF:src/app/auth/page.tsx
FN:17,getReadableError
FN:34,AuthPage
FN:43,(anonymous_3)
FN:51,(anonymous_4)
FN:76,(anonymous_5)
FN:79,(anonymous_6)
FN:84,(anonymous_7)
FN:86,(anonymous_8)
FN:90,(anonymous_9)
FN:98,(anonymous_10)
FN:152,(anonymous_11)
FN:158,(anonymous_12)
FN:185,(anonymous_13)
FN:186,(anonymous_14)
FN:196,(anonymous_15)
FN:329,(anonymous_16)
FN:347,(anonymous_17)
FN:355,(anonymous_18)
FN:374,(anonymous_19)
FN:382,(anonymous_20)
FN:432,(anonymous_21)
FNF:21
FNH:0
FNDA:0,getReadableError
FNDA:0,AuthPage
FNDA:0,(anonymous_3)
FNDA:0,(anonymous_4)
FNDA:0,(anonymous_5)
FNDA:0,(anonymous_6)
FNDA:0,(anonymous_7)
FNDA:0,(anonymous_8)
FNDA:0,(anonymous_9)
FNDA:0,(anonymous_10)
FNDA:0,(anonymous_11)
FNDA:0,(anonymous_12)
FNDA:0,(anonymous_13)
FNDA:0,(anonymous_14)
FNDA:0,(anonymous_15)
FNDA:0,(anonymous_16)
FNDA:0,(anonymous_17)
FNDA:0,(anonymous_18)
FNDA:0,(anonymous_19)
FNDA:0,(anonymous_20)
FNDA:0,(anonymous_21)
DA:3,1
DA:4,1
DA:5,1
DA:6,1
DA:7,1
DA:8,1
DA:10,1
DA:12,1
DA:14,1
DA:18,0
DA:19,0
DA:20,0
DA:21,0
DA:22,0
DA:23,0
DA:24,0
DA:25,0
DA:26,0
DA:28,0
DA:31,0
DA:34,1
DA:35,0
DA:36,0
DA:37,0
DA:38,0
DA:41,0
DA:43,0
DA:44,0
DA:45,0
DA:46,0
DA:51,0
DA:52,0
DA:53,0
DA:57,0
DA:62,0
DA:63,0
DA:64,0
DA:65,0
DA:66,0
DA:67,0
DA:70,0
DA:73,0
DA:76,0
DA:77,0
DA:78,0
DA:79,0
DA:80,0
DA:81,0
DA:84,0
DA:86,0
DA:90,0
DA:92,0
DA:93,0
DA:94,0
DA:98,0
DA:99,0
DA:100,0
DA:101,0
DA:102,0
DA:104,0
DA:106,0
DA:107,0
DA:110,0
DA:111,0
DA:114,0
DA:115,0
DA:118,0
DA:122,0
DA:124,0
DA:127,0
DA:128,0
DA:129,0
DA:130,0
DA:131,0
DA:132,0
DA:133,0
DA:134,0
DA:137,0
DA:140,0
DA:141,0
DA:142,0
DA:143,0
DA:144,0
DA:146,0
DA:150,0
DA:151,0
DA:152,0
DA:154,0
DA:158,0
DA:159,0
DA:160,0
DA:161,0
DA:162,0
DA:164,0
DA:165,0
DA:166,0
DA:169,0
DA:171,0
DA:172,0
DA:175,0
DA:178,0
DA:179,0
DA:181,0
DA:185,0
DA:186,0
DA:187,0
DA:188,0
DA:189,0
DA:190,0
DA:192,0
DA:196,0
DA:197,0
DA:198,0
DA:199,0
DA:203,0
DA:205,0
DA:206,0
DA:209,0
DA:210,0
DA:213,0
DA:329,0
DA:347,0
DA:355,0
DA:374,0
DA:382,0
DA:432,0
LF:126
LH:10
BRDA:17,0,0,0
BRDA:18,1,0,0
BRDA:19,2,0,0
BRDA:20,3,0,0
BRDA:20,4,0,0
BRDA:20,4,1,0
BRDA:21,5,0,0
BRDA:23,6,0,0
BRDA:23,6,1,0
BRDA:24,7,0,0
BRDA:24,8,0,0
BRDA:24,8,1,0
BRDA:45,9,0,0
BRDA:45,10,0,0
BRDA:45,10,1,0
BRDA:52,11,0,0
BRDA:52,12,0,0
BRDA:52,12,1,0
BRDA:52,12,2,0
BRDA:70,13,0,0
BRDA:70,13,1,0
BRDA:73,14,0,0
BRDA:73,14,1,0
BRDA:77,15,0,0
BRDA:92,16,0,0
BRDA:92,17,0,0
BRDA:92,17,1,0
BRDA:93,18,0,0
BRDA:93,18,1,0
BRDA:106,19,0,0
BRDA:106,20,0,0
BRDA:106,20,1,0
BRDA:110,21,0,0
BRDA:110,22,0,0
BRDA:110,22,1,0
BRDA:114,23,0,0
BRDA:114,24,0,0
BRDA:114,24,1,0
BRDA:118,25,0,0
BRDA:118,25,1,0
BRDA:122,26,0,0
BRDA:127,27,0,0
BRDA:127,27,1,0
BRDA:129,28,0,0
BRDA:129,28,1,0
BRDA:131,29,0,0
BRDA:131,29,1,0
BRDA:133,30,0,0
BRDA:133,31,0,0
BRDA:133,31,1,0
BRDA:140,32,0,0
BRDA:140,32,1,0
BRDA:140,33,0,0
BRDA:140,33,1,0
BRDA:140,33,2,0
BRDA:144,34,0,0
BRDA:144,35,0,0
BRDA:144,35,1,0
BRDA:165,36,0,0
BRDA:171,37,0,0
BRDA:189,38,0,0
BRDA:189,38,1,0
BRDA:203,39,0,0
BRDA:203,39,1,0
BRDA:205,40,0,0
BRDA:205,41,0,0
BRDA:205,41,1,0
BRDA:209,42,0,0
BRDA:267,43,0,0
BRDA:267,43,1,0
BRDA:267,44,0,0
BRDA:267,44,1,0
BRDA:270,45,0,0
BRDA:270,45,1,0
BRDA:272,46,0,0
BRDA:272,46,1,0
BRDA:279,47,0,0
BRDA:279,47,1,0
BRDA:310,48,0,0
BRDA:310,48,1,0
BRDA:320,49,0,0
BRDA:320,49,1,0
BRDA:337,50,0,0
BRDA:337,50,1,0
BRDA:345,51,0,0
BRDA:345,51,1,0
BRDA:358,52,0,0
BRDA:358,52,1,0
BRDA:364,53,0,0
BRDA:364,53,1,0
BRDA:372,54,0,0
BRDA:372,54,1,0
BRDA:385,55,0,0
BRDA:385,55,1,0
BRDA:396,56,0,0
BRDA:396,56,1,0
BRDA:400,57,0,0
BRDA:400,57,1,0
BRDA:400,58,0,0
BRDA:400,58,1,0
BRDA:406,59,0,0
BRDA:406,59,1,0
BRDA:406,60,0,0
BRDA:406,60,1,0
BRDA:408,61,0,0
BRDA:408,61,1,0
BRDA:416,62,0,0
BRDA:416,62,1,0
BRDA:429,63,0,0
BRDA:429,63,1,0
BRDA:429,64,0,0
BRDA:429,64,1,0
BRDA:432,65,0,0
BRDA:432,65,1,0
BRDA:436,66,0,0
BRDA:436,66,1,0
BRF:116
BRH:0
end_of_record
TN:
SF:src/app/auth/callback/route.ts
FN:4,GET
FNF:1
FNH:0
FNDA:0,GET
DA:5,0
DA:6,0
DA:7,0
DA:9,0
DA:10,0
DA:11,0
DA:12,0
DA:14,0
DA:15,0
DA:21,0
DA:23,0
DA:30,0
LF:12
LH:0
BRDA:7,0,0,0
BRDA:7,0,1,0
BRDA:9,1,0,0
BRDA:14,2,0,0
BRF:4
BRH:0
end_of_record
TN:
SF:src/app/auth/confirm/route.ts
FN:5,GET
FNF:1
FNH:0
FNDA:0,GET
DA:6,0
DA:7,0
DA:8,0
DA:9,0
DA:11,0
DA:12,0
DA:13,0
DA:18,0
DA:19,0
DA:23,0
LF:10
LH:0
BRDA:9,0,0,0
BRDA:9,0,1,0
BRDA:11,1,0,0
BRDA:11,2,0,0
BRDA:11,2,1,0
BRDA:18,3,0,0
BRF:6
BRH:0
end_of_record
TN:
SF:src/app/auth/forgot-password/page.tsx
FN:12,ForgotPasswordPage
FN:19,(anonymous_1)
FN:50,(anonymous_2)
FN:55,(anonymous_3)
FN:183,(anonymous_4)
FNF:5
FNH:0
FNDA:0,ForgotPasswordPage
FNDA:0,(anonymous_1)
FNDA:0,(anonymous_2)
FNDA:0,(anonymous_3)
FNDA:0,(anonymous_4)
DA:13,0
DA:14,0
DA:15,0
DA:16,0
DA:17,0
DA:19,0
DA:20,0
DA:21,0
DA:22,0
DA:24,0
DA:25,0
DA:26,0
DA:30,0
DA:31,0
DA:32,0
DA:35,0
DA:37,0
DA:38,0
DA:41,0
DA:43,0
DA:44,0
DA:46,0
DA:50,0
DA:51,0
DA:52,0
DA:55,0
DA:56,0
DA:59,0
DA:60,0
DA:116,0
DA:117,0
DA:158,0
DA:183,0
LF:33
LH:0
BRDA:25,0,0,0
BRDA:31,1,0,0
BRDA:37,2,0,0
BRDA:38,3,0,0
BRDA:38,3,1,0
BRDA:43,4,0,0
BRDA:43,4,1,0
BRDA:59,5,0,0
BRDA:116,6,0,0
BRDA:195,7,0,0
BRDA:195,7,1,0
BRDA:197,8,0,0
BRDA:197,8,1,0
BRF:13
BRH:0
end_of_record
TN:
SF:src/app/auth/reset-password/page.tsx
FN:12,ResetPasswordPage
FN:25,(anonymous_1)
FN:38,(anonymous_2)
FN:52,(anonymous_3)
FN:68,(anonymous_4)
FN:100,(anonymous_5)
FN:104,(anonymous_6)
FN:222,(anonymous_7)
FN:229,(anonymous_8)
FN:246,(anonymous_9)
FN:253,(anonymous_10)
FNF:11
FNH:0
FNDA:0,ResetPasswordPage
FNDA:0,(anonymous_1)
FNDA:0,(anonymous_2)
FNDA:0,(anonymous_3)
FNDA:0,(anonymous_4)
FNDA:0,(anonymous_5)
FNDA:0,(anonymous_6)
FNDA:0,(anonymous_7)
FNDA:0,(anonymous_8)
FNDA:0,(anonymous_9)
FNDA:0,(anonymous_10)
DA:13,0
DA:14,0
DA:15,0
DA:16,0
DA:20,0
DA:21,0
DA:22,0
DA:23,0
DA:25,0
DA:27,0
DA:28,0
DA:30,0
DA:31,0
DA:32,0
DA:33,0
DA:35,0
DA:36,0
DA:39,0
DA:40,0
DA:41,0
DA:43,0
DA:47,0
DA:48,0
DA:52,0
DA:53,0
DA:54,0
DA:56,0
DA:57,0
DA:59,0
DA:60,0
DA:62,0
DA:63,0
DA:65,0
DA:68,0
DA:69,0
DA:70,0
DA:71,0
DA:73,0
DA:75,0
DA:76,0
DA:79,0
DA:80,0
DA:81,0
DA:84,0
DA:88,0
DA:89,0
DA:92,0
DA:94,0
DA:96,0
DA:100,0
DA:101,0
DA:104,0
DA:105,0
DA:108,0
DA:109,0
DA:126,0
DA:127,0
DA:162,0
DA:163,0
DA:189,0
DA:222,0
DA:229,0
DA:246,0
DA:253,0
LF:64
LH:0
BRDA:27,0,0,0
BRDA:27,0,1,0
BRDA:28,1,0,0
BRDA:28,1,1,0
BRDA:31,2,0,0
BRDA:31,2,1,0
BRDA:32,3,0,0
BRDA:32,3,1,0
BRDA:33,4,0,0
BRDA:33,4,1,0
BRDA:35,5,0,0
BRDA:35,5,1,0
BRDA:35,6,0,0
BRDA:35,6,1,0
BRDA:35,6,2,0
BRDA:39,7,0,0
BRDA:39,7,1,0
BRDA:53,8,0,0
BRDA:56,9,0,0
BRDA:59,10,0,0
BRDA:62,11,0,0
BRDA:75,12,0,0
BRDA:80,13,0,0
BRDA:88,14,0,0
BRDA:94,15,0,0
BRDA:94,15,1,0
BRDA:108,16,0,0
BRDA:126,17,0,0
BRDA:162,18,0,0
BRDA:205,19,0,0
BRDA:205,19,1,0
BRDA:219,20,0,0
BRDA:219,20,1,0
BRDA:233,21,0,0
BRDA:233,21,1,0
BRDA:243,22,0,0
BRDA:243,22,1,0
BRDA:257,23,0,0
BRDA:257,23,1,0
BRDA:269,24,0,0
BRDA:269,24,1,0
BRDA:272,25,0,0
BRDA:272,25,1,0
BRDA:275,26,0,0
BRDA:275,26,1,0
BRDA:278,27,0,0
BRDA:278,27,1,0
BRDA:288,28,0,0
BRDA:288,28,1,0
BRDA:288,28,2,0
BRDA:290,29,0,0
BRDA:290,29,1,0
BRF:52
BRH:0
end_of_record
TN:
SF:src/app/auth/signout/route.ts
FN:6,POST
FN:23,(anonymous_1)
FN:40,(anonymous_2)
FNF:3
FNH:0
FNDA:0,POST
FNDA:0,(anonymous_1)
FNDA:0,(anonymous_2)
DA:7,0
DA:8,0
DA:11,0
DA:14,0
DA:16,0
DA:19,0
DA:20,0
DA:23,0
DA:24,0
DA:28,0
DA:33,0
DA:40,0
DA:41,0
DA:44,0
DA:49,0
DA:51,0
DA:54,0
LF:17
LH:0
BRDA:16,0,0,0
BRDA:24,1,0,0
BRDA:24,2,0,0
BRDA:24,2,1,0
BRDA:24,2,2,0
BRDA:36,3,0,0
BRDA:36,3,1,0
BRDA:41,4,0,0
BRDA:41,5,0,0
BRDA:41,5,1,0
BRDA:41,5,2,0
BRF:11
BRH:0
end_of_record
TN:
SF:src/app/bitcoin-wallet-guide/page.tsx
FN:156,BitcoinWalletGuidePage
FN:160,(anonymous_1)
FN:162,(anonymous_2)
FN:172,(anonymous_3)
FN:240,(anonymous_4)
FN:258,(anonymous_5)
FN:290,(anonymous_6)
FN:307,(anonymous_7)
FN:346,(anonymous_8)
FN:395,(anonymous_9)
FN:410,(anonymous_10)
FN:421,(anonymous_11)
FN:529,(anonymous_12)
FNF:13
FNH:0
FNDA:0,BitcoinWalletGuidePage
FNDA:0,(anonymous_1)
FNDA:0,(anonymous_2)
FNDA:0,(anonymous_3)
FNDA:0,(anonymous_4)
FNDA:0,(anonymous_5)
FNDA:0,(anonymous_6)
FNDA:0,(anonymous_7)
FNDA:0,(anonymous_8)
FNDA:0,(anonymous_9)
FNDA:0,(anonymous_10)
FNDA:0,(anonymous_11)
FNDA:0,(anonymous_12)
DA:43,0
DA:133,0
DA:157,0
DA:158,0
DA:160,0
DA:162,0
DA:163,0
DA:164,0
DA:165,0
DA:166,0
DA:167,0
DA:168,0
DA:172,0
DA:173,0
DA:174,0
DA:175,0
DA:176,0
DA:177,0
DA:181,0
DA:241,0
DA:242,0
DA:243,0
DA:245,0
DA:258,0
DA:291,0
DA:292,0
DA:294,0
DA:307,0
DA:347,0
DA:396,0
DA:411,0
DA:421,0
DA:529,0
LF:33
LH:0
BRDA:163,0,0,0
BRDA:163,0,1,0
BRDA:163,0,2,0
BRDA:163,0,3,0
BRDA:163,0,4,0
BRDA:173,1,0,0
BRDA:173,1,1,0
BRDA:173,1,2,0
BRDA:173,1,3,0
BRDA:252,2,0,0
BRDA:252,2,1,0
BRDA:254,3,0,0
BRDA:254,3,1,0
BRDA:261,4,0,0
BRDA:261,4,1,0
BRDA:263,5,0,0
BRDA:263,5,1,0
BRDA:267,6,0,0
BRDA:267,6,1,0
BRDA:303,7,0,0
BRDA:303,7,1,0
BRDA:306,8,0,0
BRDA:306,8,1,0
BRDA:313,9,0,0
BRDA:313,9,1,0
BRDA:316,10,0,0
BRDA:316,10,1,0
BRDA:322,11,0,0
BRDA:322,11,1,0
BRDA:335,12,0,0
BRDA:335,12,1,0
BRDA:369,13,0,0
BRDA:369,13,1,0
BRF:33
BRH:0
end_of_record
TN:
SF:src/app/blog/page.tsx
FN:8,BlogPage
FNF:1
FNH:0
FNDA:0,BlogPage
DA:9,0
DA:10,0
DA:11,0
DA:13,0
LF:4
LH:0
BRF:0
BRH:0
end_of_record
TN:
SF:src/app/blog/[slug]/page.tsx
FN:13,(anonymous_0)
FN:18,(anonymous_1)
FN:23,(anonymous_2)
FN:28,(anonymous_3)
FN:33,(anonymous_4)
FN:38,(anonymous_5)
FN:43,(anonymous_6)
FN:48,(anonymous_7)
FN:54,(anonymous_8)
FN:61,(anonymous_9)
FN:66,(anonymous_10)
FN:71,(anonymous_11)
FN:81,(anonymous_12)
FN:94,(anonymous_13)
FN:112,generateStaticParams
FN:114,(anonymous_15)
FN:118,generateMetadata
FN:147,BlogPost
FN:204,(anonymous_18)
FNF:19
FNH:0
FNDA:0,(anonymous_0)
FNDA:0,(anonymous_1)
FNDA:0,(anonymous_2)
FNDA:0,(anonymous_3)
FNDA:0,(anonymous_4)
FNDA:0,(anonymous_5)
FNDA:0,(anonymous_6)
FNDA:0,(anonymous_7)
FNDA:0,(anonymous_8)
FNDA:0,(anonymous_9)
FNDA:0,(anonymous_10)
FNDA:0,(anonymous_11)
FNDA:0,(anonymous_12)
FNDA:0,(anonymous_13)
FNDA:0,generateStaticParams
FNDA:0,(anonymous_15)
FNDA:0,generateMetadata
FNDA:0,BlogPost
FNDA:0,(anonymous_18)
DA:11,0
DA:14,0
DA:19,0
DA:24,0
DA:29,0
DA:34,0
DA:39,0
DA:44,0
DA:49,0
DA:55,0
DA:62,0
DA:67,0
DA:72,0
DA:82,0
DA:88,0
DA:95,0
DA:113,0
DA:114,0
DA:119,0
DA:120,0
DA:122,0
DA:123,0
DA:128,0
DA:148,0
DA:149,0
DA:151,0
DA:152,0
DA:155,0
DA:205,0
LF:29
LH:0
BRDA:73,0,0,0
BRDA:73,0,1,0
BRDA:81,1,0,0
BRDA:122,2,0,0
BRDA:136,3,0,0
BRDA:136,3,1,0
BRDA:151,4,0,0
BRDA:171,5,0,0
BRDA:171,5,1,0
BRDA:193,6,0,0
BRDA:193,6,1,0
BRDA:202,7,0,0
BRDA:202,7,1,0
BRF:13
BRH:0
end_of_record
TN:
SF:src/app/campaign/orange-cat/page.tsx
FN:23,OrangeCatCampaignPage
FN:53,(anonymous_1)
FN:131,(anonymous_2)
FN:198,(anonymous_3)
FN:238,(anonymous_4)
FNF:5
FNH:0
FNDA:0,OrangeCatCampaignPage
FNDA:0,(anonymous_1)
FNDA:0,(anonymous_2)
FNDA:0,(anonymous_3)
FNDA:0,(anonymous_4)
DA:24,0
DA:27,0
DA:53,0
DA:54,0
DA:59,0
DA:62,0
DA:68,0
DA:70,0
DA:132,0
DA:199,0
DA:238,0
LF:11
LH:0
BRDA:59,0,0,0
BRDA:59,0,1,0
BRDA:124,1,0,0
BRDA:124,1,1,0
BRF:4
BRH:0
end_of_record
TN:
SF:src/app/categories/page.tsx
FN:17,CategoriesPage
FN:21,(anonymous_1)
FN:41,(anonymous_2)
FN:56,(anonymous_3)
FNF:4
FNH:0
FNDA:0,CategoriesPage
FNDA:0,(anonymous_1)
FNDA:0,(anonymous_2)
FNDA:0,(anonymous_3)
DA:9,0
DA:18,0
DA:19,0
DA:21,0
DA:22,0
DA:23,0
DA:25,0
DA:29,0
DA:42,0
DA:43,0
DA:57,0
LF:11
LH:0
BRDA:22,0,0,0
BRDA:22,0,1,0
BRDA:84,1,0,0
BRDA:84,1,1,0
BRDA:86,2,0,0
BRDA:86,2,1,0
BRF:6
BRH:0
end_of_record
TN:
SF:src/app/coming-soon/metadata.ts
FNF:0
FNH:0
DA:3,0
LF:1
LH:0
BRF:0
BRH:0
end_of_record
TN:
SF:src/app/coming-soon/page.tsx
FN:147,ComingSoon
FN:154,(anonymous_1)
FN:155,(anonymous_2)
FNF:3
FNH:0
FNDA:0,ComingSoon
FNDA:0,(anonymous_1)
FNDA:0,(anonymous_2)
DA:24,0
DA:148,0
DA:149,0
DA:150,0
DA:151,0
DA:152,0
DA:154,0
DA:155,0
DA:157,0
DA:158,0
DA:159,0
DA:163,0
DA:164,0
DA:165,0
DA:167,0
DA:170,0
DA:171,0
DA:178,0
DA:180,0
DA:181,0
DA:199,0
DA:200,0
DA:204,0
LF:23
LH:0
BRDA:157,0,0,0
BRDA:164,1,0,0
BRDA:164,1,1,0
BRDA:170,2,0,0
BRDA:178,3,0,0
BRDA:178,3,1,0
BRDA:180,4,0,0
BRDA:180,5,0,0
BRDA:180,5,1,0
BRDA:188,6,0,0
BRDA:188,6,1,0
BRDA:199,7,0,0
BRDA:214,8,0,0
BRDA:214,8,1,0
BRDA:217,9,0,0
BRDA:217,9,1,0
BRF:16
BRH:0
end_of_record
TN:
SF:src/app/create/page.tsx
FN:16,CreatePage
FN:25,(anonymous_2)
FN:33,(anonymous_3)
FN:38,(anonymous_4)
FN:53,(anonymous_5)
FN:61,(anonymous_6)
FN:74,(anonymous_7)
FN:87,(anonymous_8)
FN:130,(anonymous_9)
FNF:9
FNH:2
FNDA:37,CreatePage
FNDA:0,(anonymous_2)
FNDA:0,(anonymous_3)
FNDA:0,(anonymous_4)
FNDA:0,(anonymous_5)
FNDA:0,(anonymous_6)
FNDA:36,(anonymous_7)
FNDA:0,(anonymous_8)
FNDA:0,(anonymous_9)
DA:3,1
DA:4,1
DA:5,1
DA:6,1
DA:7,1
DA:8,1
DA:9,1
DA:10,1
DA:14,1
DA:16,1
DA:17,37
DA:18,37
DA:19,37
DA:20,36
DA:21,36
DA:22,36
DA:25,36
DA:26,0
DA:30,36
DA:33,0
DA:38,36
DA:39,0
DA:41,0
DA:42,0
DA:43,0
DA:46,0
DA:48,0
DA:52,36
DA:53,36
DA:54,0
DA:55,0
DA:56,0
DA:61,36
DA:63,0
DA:64,0
DA:65,0
DA:66,0
DA:68,0
DA:74,36
DA:75,36
DA:82,36
DA:83,0
DA:88,0
DA:89,0
DA:95,36
DA:97,36
DA:99,0
DA:101,0
DA:103,0
DA:105,0
DA:109,36
DA:130,0
LF:52
LH:28
BRDA:39,0,0,0
BRDA:39,1,0,0
BRDA:39,1,1,0
BRDA:55,2,0,0
BRDA:82,3,0,0
BRDA:82,4,0,36
BRDA:82,4,1,0
BRDA:95,5,0,36
BRDA:95,5,1,0
BRDA:95,5,2,0
BRDA:95,5,3,0
BRDA:95,5,4,0
BRDA:134,6,0,0
BRDA:134,6,1,36
BRF:14
BRH:3
end_of_record
TN:
SF:src/app/demo/[initiative]/page.tsx
FN:11,Demo
FN:22,generateStaticParams
FNF:2
FNH:0
FNDA:0,Demo
FNDA:0,generateStaticParams
DA:12,0
DA:13,0
DA:15,0
DA:16,0
DA:19,0
DA:23,0
LF:6
LH:0
BRDA:15,0,0,0
BRF:1
BRH:0
end_of_record
TN:
SF:src/app/discover/page.tsx
FN:138,DiscoverPage
FN:153,(anonymous_1)
FN:159,(anonymous_2)
FN:163,(anonymous_3)
FN:169,(anonymous_4)
FN:174,(anonymous_5)
FN:175,(anonymous_6)
FN:182,(anonymous_7)
FN:185,(anonymous_8)
FN:188,(anonymous_9)
FN:191,(anonymous_10)
FN:200,(anonymous_11)
FN:205,(anonymous_12)
FN:210,(anonymous_13)
FN:215,(anonymous_14)
FN:217,(anonymous_15)
FN:227,(anonymous_16)
FN:228,(anonymous_17)
FN:230,(anonymous_18)
FN:235,(anonymous_19)
FN:244,(anonymous_20)
FN:246,(anonymous_21)
FN:247,(anonymous_22)
FN:252,(anonymous_23)
FN:254,(anonymous_24)
FN:255,(anonymous_25)
FN:387,(anonymous_26)
FN:398,(anonymous_27)
FN:412,(anonymous_28)
FN:425,(anonymous_29)
FN:452,(anonymous_30)
FN:460,(anonymous_31)
FN:486,(anonymous_32)
FN:489,(anonymous_33)
FN:535,(anonymous_34)
FNF:35
FNH:0
FNDA:0,DiscoverPage
FNDA:0,(anonymous_1)
FNDA:0,(anonymous_2)
FNDA:0,(anonymous_3)
FNDA:0,(anonymous_4)
FNDA:0,(anonymous_5)
FNDA:0,(anonymous_6)
FNDA:0,(anonymous_7)
FNDA:0,(anonymous_8)
FNDA:0,(anonymous_9)
FNDA:0,(anonymous_10)
FNDA:0,(anonymous_11)
FNDA:0,(anonymous_12)
FNDA:0,(anonymous_13)
FNDA:0,(anonymous_14)
FNDA:0,(anonymous_15)
FNDA:0,(anonymous_16)
FNDA:0,(anonymous_17)
FNDA:0,(anonymous_18)
FNDA:0,(anonymous_19)
FNDA:0,(anonymous_20)
FNDA:0,(anonymous_21)
FNDA:0,(anonymous_22)
FNDA:0,(anonymous_23)
FNDA:0,(anonymous_24)
FNDA:0,(anonymous_25)
FNDA:0,(anonymous_26)
FNDA:0,(anonymous_27)
FNDA:0,(anonymous_28)
FNDA:0,(anonymous_29)
FNDA:0,(anonymous_30)
FNDA:0,(anonymous_31)
FNDA:0,(anonymous_32)
FNDA:0,(anonymous_33)
FNDA:0,(anonymous_34)
DA:33,0
DA:139,0
DA:140,0
DA:141,0
DA:144,0
DA:145,0
DA:146,0
DA:147,0
DA:148,0
DA:149,0
DA:150,0
DA:153,0
DA:154,0
DA:157,0
DA:158,0
DA:159,0
DA:160,0
DA:163,0
DA:168,0
DA:169,0
DA:173,0
DA:174,0
DA:175,0
DA:180,0
DA:182,0
DA:183,0
DA:185,0
DA:186,0
DA:188,0
DA:189,0
DA:191,0
DA:192,0
DA:194,0
DA:197,0
DA:200,0
DA:201,0
DA:202,0
DA:205,0
DA:206,0
DA:207,0
DA:210,0
DA:211,0
DA:212,0
DA:215,0
DA:216,0
DA:217,0
DA:218,0
DA:219,0
DA:221,0
DA:224,0
DA:227,0
DA:228,0
DA:229,0
DA:230,0
DA:235,0
DA:236,0
DA:237,0
DA:238,0
DA:239,0
DA:240,0
DA:244,0
DA:245,0
DA:246,0
DA:247,0
DA:249,0
DA:252,0
DA:253,0
DA:254,0
DA:255,0
DA:256,0
DA:259,0
DA:387,0
DA:398,0
DA:412,0
DA:425,0
DA:452,0
DA:460,0
DA:487,0
DA:489,0
DA:536,0
LF:80
LH:0
BRDA:144,0,0,0
BRDA:144,0,1,0
BRDA:145,1,0,0
BRDA:145,1,1,0
BRDA:146,2,0,0
BRDA:146,2,1,0
BRDA:157,3,0,0
BRDA:160,4,0,0
BRDA:160,4,1,0
BRDA:160,4,2,0
BRDA:160,4,3,0
BRDA:168,5,0,0
BRDA:173,6,0,0
BRDA:180,7,0,0
BRDA:180,7,1,0
BRDA:180,7,2,0
BRDA:180,7,3,0
BRDA:180,7,4,0
BRDA:218,8,0,0
BRDA:218,8,1,0
BRDA:229,9,0,0
BRDA:229,9,1,0
BRDA:433,10,0,0
BRDA:433,10,1,0
BRDA:433,10,2,0
BRDA:433,10,3,0
BRDA:433,10,4,0
BRDA:450,11,0,0
BRDA:450,11,1,0
BRDA:458,12,0,0
BRDA:458,12,1,0
BRDA:471,13,0,0
BRDA:471,13,1,0
BRDA:491,14,0,0
BRDA:491,14,1,0
BRDA:513,15,0,0
BRDA:513,15,1,0
BRDA:525,16,0,0
BRDA:525,16,1,0
BRDA:531,17,0,0
BRDA:531,17,1,0
BRF:41
BRH:0
end_of_record
TN:
SF:src/app/docs/page.tsx
FN:6,DocsPage
FNF:1
FNH:0
FNDA:0,DocsPage
DA:7,0
LF:1
LH:0
BRF:0
BRH:0
end_of_record
TN:
SF:src/app/donate/metadata.ts
FNF:0
FNH:0
DA:3,0
LF:1
LH:0
BRF:0
BRH:0
end_of_record
TN:
SF:src/app/donate/page.tsx
FN:10,DonatePage
FN:19,(anonymous_1)
FN:64,(anonymous_2)
FN:72,(anonymous_3)
FNF:4
FNH:0
FNDA:0,DonatePage
FNDA:0,(anonymous_1)
FNDA:0,(anonymous_2)
FNDA:0,(anonymous_3)
DA:11,0
DA:12,0
DA:16,0
DA:17,0
DA:19,0
DA:20,0
DA:22,0
DA:23,0
DA:24,0
DA:25,0
DA:28,0
DA:29,0
DA:40,0
DA:43,0
DA:48,0
DA:64,0
DA:72,0
LF:17
LH:0
BRDA:23,0,0,0
BRDA:35,1,0,0
BRDA:35,1,1,0
BRDA:40,2,0,0
BRF:4
BRH:0
end_of_record
TN:
SF:src/app/events/page.tsx
FN:28,EventsPage
FN:93,(anonymous_1)
FN:101,(anonymous_2)
FN:137,(anonymous_3)
FN:151,(anonymous_4)
FN:155,(anonymous_5)
FN:173,(anonymous_6)
FN:251,(anonymous_7)
FNF:8
FNH:0
FNDA:0,EventsPage
FNDA:0,(anonymous_1)
FNDA:0,(anonymous_2)
FNDA:0,(anonymous_3)
FNDA:0,(anonymous_4)
FNDA:0,(anonymous_5)
FNDA:0,(anonymous_6)
FNDA:0,(anonymous_7)
DA:29,0
DA:30,0
DA:32,0
DA:65,0
DA:84,0
DA:93,0
DA:94,0
DA:95,0
DA:97,0
DA:101,0
DA:102,0
DA:105,0
DA:138,0
DA:152,0
DA:156,0
DA:174,0
DA:251,0
LF:17
LH:0
BRDA:94,0,0,0
BRDA:94,0,1,0
BRF:2
BRH:0
end_of_record
TN:
SF:src/app/fund-us/page.tsx
FN:22,OrangeCatDonationPage
FN:36,(anonymous_1)
FN:48,(anonymous_2)
FN:56,(anonymous_3)
FN:57,(anonymous_4)
FN:59,(anonymous_5)
FN:60,(anonymous_6)
FN:80,(anonymous_7)
FNF:8
FNH:0
FNDA:0,OrangeCatDonationPage
FNDA:0,(anonymous_1)
FNDA:0,(anonymous_2)
FNDA:0,(anonymous_3)
FNDA:0,(anonymous_4)
FNDA:0,(anonymous_5)
FNDA:0,(anonymous_6)
FNDA:0,(anonymous_7)
DA:20,0
DA:23,0
DA:24,0
DA:25,0
DA:27,0
DA:28,0
DA:29,0
DA:31,0
DA:32,0
DA:33,0
DA:34,0
DA:36,0
DA:37,0
DA:38,0
DA:39,0
DA:40,0
DA:41,0
DA:43,0
DA:45,0
DA:48,0
DA:49,0
DA:50,0
DA:51,0
DA:53,0
DA:56,0
DA:57,0
DA:58,0
DA:59,0
DA:61,0
DA:66,0
DA:67,0
DA:80,0
DA:85,0
DA:86,0
DA:88,0
DA:119,0
LF:36
LH:0
BRDA:32,0,0,0
BRDA:32,0,1,0
BRDA:33,1,0,0
BRDA:33,1,1,0
BRDA:49,2,0,0
BRDA:66,3,0,0
BRDA:66,4,0,0
BRDA:66,4,1,0
BRDA:66,4,2,0
BRDA:71,5,0,0
BRDA:71,5,1,0
BRDA:109,6,0,0
BRDA:109,6,1,0
BRDA:145,7,0,0
BRDA:145,7,1,0
BRDA:145,8,0,0
BRDA:145,8,1,0
BRDA:147,9,0,0
BRDA:147,9,1,0
BRDA:148,10,0,0
BRDA:148,10,1,0
BRDA:149,11,0,0
BRDA:149,11,1,0
BRDA:170,12,0,0
BRDA:170,12,1,0
BRDA:202,13,0,0
BRDA:202,13,1,0
BRDA:207,14,0,0
BRDA:207,14,1,0
BRDA:214,15,0,0
BRDA:214,15,1,0
BRDA:214,15,2,0
BRDA:227,16,0,0
BRDA:227,16,1,0
BRDA:227,16,2,0
BRDA:227,16,3,0
BRDA:240,17,0,0
BRDA:240,17,1,0
BRDA:240,17,2,0
BRDA:240,17,3,0
BRF:40
BRH:0
end_of_record
TN:
SF:src/app/fund-us/[id]/page.tsx
FN:15,FundingPage
FN:27,(anonymous_1)
FN:50,(anonymous_2)
FN:54,(anonymous_3)
FN:59,(anonymous_4)
FN:61,(anonymous_5)
FN:62,(anonymous_6)
FN:115,(anonymous_7)
FNF:8
FNH:0
FNDA:0,FundingPage
FNDA:0,(anonymous_1)
FNDA:0,(anonymous_2)
FNDA:0,(anonymous_3)
FNDA:0,(anonymous_4)
FNDA:0,(anonymous_5)
FNDA:0,(anonymous_6)
FNDA:0,(anonymous_7)
DA:16,0
DA:17,0
DA:18,0
DA:19,0
DA:20,0
DA:21,0
DA:22,0
DA:23,0
DA:25,0
DA:27,0
DA:28,0
DA:30,0
DA:31,0
DA:35,0
DA:41,0
DA:42,0
DA:44,0
DA:46,0
DA:50,0
DA:51,0
DA:54,0
DA:55,0
DA:56,0
DA:59,0
DA:60,0
DA:61,0
DA:62,0
DA:63,0
DA:67,0
DA:68,0
DA:76,0
DA:77,0
DA:84,0
DA:85,0
DA:92,0
DA:94,0
DA:115,0
LF:37
LH:0
BRDA:25,0,0,0
BRDA:25,0,1,0
BRDA:25,1,0,0
BRDA:25,1,1,0
BRDA:28,2,0,0
BRDA:41,3,0,0
BRDA:67,4,0,0
BRDA:76,5,0,0
BRDA:84,6,0,0
BRDA:105,7,0,0
BRDA:105,7,1,0
BRDA:109,8,0,0
BRDA:109,8,1,0
BRDA:111,9,0,0
BRDA:111,9,1,0
BRF:15
BRH:0
end_of_record
TN:
SF:src/app/fund-us/[id]/edit/page.tsx
FN:13,EditFundingPage
FN:23,(anonymous_1)
FN:44,(anonymous_2)
FN:50,(anonymous_3)
FN:103,(anonymous_4)
FN:110,(anonymous_5)
FN:117,(anonymous_6)
FN:125,(anonymous_7)
FN:136,(anonymous_8)
FNF:9
FNH:0
FNDA:0,EditFundingPage
FNDA:0,(anonymous_1)
FNDA:0,(anonymous_2)
FNDA:0,(anonymous_3)
FNDA:0,(anonymous_4)
FNDA:0,(anonymous_5)
FNDA:0,(anonymous_6)
FNDA:0,(anonymous_7)
FNDA:0,(anonymous_8)
DA:14,0
DA:15,0
DA:16,0
DA:17,0
DA:18,0
DA:19,0
DA:21,0
DA:23,0
DA:24,0
DA:25,0
DA:29,0
DA:35,0
DA:36,0
DA:38,0
DA:40,0
DA:44,0
DA:45,0
DA:46,0
DA:50,0
DA:51,0
DA:52,0
DA:54,0
DA:55,0
DA:68,0
DA:69,0
DA:70,0
DA:72,0
DA:74,0
DA:78,0
DA:79,0
DA:86,0
DA:87,0
DA:94,0
DA:103,0
DA:110,0
DA:117,0
DA:125,0
DA:136,0
LF:38
LH:0
BRDA:35,0,0,0
BRDA:45,1,0,0
BRDA:68,2,0,0
BRDA:78,3,0,0
BRDA:86,4,0,0
BRDA:141,5,0,0
BRDA:141,5,1,0
BRF:7
BRH:0
end_of_record
TN:
SF:src/app/fund-yourself/page.tsx
FN:15,FundYourselfPage
FN:22,(anonymous_1)
FN:28,(anonymous_2)
FN:43,(anonymous_3)
FN:163,(anonymous_4)
FN:188,(anonymous_5)
FN:195,(anonymous_6)
FN:213,(anonymous_7)
FN:225,(anonymous_8)
FNF:9
FNH:0
FNDA:0,FundYourselfPage
FNDA:0,(anonymous_1)
FNDA:0,(anonymous_2)
FNDA:0,(anonymous_3)
FNDA:0,(anonymous_4)
FNDA:0,(anonymous_5)
FNDA:0,(anonymous_6)
FNDA:0,(anonymous_7)
FNDA:0,(anonymous_8)
DA:16,0
DA:17,0
DA:18,0
DA:19,0
DA:20,0
DA:22,0
DA:23,0
DA:24,0
DA:25,0
DA:28,0
DA:29,0
DA:30,0
DA:31,0
DA:33,0
DA:34,0
DA:36,0
DA:40,0
DA:43,0
DA:44,0
DA:47,0
DA:48,0
DA:51,0
DA:52,0
DA:61,0
DA:164,0
DA:188,0
DA:195,0
DA:214,0
DA:225,0
LF:29
LH:0
BRDA:23,0,0,0
BRDA:31,1,0,0
BRDA:31,1,1,0
BRDA:47,2,0,0
BRDA:51,3,0,0
BRDA:144,4,0,0
BRDA:144,4,1,0
BRDA:150,5,0,0
BRDA:150,5,1,0
BRDA:174,6,0,0
BRDA:174,6,1,0
BRDA:181,7,0,0
BRDA:181,7,1,0
BRF:13
BRH:0
end_of_record
TN:
SF:src/app/fundraising/page.tsx
FN:24,FundraisingPage
FN:89,(anonymous_1)
FN:97,(anonymous_2)
FN:113,(anonymous_3)
FN:127,(anonymous_4)
FN:131,(anonymous_5)
FN:149,(anonymous_6)
FNF:7
FNH:0
FNDA:0,FundraisingPage
FNDA:0,(anonymous_1)
FNDA:0,(anonymous_2)
FNDA:0,(anonymous_3)
FNDA:0,(anonymous_4)
FNDA:0,(anonymous_5)
FNDA:0,(anonymous_6)
DA:25,0
DA:26,0
DA:28,0
DA:61,0
DA:80,0
DA:89,0
DA:90,0
DA:91,0
DA:93,0
DA:97,0
DA:98,0
DA:101,0
DA:114,0
DA:128,0
DA:132,0
DA:150,0
LF:16
LH:0
BRDA:90,0,0,0
BRDA:90,0,1,0
BRF:2
BRH:0
end_of_record
TN:
SF:src/app/how-it-works/page.tsx
FN:27,HowItWorksPage
FN:215,(anonymous_1)
FN:225,(anonymous_2)
FN:249,(anonymous_3)
FN:283,(anonymous_4)
FN:312,(anonymous_5)
FNF:6
FNH:0
FNDA:0,HowItWorksPage
FNDA:0,(anonymous_1)
FNDA:0,(anonymous_2)
FNDA:0,(anonymous_3)
FNDA:0,(anonymous_4)
FNDA:0,(anonymous_5)
DA:28,0
DA:30,0
DA:105,0
DA:156,0
DA:179,0
DA:185,0
DA:215,0
DA:225,0
DA:250,0
DA:251,0
DA:284,0
DA:313,0
DA:314,0
LF:13
LH:0
BRDA:217,0,0,0
BRDA:217,0,1,0
BRDA:227,1,0,0
BRDA:227,1,1,0
BRDA:245,2,0,0
BRDA:245,2,1,0
BRDA:249,3,0,0
BRDA:249,3,1,0
BRF:8
BRH:0
end_of_record
TN:
SF:src/app/privacy/page.tsx
FN:3,PrivacyPage
FNF:1
FNH:0
FNDA:0,PrivacyPage
DA:4,0
LF:1
LH:0
BRF:0
BRH:0
end_of_record
TN:
SF:src/app/profile/layout.tsx
FN:8,ProfileLayout
FN:16,(anonymous_1)
FNF:2
FNH:0
FNDA:0,ProfileLayout
FNDA:0,(anonymous_1)
DA:13,0
DA:14,0
DA:16,0
DA:17,0
DA:18,0
DA:22,0
DA:23,0
DA:26,0
DA:27,0
DA:30,0
LF:10
LH:0
BRDA:17,0,0,0
BRDA:17,1,0,0
BRDA:17,1,1,0
BRDA:22,2,0,0
BRDA:26,3,0,0
BRF:5
BRH:0
end_of_record
TN:
SF:src/app/profile/setup/page.tsx
FN:13,ProfileSetupPage
FN:34,(anonymous_1)
FN:41,(anonymous_2)
FN:67,(anonymous_3)
FN:89,(anonymous_4)
FN:99,(anonymous_5)
FN:104,(anonymous_6)
FN:128,(anonymous_7)
FN:173,(anonymous_8)
FN:186,(anonymous_9)
FNF:10
FNH:0
FNDA:0,ProfileSetupPage
FNDA:0,(anonymous_1)
FNDA:0,(anonymous_2)
FNDA:0,(anonymous_3)
FNDA:0,(anonymous_4)
FNDA:0,(anonymous_5)
FNDA:0,(anonymous_6)
FNDA:0,(anonymous_7)
FNDA:0,(anonymous_8)
FNDA:0,(anonymous_9)
DA:14,0
DA:15,0
DA:18,0
DA:29,0
DA:34,0
DA:35,0
DA:36,0
DA:41,0
DA:42,0
DA:43,0
DA:48,0
DA:49,0
DA:53,0
DA:54,0
DA:57,0
DA:58,0
DA:67,0
DA:80,0
DA:81,0
DA:89,0
DA:99,0
DA:100,0
DA:101,0
DA:104,0
DA:105,0
DA:110,0
DA:114,0
DA:128,0
DA:173,0
DA:186,0
LF:30
LH:0
BRDA:35,0,0,0
BRDA:35,1,0,0
BRDA:35,1,1,0
BRDA:42,2,0,0
BRDA:42,3,0,0
BRDA:42,3,1,0
BRDA:48,4,0,0
BRDA:48,5,0,0
BRDA:48,5,1,0
BRDA:53,6,0,0
BRDA:57,7,0,0
BRDA:80,8,0,0
BRF:12
BRH:0
end_of_record
TN:
SF:src/app/settings/layout.tsx
FN:8,SettingsLayout
FN:16,(anonymous_1)
FNF:2
FNH:0
FNDA:0,SettingsLayout
FNDA:0,(anonymous_1)
DA:13,0
DA:14,0
DA:16,0
DA:17,0
DA:18,0
DA:22,0
DA:23,0
DA:26,0
DA:27,0
DA:30,0
LF:10
LH:0
BRDA:17,0,0,0
BRDA:17,1,0,0
BRDA:17,1,1,0
BRDA:22,2,0,0
BRDA:26,3,0,0
BRF:5
BRH:0
end_of_record
TN:
SF:src/app/study-bitcoin/page.tsx
FN:148,StudyBitcoinPage
FN:153,(anonymous_1)
FN:155,(anonymous_2)
FN:156,(anonymous_3)
FN:187,(anonymous_4)
FN:234,(anonymous_5)
FN:237,(anonymous_6)
FN:251,(anonymous_7)
FN:325,(anonymous_8)
FN:393,(anonymous_9)
FNF:10
FNH:0
FNDA:0,StudyBitcoinPage
FNDA:0,(anonymous_1)
FNDA:0,(anonymous_2)
FNDA:0,(anonymous_3)
FNDA:0,(anonymous_4)
FNDA:0,(anonymous_5)
FNDA:0,(anonymous_6)
FNDA:0,(anonymous_7)
FNDA:0,(anonymous_8)
FNDA:0,(anonymous_9)
DA:54,0
DA:109,0
DA:149,0
DA:151,0
DA:153,0
DA:155,0
DA:156,0
DA:158,0
DA:188,0
DA:189,0
DA:235,0
DA:237,0
DA:252,0
DA:253,0
DA:326,0
DA:327,0
DA:394,0
DA:395,0
LF:18
LH:0
BRDA:151,0,0,0
BRDA:151,0,1,0
BRDA:206,1,0,0
BRDA:206,1,1,0
BRDA:209,2,0,0
BRDA:209,2,1,0
BRDA:239,3,0,0
BRDA:239,3,1,0
BRDA:264,4,0,0
BRDA:264,4,1,0
BRDA:265,5,0,0
BRDA:265,5,1,0
BRDA:270,6,0,0
BRDA:270,6,1,0
BRDA:297,7,0,0
BRDA:297,7,1,0
BRDA:299,8,0,0
BRDA:299,8,1,0
BRDA:303,9,0,0
BRDA:303,9,1,0
BRDA:305,10,0,0
BRDA:305,10,1,0
BRDA:306,11,0,0
BRDA:306,11,1,0
BRDA:344,12,0,0
BRDA:344,12,1,0
BRDA:346,13,0,0
BRDA:346,13,1,0
BRDA:347,14,0,0
BRDA:347,14,1,0
BRF:30
BRH:0
end_of_record
TN:
SF:src/app/terms/page.tsx
FN:3,TermsPage
FNF:1
FNH:0
FNDA:0,TermsPage
DA:4,0
LF:1
LH:0
BRF:0
BRH:0
end_of_record
TN:
SF:src/app/wallets/page.tsx
FN:54,WalletsPage
FN:55,(anonymous_1)
FN:70,(anonymous_2)
FN:91,(anonymous_3)
FNF:4
FNH:0
FNDA:0,WalletsPage
FNDA:0,(anonymous_1)
FNDA:0,(anonymous_2)
FNDA:0,(anonymous_3)
DA:18,0
DA:55,0
DA:56,0
DA:57,0
DA:58,0
DA:62,0
DA:71,0
DA:92,0
LF:8
LH:0
BRDA:78,0,0,0
BRDA:78,0,1,0
BRDA:87,1,0,0
BRDA:87,1,1,0
BRDA:87,1,2,0
BRF:5
BRH:0
end_of_record
TN:
SF:src/components/AuthProvider.tsx
FN:16,AuthProvider
FN:17,(anonymous_1)
FN:18,(anonymous_2)
FN:25,(anonymous_3)
FN:37,(anonymous_4)
FN:39,(anonymous_5)
FN:48,(anonymous_6)
FN:50,(anonymous_7)
FNF:8
FNH:0
FNDA:0,AuthProvider
FNDA:0,(anonymous_1)
FNDA:0,(anonymous_2)
FNDA:0,(anonymous_3)
FNDA:0,(anonymous_4)
FNDA:0,(anonymous_5)
FNDA:0,(anonymous_6)
FNDA:0,(anonymous_7)
DA:17,0
DA:18,0
DA:19,0
DA:21,0
DA:25,0
DA:27,0
DA:28,0
DA:31,0
DA:32,0
DA:37,0
DA:38,0
DA:39,0
DA:42,0
DA:43,0
DA:44,0
DA:48,0
DA:50,0
DA:54,0
DA:55,0
DA:58,0
DA:61,0
DA:64,0
LF:22
LH:0
BRDA:21,0,0,0
BRDA:27,1,0,0
BRDA:28,2,0,0
BRDA:38,3,0,0
BRDA:43,4,0,0
BRDA:54,5,0,0
BRDA:55,6,0,0
BRDA:61,7,0,0
BRF:8
BRH:0
end_of_record
TN:
SF:src/components/AuthRecovery.tsx
FN:17,AuthRecovery
FN:27,(anonymous_1)
FN:39,(anonymous_2)
FN:54,(anonymous_3)
FN:66,(anonymous_4)
FN:94,(anonymous_5)
FN:129,(anonymous_6)
FN:228,(anonymous_7)
FNF:8
FNH:0
FNDA:0,AuthRecovery
FNDA:0,(anonymous_1)
FNDA:0,(anonymous_2)
FNDA:0,(anonymous_3)
FNDA:0,(anonymous_4)
FNDA:0,(anonymous_5)
FNDA:0,(anonymous_6)
FNDA:0,(anonymous_7)
DA:18,0
DA:19,0
DA:20,0
DA:22,0
DA:23,0
DA:24,0
DA:25,0
DA:27,0
DA:28,0
DA:29,0
DA:30,0
DA:32,0
DA:34,0
DA:35,0
DA:36,0
DA:39,0
DA:40,0
DA:41,0
DA:42,0
DA:43,0
DA:44,0
DA:49,0
DA:51,0
DA:52,0
DA:54,0
DA:55,0
DA:56,0
DA:60,0
DA:62,0
DA:66,0
DA:67,0
DA:68,0
DA:69,0
DA:72,0
DA:73,0
DA:74,0
DA:76,0
DA:77,0
DA:81,0
DA:82,0
DA:84,0
DA:85,0
DA:88,0
DA:90,0
DA:94,0
DA:95,0
DA:96,0
DA:104,0
DA:105,0
DA:112,0
DA:113,0
DA:121,0
DA:129,0
DA:130,0
DA:131,0
DA:155,0
DA:156,0
DA:169,0
DA:193,0
DA:229,0
LF:60
LH:0
BRDA:22,0,0,0
BRDA:22,0,1,0
BRDA:23,1,0,0
BRDA:23,1,1,0
BRDA:24,2,0,0
BRDA:24,2,1,0
BRDA:25,3,0,0
BRDA:25,3,1,0
BRDA:34,4,0,0
BRDA:41,5,0,0
BRDA:41,5,1,0
BRDA:67,6,0,0
BRDA:81,7,0,0
BRDA:81,7,1,0
BRDA:95,8,0,0
BRDA:104,9,0,0
BRDA:112,10,0,0
BRDA:112,11,0,0
BRDA:112,11,1,0
BRDA:130,12,0,0
BRDA:137,13,0,0
BRDA:137,13,1,0
BRDA:155,14,0,0
BRDA:155,15,0,0
BRDA:155,15,1,0
BRDA:208,16,0,0
BRDA:208,16,1,0
BRDA:210,17,0,0
BRDA:210,17,1,0
BRDA:215,18,0,0
BRDA:215,18,1,0
BRDA:218,19,0,0
BRDA:218,19,1,0
BRF:33
BRH:0
end_of_record
TN:
SF:src/components/ClientErrorBoundary.tsx
FN:5,ClientErrorBoundary
FNF:1
FNH:0
FNDA:0,ClientErrorBoundary
DA:10,0
LF:1
LH:0
BRF:0
BRH:0
end_of_record
TN:
SF:src/components/DynamicComponentLoader.tsx
FN:20,createDynamicComponent
FN:26,DynamicComponent
FN:41,(anonymous_2)
FN:47,(anonymous_3)
FN:53,(anonymous_4)
FN:59,(anonymous_5)
FN:65,(anonymous_6)
FN:71,(anonymous_7)
FN:77,(anonymous_8)
FN:83,(anonymous_9)
FN:90,(anonymous_10)
FN:95,(anonymous_11)
FN:96,(anonymous_12)
FN:101,(anonymous_13)
FN:102,(anonymous_14)
FN:113,useLazyComponent
FN:119,IntersectionLazyComponent
FNF:17
FNH:0
FNDA:0,createDynamicComponent
FNDA:0,DynamicComponent
FNDA:0,(anonymous_2)
FNDA:0,(anonymous_3)
FNDA:0,(anonymous_4)
FNDA:0,(anonymous_5)
FNDA:0,(anonymous_6)
FNDA:0,(anonymous_7)
FNDA:0,(anonymous_8)
FNDA:0,(anonymous_9)
FNDA:0,(anonymous_10)
FNDA:0,(anonymous_11)
FNDA:0,(anonymous_12)
FNDA:0,(anonymous_13)
FNDA:0,(anonymous_14)
FNDA:0,useLazyComponent
FNDA:0,IntersectionLazyComponent
DA:24,0
DA:26,0
DA:27,0
DA:40,0
DA:41,0
DA:46,0
DA:47,0
DA:52,0
DA:53,0
DA:58,0
DA:59,0
DA:64,0
DA:65,0
DA:70,0
DA:71,0
DA:76,0
DA:77,0
DA:82,0
DA:83,0
DA:90,0
DA:92,0
DA:94,0
DA:95,0
DA:96,0
DA:101,0
DA:102,0
DA:117,0
DA:119,0
DA:123,0
DA:125,0
LF:30
LH:0
BRDA:28,0,0,0
BRDA:28,0,1,0
BRDA:92,1,0,0
BRDA:94,2,0,0
BRDA:94,2,1,0
BRDA:115,3,0,0
BRDA:123,4,0,0
BRDA:126,5,0,0
BRDA:126,5,1,0
BRF:9
BRH:0
end_of_record
TN:
SF:src/components/ErrorBoundary.tsx
FN:27,(anonymous_0)
FN:85,(anonymous_1)
FN:99,(anonymous_2)
FN:105,(anonymous_3)
FN:32,(anonymous_4)
FN:39,(anonymous_5)
FN:64,(anonymous_6)
FN:70,(anonymous_7)
FN:79,(anonymous_8)
FN:111,(anonymous_9)
FN:207,withErrorBoundary
FN:211,(anonymous_11)
FNF:12
FNH:0
FNDA:0,(anonymous_0)
FNDA:0,(anonymous_1)
FNDA:0,(anonymous_2)
FNDA:0,(anonymous_3)
FNDA:0,(anonymous_4)
FNDA:0,(anonymous_5)
FNDA:0,(anonymous_6)
FNDA:0,(anonymous_7)
FNDA:0,(anonymous_8)
FNDA:0,(anonymous_9)
FNDA:0,withErrorBoundary
FNDA:0,(anonymous_11)
DA:25,0
DA:28,0
DA:29,0
DA:33,0
DA:40,0
DA:42,0
DA:56,0
DA:61,0
DA:63,0
DA:64,0
DA:65,0
DA:71,0
DA:72,0
DA:74,0
DA:75,0
DA:80,0
DA:81,0
DA:85,0
DA:86,0
DA:87,0
DA:88,0
DA:91,0
DA:99,0
DA:100,0
DA:101,0
DA:105,0
DA:106,0
DA:107,0
DA:112,0
DA:113,0
DA:116,0
DA:117,0
DA:120,0
DA:121,0
DA:123,0
DA:124,0
DA:160,0
DA:211,0
DA:212,0
DA:217,0
DA:219,0
LF:41
LH:0
BRDA:86,0,0,0
BRDA:100,1,0,0
BRDA:106,2,0,0
BRDA:51,3,0,0
BRDA:51,3,1,0
BRDA:53,4,0,0
BRDA:53,4,1,0
BRDA:63,5,0,0
BRDA:74,6,0,0
BRDA:74,7,0,0
BRDA:74,7,1,0
BRDA:74,7,2,0
BRDA:80,8,0,0
BRDA:112,9,0,0
BRDA:116,10,0,0
BRDA:121,11,0,0
BRDA:121,12,0,0
BRDA:123,13,0,0
BRDA:136,14,0,0
BRDA:136,14,1,0
BRDA:136,14,2,0
BRDA:143,15,0,0
BRDA:143,15,1,0
BRDA:175,16,0,0
BRDA:175,16,1,0
BRDA:175,16,2,0
BRDA:181,17,0,0
BRDA:181,17,1,0
BRDA:217,18,0,0
BRDA:217,18,1,0
BRF:30
BRH:0
end_of_record
TN:
SF:src/components/Loading.tsx
FN:14,Loading
FN:60,GlobalAuthErrorBanner
FN:63,(anonymous_11)
FN:75,(anonymous_12)
FN:89,GlobalAuthLoader
FNF:5
FNH:1
FNDA:6,Loading
FNDA:0,GlobalAuthErrorBanner
FNDA:0,(anonymous_11)
FNDA:0,(anonymous_12)
FNDA:0,GlobalAuthLoader
DA:2,2
DA:3,2
DA:4,2
DA:14,2
DA:22,6
DA:29,6
DA:34,6
DA:39,6
DA:45,6
DA:46,0
DA:53,6
DA:60,2
DA:61,0
DA:63,0
DA:64,0
DA:68,0
DA:70,0
DA:76,0
DA:89,2
DA:90,0
DA:92,0
DA:94,0
LF:22
LH:12
BRDA:15,0,0,0
BRDA:16,1,0,0
BRDA:17,2,0,6
BRDA:18,3,0,6
BRDA:19,4,0,6
BRDA:29,5,0,6
BRDA:29,5,1,0
BRDA:34,6,0,0
BRDA:34,6,1,6
BRDA:41,7,0,6
BRDA:41,7,1,6
BRDA:45,8,0,0
BRDA:64,9,0,0
BRDA:68,10,0,0
BRDA:92,11,0,0
BRDA:92,12,0,0
BRDA:92,12,1,0
BRF:17
BRH:7
end_of_record
TN:
SF:src/components/mdx-components.tsx
FN:5,useMDXComponents
FN:8,(anonymous_1)
FN:13,(anonymous_2)
FN:18,(anonymous_3)
FN:23,(anonymous_4)
FN:28,(anonymous_5)
FN:33,(anonymous_6)
FN:38,(anonymous_7)
FN:43,(anonymous_8)
FN:49,(anonymous_9)
FN:56,(anonymous_10)
FN:61,(anonymous_11)
FN:66,(anonymous_12)
FN:74,(anonymous_13)
FN:86,(anonymous_14)
FN:99,(anonymous_15)
FNF:16
FNH:0
FNDA:0,useMDXComponents
FNDA:0,(anonymous_1)
FNDA:0,(anonymous_2)
FNDA:0,(anonymous_3)
FNDA:0,(anonymous_4)
FNDA:0,(anonymous_5)
FNDA:0,(anonymous_6)
FNDA:0,(anonymous_7)
FNDA:0,(anonymous_8)
FNDA:0,(anonymous_9)
FNDA:0,(anonymous_10)
FNDA:0,(anonymous_11)
FNDA:0,(anonymous_12)
FNDA:0,(anonymous_13)
FNDA:0,(anonymous_14)
FNDA:0,(anonymous_15)
DA:6,0
DA:9,0
DA:14,0
DA:19,0
DA:24,0
DA:29,0
DA:34,0
DA:39,0
DA:44,0
DA:50,0
DA:57,0
DA:62,0
DA:67,0
DA:75,0
DA:87,0
DA:93,0
DA:100,0
LF:17
LH:0
BRDA:68,0,0,0
BRDA:68,0,1,0
BRDA:77,1,0,0
BRDA:77,1,1,0
BRDA:78,2,0,0
BRDA:78,2,1,0
BRDA:86,3,0,0
BRF:7
BRH:0
end_of_record
TN:
SF:src/components/auth/RoleManagement.tsx
FN:13,RoleManagement
FN:23,(anonymous_1)
FNF:2
FNH:0
FNDA:0,RoleManagement
FNDA:0,(anonymous_1)
DA:14,0
DA:15,0
DA:19,0
DA:23,0
DA:24,0
DA:25,0
DA:26,0
DA:27,0
DA:31,0
DA:32,0
DA:35,0
DA:36,0
DA:39,0
LF:13
LH:0
BRDA:13,0,0,0
BRDA:19,1,0,0
BRDA:19,1,1,0
BRDA:19,1,2,0
BRDA:24,2,0,0
BRDA:24,2,1,0
BRDA:24,3,0,0
BRDA:24,3,1,0
BRDA:26,4,0,0
BRDA:26,5,0,0
BRDA:26,5,1,0
BRDA:26,5,2,0
BRDA:31,6,0,0
BRDA:35,7,0,0
BRDA:35,8,0,0
BRDA:35,8,1,0
BRDA:35,8,2,0
BRF:17
BRH:0
end_of_record
TN:
SF:src/components/bitcoin/BitcoinPaymentButton.tsx
FN:14,BitcoinPaymentButton
FN:24,(anonymous_1)
FN:34,(anonymous_2)
FNF:3
FNH:0
FNDA:0,BitcoinPaymentButton
FNDA:0,(anonymous_1)
FNDA:0,(anonymous_2)
DA:19,0
DA:21,0
DA:24,0
DA:34,0
LF:4
LH:0
BRDA:17,0,0,0
BRF:1
BRH:0
end_of_record
TN:
SF:src/components/bitcoin/BitcoinPaymentModal.tsx
FN:18,BitcoinPaymentModal
FN:30,(anonymous_1)
FN:68,(anonymous_2)
FN:76,(anonymous_3)
FN:87,(anonymous_4)
FNF:5
FNH:0
FNDA:0,BitcoinPaymentModal
FNDA:0,(anonymous_1)
FNDA:0,(anonymous_2)
FNDA:0,(anonymous_3)
FNDA:0,(anonymous_4)
DA:25,0
DA:26,0
DA:27,0
DA:28,0
DA:30,0
DA:31,0
DA:33,0
DA:34,0
DA:38,0
DA:39,0
DA:42,0
DA:45,0
DA:47,0
DA:68,0
DA:76,0
DA:87,0
LF:16
LH:0
BRDA:23,0,0,0
BRDA:34,1,0,0
BRDA:34,1,1,0
BRDA:38,2,0,0
BRDA:38,3,0,0
BRDA:38,3,1,0
BRDA:45,4,0,0
BRDA:58,5,0,0
BRDA:58,5,1,0
BRDA:67,6,0,0
BRDA:67,6,1,0
BRDA:75,7,0,0
BRDA:75,7,1,0
BRDA:87,8,0,0
BRDA:87,8,1,0
BRDA:97,9,0,0
BRDA:97,9,1,0
BRDA:110,10,0,0
BRDA:110,10,1,0
BRF:19
BRH:0
end_of_record
TN:
SF:src/components/bitcoin/QRCodeGenerator.tsx
FN:16,QRCodeGenerator
FN:26,(anonymous_1)
FN:32,(anonymous_2)
FN:38,(anonymous_3)
FN:88,generateQRCode
FN:127,drawFinderPattern
FN:144,isFinderPattern
FN:155,simpleHash
FNF:8
FNH:0
FNDA:0,QRCodeGenerator
FNDA:0,(anonymous_1)
FNDA:0,(anonymous_2)
FNDA:0,(anonymous_3)
FNDA:0,generateQRCode
FNDA:0,drawFinderPattern
FNDA:0,isFinderPattern
FNDA:0,simpleHash
DA:23,0
DA:24,0
DA:26,0
DA:27,0
DA:28,0
DA:32,0
DA:33,0
DA:34,0
DA:35,0
DA:36,0
DA:38,0
DA:40,0
DA:44,0
DA:89,0
DA:90,0
DA:93,0
DA:94,0
DA:97,0
DA:98,0
DA:101,0
DA:103,0
DA:106,0
DA:107,0
DA:108,0
DA:111,0
DA:112,0
DA:114,0
DA:117,0
DA:118,0
DA:120,0
DA:121,0
DA:129,0
DA:130,0
DA:132,0
DA:137,0
DA:138,0
DA:145,0
DA:156,0
DA:157,0
DA:158,0
DA:159,0
DA:160,0
DA:162,0
LF:43
LH:0
BRDA:18,0,0,0
BRDA:19,1,0,0
BRDA:20,2,0,0
BRDA:27,3,0,0
BRDA:27,4,0,0
BRDA:27,4,1,0
BRDA:46,5,0,0
BRDA:46,5,1,0
BRDA:59,6,0,0
BRDA:59,6,1,0
BRDA:66,7,0,0
BRDA:66,7,1,0
BRDA:74,8,0,0
BRDA:74,8,1,0
BRDA:90,9,0,0
BRDA:114,10,0,0
BRDA:120,11,0,0
BRDA:132,12,0,0
BRDA:132,12,1,0
BRDA:132,12,2,0
BRDA:132,12,3,0
BRDA:132,12,4,0
BRDA:132,12,5,0
BRDA:132,12,6,0
BRDA:132,12,7,0
BRDA:137,13,0,0
BRDA:147,14,0,0
BRDA:147,14,1,0
BRDA:147,14,2,0
BRDA:147,14,3,0
BRDA:147,14,4,0
BRDA:147,14,5,0
BRF:32
BRH:0
end_of_record
TN:
SF:src/components/blog/BlogClientWrapper.tsx
FN:17,BlogClientWrapper
FN:22,(anonymous_1)
FN:28,(anonymous_2)
FN:29,(anonymous_3)
FN:29,(anonymous_4)
FN:30,(anonymous_5)
FN:38,(anonymous_6)
FN:45,(anonymous_7)
FN:51,(anonymous_8)
FN:60,(anonymous_9)
FN:63,(anonymous_10)
FN:74,(anonymous_11)
FN:79,(anonymous_12)
FN:80,(anonymous_13)
FN:90,(anonymous_14)
FN:97,(anonymous_15)
FN:100,(anonymous_16)
FN:110,(anonymous_17)
FN:183,(anonymous_18)
FN:192,(anonymous_19)
FN:195,(anonymous_20)
FN:216,(anonymous_21)
FN:219,(anonymous_22)
FN:246,(anonymous_23)
FN:253,(anonymous_24)
FN:268,(anonymous_25)
FN:283,(anonymous_26)
FN:313,(anonymous_27)
FNF:28
FNH:0
FNDA:0,BlogClientWrapper
FNDA:0,(anonymous_1)
FNDA:0,(anonymous_2)
FNDA:0,(anonymous_3)
FNDA:0,(anonymous_4)
FNDA:0,(anonymous_5)
FNDA:0,(anonymous_6)
FNDA:0,(anonymous_7)
FNDA:0,(anonymous_8)
FNDA:0,(anonymous_9)
FNDA:0,(anonymous_10)
FNDA:0,(anonymous_11)
FNDA:0,(anonymous_12)
FNDA:0,(anonymous_13)
FNDA:0,(anonymous_14)
FNDA:0,(anonymous_15)
FNDA:0,(anonymous_16)
FNDA:0,(anonymous_17)
FNDA:0,(anonymous_18)
FNDA:0,(anonymous_19)
FNDA:0,(anonymous_20)
FNDA:0,(anonymous_21)
FNDA:0,(anonymous_22)
FNDA:0,(anonymous_23)
FNDA:0,(anonymous_24)
FNDA:0,(anonymous_25)
FNDA:0,(anonymous_26)
FNDA:0,(anonymous_27)
DA:18,0
DA:19,0
DA:22,0
DA:23,0
DA:24,0
DA:25,0
DA:28,0
DA:29,0
DA:30,0
DA:32,0
DA:37,0
DA:38,0
DA:39,0
DA:43,0
DA:44,0
DA:45,0
DA:46,0
DA:47,0
DA:51,0
DA:52,0
DA:53,0
DA:55,0
DA:56,0
DA:60,0
DA:61,0
DA:62,0
DA:63,0
DA:64,0
DA:65,0
DA:67,0
DA:70,0
DA:74,0
DA:75,0
DA:78,0
DA:79,0
DA:80,0
DA:85,0
DA:86,0
DA:88,0
DA:90,0
DA:91,0
DA:93,0
DA:95,0
DA:96,0
DA:97,0
DA:98,0
DA:100,0
DA:101,0
DA:102,0
DA:105,0
DA:108,0
DA:109,0
DA:110,0
DA:111,0
DA:112,0
DA:119,0
DA:124,0
DA:129,0
DA:131,0
DA:183,0
DA:193,0
DA:195,0
DA:217,0
DA:219,0
DA:246,0
DA:254,0
DA:255,0
DA:269,0
DA:284,0
DA:314,0
DA:315,0
LF:71
LH:0
BRDA:37,0,0,0
BRDA:46,1,0,0
BRDA:46,2,0,0
BRDA:46,2,1,0
BRDA:53,3,0,0
BRDA:53,3,1,0
BRDA:55,4,0,0
BRDA:65,5,0,0
BRDA:65,5,1,0
BRDA:78,6,0,0
BRDA:85,7,0,0
BRDA:88,8,0,0
BRDA:88,8,1,0
BRDA:88,8,2,0
BRDA:88,8,3,0
BRDA:102,9,0,0
BRDA:102,9,1,0
BRDA:108,10,0,0
BRDA:112,11,0,0
BRDA:112,11,1,0
BRDA:124,12,0,0
BRDA:124,12,1,0
BRDA:124,13,0,0
BRDA:124,13,1,0
BRDA:134,14,0,0
BRDA:134,14,1,0
BRDA:134,14,2,0
BRDA:155,15,0,0
BRDA:155,15,1,0
BRDA:175,16,0,0
BRDA:175,16,1,0
BRDA:185,17,0,0
BRDA:185,17,1,0
BRDA:197,18,0,0
BRDA:197,18,1,0
BRDA:221,19,0,0
BRDA:221,19,1,0
BRDA:234,20,0,0
BRDA:234,20,1,0
BRDA:234,20,2,0
BRDA:239,21,0,0
BRDA:239,21,1,0
BRDA:244,22,0,0
BRDA:244,22,1,0
BRDA:250,23,0,0
BRDA:250,23,1,0
BRDA:266,24,0,0
BRDA:266,24,1,0
BRDA:293,25,0,0
BRDA:293,25,1,0
BRDA:307,26,0,0
BRDA:307,26,1,0
BRDA:307,27,0,0
BRDA:307,27,1,0
BRDA:311,28,0,0
BRDA:311,28,1,0
BRDA:311,28,2,0
BRF:57
BRH:0
end_of_record
TN:
SF:src/components/charts/AdvancedCharts.tsx
FN:1,AdvancedCharts
FNF:1
FNH:0
FNDA:0,AdvancedCharts
DA:2,0
LF:1
LH:0
BRF:0
BRH:0
end_of_record
TN:
SF:src/components/create/CreateCampaignForm.tsx
FN:30,CreateCampaignForm
FN:57,(anonymous_2)
FN:60,(anonymous_3)
FN:65,(anonymous_4)
FN:69,(anonymous_5)
FN:85,(anonymous_6)
FN:87,(anonymous_7)
FN:90,(anonymous_8)
FN:91,(anonymous_9)
FN:94,(anonymous_10)
FN:99,(anonymous_11)
FN:107,(anonymous_12)
FN:117,(anonymous_13)
FN:118,(anonymous_14)
FN:127,(anonymous_15)
FN:128,(anonymous_16)
FN:140,(anonymous_17)
FN:143,(anonymous_18)
FN:151,(anonymous_19)
FN:152,(anonymous_20)
FN:162,(anonymous_21)
FN:165,(anonymous_22)
FN:174,(anonymous_23)
FN:178,(anonymous_24)
FN:184,(anonymous_25)
FN:190,(anonymous_26)
FN:238,(anonymous_27)
FN:280,(anonymous_28)
FNF:28
FNH:2
FNDA:36,CreateCampaignForm
FNDA:0,(anonymous_2)
FNDA:0,(anonymous_3)
FNDA:0,(anonymous_4)
FNDA:0,(anonymous_5)
FNDA:0,(anonymous_6)
FNDA:0,(anonymous_7)
FNDA:0,(anonymous_8)
FNDA:0,(anonymous_9)
FNDA:0,(anonymous_10)
FNDA:0,(anonymous_11)
FNDA:0,(anonymous_12)
FNDA:0,(anonymous_13)
FNDA:0,(anonymous_14)
FNDA:0,(anonymous_15)
FNDA:0,(anonymous_16)
FNDA:0,(anonymous_17)
FNDA:0,(anonymous_18)
FNDA:0,(anonymous_19)
FNDA:0,(anonymous_20)
FNDA:0,(anonymous_21)
FNDA:0,(anonymous_22)
FNDA:0,(anonymous_23)
FNDA:0,(anonymous_24)
FNDA:0,(anonymous_25)
FNDA:0,(anonymous_26)
FNDA:0,(anonymous_27)
FNDA:72,(anonymous_28)
DA:3,1
DA:4,1
DA:5,1
DA:6,1
DA:7,1
DA:8,1
DA:9,1
DA:30,1
DA:36,36
DA:37,36
DA:39,36
DA:40,36
DA:41,36
DA:42,36
DA:44,36
DA:57,36
DA:58,0
DA:60,0
DA:61,0
DA:62,0
DA:65,0
DA:69,36
DA:70,0
DA:72,0
DA:73,0
DA:74,0
DA:75,0
DA:76,0
DA:77,0
DA:78,0
DA:85,36
DA:86,0
DA:87,0
DA:90,36
DA:91,0
DA:94,0
DA:99,36
DA:100,0
DA:101,0
DA:102,0
DA:105,0
DA:106,0
DA:107,0
DA:110,0
DA:113,0
DA:114,0
DA:118,0
DA:122,0
DA:123,0
DA:128,0
DA:133,0
DA:134,0
DA:135,0
DA:139,0
DA:140,0
DA:141,0
DA:143,0
DA:147,0
DA:151,0
DA:152,0
DA:156,0
DA:158,0
DA:162,36
DA:163,0
DA:164,0
DA:165,0
DA:167,0
DA:168,0
DA:170,0
DA:174,36
DA:175,0
DA:178,36
DA:179,0
DA:180,0
DA:184,36
DA:185,0
DA:186,0
DA:190,36
DA:191,0
DA:192,0
DA:193,0
DA:195,0
DA:196,0
DA:197,0
DA:200,0
DA:201,0
DA:204,0
DA:205,0
DA:209,0
DA:210,0
DA:212,0
DA:213,0
DA:214,0
DA:217,0
DA:218,0
DA:219,0
DA:223,0
DA:224,0
DA:225,0
DA:226,0
DA:227,0
DA:231,0
DA:239,0
DA:240,0
DA:241,0
DA:243,0
DA:256,0
DA:262,0
DA:263,0
DA:267,0
DA:269,0
DA:270,0
DA:272,0
DA:273,0
DA:275,0
DA:280,36
DA:281,72
DA:282,72
DA:284,72
DA:285,72
DA:286,72
DA:287,72
DA:288,72
DA:289,72
DA:290,72
DA:291,72
DA:293,72
DA:296,36
LF:128
LH:38
BRDA:58,0,0,0
BRDA:58,1,0,0
BRDA:58,1,1,0
BRDA:70,2,0,0
BRDA:73,3,0,0
BRDA:93,4,0,0
BRDA:93,4,1,0
BRDA:100,5,0,0
BRDA:113,6,0,0
BRDA:113,6,1,0
BRDA:133,7,0,0
BRDA:134,8,0,0
BRDA:134,8,1,0
BRDA:139,9,0,0
BRDA:139,9,1,0
BRDA:167,10,0,0
BRDA:167,10,1,0
BRDA:179,11,0,0
BRDA:185,12,0,0
BRDA:196,13,0,0
BRDA:200,14,0,0
BRDA:204,15,0,0
BRDA:204,16,0,0
BRDA:204,16,1,0
BRDA:212,17,0,0
BRDA:214,18,0,0
BRDA:214,19,0,0
BRDA:214,19,1,0
BRDA:217,20,0,0
BRDA:219,21,0,0
BRDA:219,22,0,0
BRDA:219,22,1,0
BRDA:224,23,0,0
BRDA:224,24,0,0
BRDA:224,24,1,0
BRDA:226,25,0,0
BRDA:226,26,0,0
BRDA:226,26,1,0
BRDA:234,27,0,0
BRDA:234,27,1,0
BRDA:235,28,0,0
BRDA:235,28,1,0
BRDA:236,29,0,0
BRDA:236,29,1,0
BRDA:238,30,0,0
BRDA:238,30,1,0
BRDA:240,31,0,0
BRDA:240,32,0,0
BRDA:240,32,1,0
BRDA:245,33,0,0
BRDA:245,33,1,0
BRDA:246,34,0,0
BRDA:246,34,1,0
BRDA:247,35,0,0
BRDA:247,35,1,0
BRDA:262,36,0,0
BRDA:270,37,0,0
BRDA:270,37,1,0
BRDA:272,38,0,0
BRDA:272,38,1,0
BRDA:284,39,0,0
BRDA:285,40,0,0
BRDA:286,41,0,0
BRDA:287,42,0,0
BRDA:287,43,0,72
BRDA:287,43,1,72
BRDA:288,44,0,0
BRDA:289,45,0,0
BRDA:290,46,0,0
BRDA:291,47,0,0
BRDA:312,48,0,36
BRDA:312,48,1,36
BRF:72
BRH:4
end_of_record
TN:
SF:src/components/create/CreateFormSteps.tsx
FN:45,Step1
FN:103,(anonymous_11)
FN:109,(anonymous_12)
FN:148,Step2
FN:261,Step3
FN:347,Step4
FN:377,(anonymous_16)
FN:380,(anonymous_17)
FN:416,(anonymous_18)
FNF:9
FNH:2
FNDA:36,Step1
FNDA:144,(anonymous_11)
FNDA:0,(anonymous_12)
FNDA:0,Step2
FNDA:0,Step3
FNDA:0,Step4
FNDA:0,(anonymous_16)
FNDA:0,(anonymous_17)
FNDA:0,(anonymous_18)
DA:3,1
DA:4,1
DA:5,1
DA:6,1
DA:7,1
DA:21,1
DA:22,1
DA:45,1
DA:46,36
DA:104,144
DA:105,144
DA:109,0
DA:148,1
DA:149,0
DA:261,1
DA:262,0
DA:347,1
DA:359,0
DA:361,0
DA:377,0
DA:380,0
DA:417,0
DA:418,0
LF:23
LH:14
BRDA:110,0,0,144
BRDA:110,0,1,144
BRDA:112,1,0,0
BRDA:112,1,1,144
BRDA:115,2,0,0
BRDA:115,2,1,144
BRDA:115,3,0,144
BRDA:115,3,1,144
BRDA:125,4,0,36
BRDA:125,4,1,0
BRDA:227,5,0,0
BRDA:227,5,1,0
BRDA:299,6,0,0
BRDA:299,6,1,0
BRDA:302,7,0,0
BRDA:302,7,1,0
BRDA:309,8,0,0
BRDA:309,8,1,0
BRDA:315,9,0,0
BRDA:315,9,1,0
BRDA:382,10,0,0
BRDA:382,10,1,0
BRDA:400,11,0,0
BRDA:400,11,1,0
BRDA:418,12,0,0
BRDA:424,13,0,0
BRDA:424,13,1,0
BRDA:445,14,0,0
BRDA:445,14,1,0
BRDA:448,15,0,0
BRDA:448,15,1,0
BRF:31
BRH:7
end_of_record
TN:
SF:src/components/create/CreateProgressSidebar.tsx
FN:13,CreateProgressSidebar
FN:45,(anonymous_2)
FN:51,(anonymous_3)
FN:99,(anonymous_4)
FNF:4
FNH:4
FNDA:36,CreateProgressSidebar
FNDA:144,(anonymous_2)
FNDA:144,(anonymous_3)
FNDA:144,(anonymous_4)
DA:3,1
DA:4,1
DA:13,1
DA:18,36
DA:45,36
DA:46,144
DA:47,144
DA:48,108
DA:51,36
DA:52,144
DA:53,36
DA:54,36
DA:55,36
DA:56,36
DA:57,36
DA:58,36
DA:60,108
DA:61,36
DA:62,36
DA:63,36
DA:64,36
DA:65,36
DA:66,36
DA:68,72
DA:69,36
DA:71,36
DA:72,36
DA:73,36
DA:74,36
DA:75,36
DA:76,36
DA:78,0
DA:81,36
DA:100,144
DA:101,144
DA:102,144
DA:104,144
LF:37
LH:36
BRDA:46,0,0,0
BRDA:47,1,0,36
BRDA:52,2,0,36
BRDA:55,3,0,0
BRDA:56,4,0,0
BRDA:57,5,0,0
BRDA:60,6,0,36
BRDA:63,7,0,0
BRDA:63,8,0,36
BRDA:63,8,1,36
BRDA:64,9,0,0
BRDA:68,10,0,36
BRDA:69,11,0,0
BRDA:69,11,1,36
BRDA:71,12,0,36
BRDA:74,13,0,0
BRDA:75,14,0,0
BRDA:76,15,0,0
BRDA:76,15,1,36
BRDA:107,16,0,144
BRDA:107,16,1,108
BRDA:116,17,0,0
BRDA:116,17,1,144
BRDA:118,18,0,36
BRDA:118,18,1,108
BRDA:123,19,0,0
BRDA:123,19,1,144
BRDA:130,20,0,144
BRDA:130,20,1,36
BRDA:139,21,0,36
BRDA:139,21,1,108
BRDA:139,22,0,0
BRDA:139,22,1,108
BRDA:148,23,0,144
BRDA:148,23,1,108
BRDA:148,23,2,36
BRDA:153,24,0,0
BRDA:153,24,1,36
BRDA:155,25,0,0
BRDA:155,25,1,36
BRF:40
BRH:25
end_of_record
TN:
SF:src/components/create/InlineAuthStep.tsx
FN:54,(anonymous_10)
FN:68,InlineAuthStep
FN:94,(anonymous_12)
FN:120,(anonymous_13)
FN:204,(anonymous_14)
FN:227,(anonymous_15)
FN:248,(anonymous_16)
FN:310,(anonymous_17)
FN:331,(anonymous_18)
FN:355,(anonymous_19)
FN:380,(anonymous_20)
FNF:11
FNH:0
FNDA:0,(anonymous_10)
FNDA:0,InlineAuthStep
FNDA:0,(anonymous_12)
FNDA:0,(anonymous_13)
FNDA:0,(anonymous_14)
FNDA:0,(anonymous_15)
FNDA:0,(anonymous_16)
FNDA:0,(anonymous_17)
FNDA:0,(anonymous_18)
FNDA:0,(anonymous_19)
FNDA:0,(anonymous_20)
DA:3,1
DA:4,1
DA:5,1
DA:6,1
DA:7,1
DA:8,1
DA:18,1
DA:20,1
DA:21,1
DA:30,1
DA:31,1
DA:32,1
DA:33,1
DA:36,1
DA:42,1
DA:54,0
DA:68,1
DA:69,0
DA:70,0
DA:71,0
DA:74,0
DA:83,0
DA:94,0
DA:95,0
DA:96,0
DA:97,0
DA:102,0
DA:104,0
DA:105,0
DA:108,0
DA:111,0
DA:115,0
DA:120,0
DA:121,0
DA:122,0
DA:124,0
DA:130,0
DA:131,0
DA:134,0
DA:135,0
DA:139,0
DA:149,0
DA:151,0
DA:153,0
DA:162,0
DA:164,0
DA:167,0
DA:170,0
DA:174,0
DA:178,0
DA:204,0
DA:228,0
DA:249,0
DA:311,0
DA:332,0
DA:356,0
DA:381,0
LF:57
LH:16
BRDA:102,0,0,0
BRDA:104,1,0,0
BRDA:112,2,0,0
BRDA:112,2,1,0
BRDA:130,3,0,0
BRDA:149,4,0,0
BRDA:151,5,0,0
BRDA:162,6,0,0
BRDA:171,7,0,0
BRDA:171,7,1,0
BRDA:281,8,0,0
BRDA:281,8,1,0
BRDA:413,9,0,0
BRDA:413,9,1,0
BRF:14
BRH:0
end_of_record
TN:
SF:src/components/dashboard/ActivityFeed.tsx
FN:11,ActivityFeed
FN:18,(anonymous_1)
FNF:2
FNH:0
FNDA:0,ActivityFeed
FNDA:0,(anonymous_1)
DA:12,0
DA:19,0
DA:20,0
LF:3
LH:0
BRF:0
BRH:0
end_of_record
TN:
SF:src/components/dashboard/AnalyticsDashboard.tsx
FN:1,AnalyticsDashboard
FNF:1
FNH:0
FNDA:0,AnalyticsDashboard
DA:2,0
LF:1
LH:0
BRF:0
BRH:0
end_of_record
TN:
SF:src/components/dashboard/AssetCard.tsx
FN:17,AssetCard
FN:20,(anonymous_1)
FN:66,(anonymous_2)
FNF:3
FNH:0
FNDA:0,AssetCard
FNDA:0,(anonymous_1)
FNDA:0,(anonymous_2)
DA:18,0
DA:20,0
DA:21,0
DA:24,0
DA:66,0
LF:5
LH:0
BRDA:38,0,0,0
BRDA:38,0,1,0
BRF:2
BRH:0
end_of_record
TN:
SF:src/components/dashboard/BaseDashboardCard.tsx
FN:25,BaseDashboardCard
FN:68,DashboardCardHeader
FN:115,DashboardCardContent
FN:136,MetricDisplay
FNF:4
FNH:0
FNDA:0,BaseDashboardCard
FNDA:0,DashboardCardHeader
[...]
DA:101,0
DA:106,0
DA:107,0
DA:108,0
DA:109,0
DA:114,0
DA:115,0
DA:119,0
DA:124,0
DA:139,0
DA:140,0
DA:148,0
DA:153,0
DA:161,0
LF:27
LH:0
BRDA:86,0,0,0
BRDA:91,1,0,0
BRDA:97,2,0,0
BRDA:100,3,0,0
BRDA:108,4,0,0
BRDA:114,5,0,0
BRDA:137,6,0,0
BRDA:153,7,0,0
BRDA:153,7,1,0
BRF:9
BRH:0
end_of_record
TN:
SF:src/utils/formValidation.ts
FN:22,validateField
FN:87,isValidUsername
FN:93,(anonymous_2)
FN:106,isValidDisplayName
FN:118,isValidEmail
FN:123,(anonymous_5)
FN:137,isValidBitcoinAddress
FN:143,(anonymous_7)
FN:153,isValidBio
FN:157,(anonymous_9)
FN:168,isValidUrl
FN:194,validateFields
FN:214,createValidationMiddleware
FN:217,(anonymous_13)
FNF:14
FNH:0
FNDA:0,validateField
FNDA:0,isValidUsername
FNDA:0,(anonymous_2)
FNDA:0,isValidDisplayName
FNDA:0,isValidEmail
FNDA:0,(anonymous_5)
FNDA:0,isValidBitcoinAddress
FNDA:0,(anonymous_7)
FNDA:0,isValidBio
FNDA:0,(anonymous_9)
FNDA:0,isValidUrl
FNDA:0,validateFields
FNDA:0,createValidationMiddleware
FNDA:0,(anonymous_13)
DA:33,0
DA:36,0
DA:37,0
DA:44,0
DA:45,0
DA:48,0
DA:51,0
DA:52,0
DA:58,0
DA:59,0
DA:66,0
DA:67,0
DA:74,0
DA:75,0
DA:81,0
DA:88,0
DA:95,0
DA:97,0
DA:98,0
DA:107,0
DA:119,0
DA:120,0
DA:125,0
DA:126,0
DA:127,0
DA:128,0
DA:129,0
DA:138,0
DA:145,0
DA:154,0
DA:159,0
DA:160,0
DA:169,0
DA:170,0
DA:173,0
DA:174,0
DA:176,0
DA:177,0
DA:182,0
DA:184,0
DA:197,0
DA:198,0
DA:200,0
DA:201,0
DA:202,0
DA:203,0
DA:204,0
DA:208,0
DA:217,0
DA:218,0
DA:219,0
DA:221,0
DA:222,0
DA:223,0
DA:224,0
DA:225,0
DA:229,0
DA:236,0
DA:244,0
LF:59
LH:0
BRDA:25,0,0,0
BRDA:28,1,0,0
BRDA:36,2,0,0
BRDA:36,3,0,0
BRDA:36,3,1,0
BRDA:36,3,2,0
BRDA:44,4,0,0
BRDA:44,5,0,0
BRDA:44,5,1,0
BRDA:51,6,0,0
BRDA:51,7,0,0
BRDA:51,7,1,0
BRDA:58,8,0,0
BRDA:58,9,0,0
BRDA:58,9,1,0
BRDA:66,10,0,0
BRDA:66,11,0,0
BRDA:66,11,1,0
BRDA:74,12,0,0
BRDA:74,13,0,0
BRDA:74,13,1,0
BRDA:95,14,0,0
BRDA:97,15,0,0
BRDA:125,16,0,0
BRDA:127,17,0,0
BRDA:128,18,0,0
BRDA:159,19,0,0
BRDA:169,20,0,0
BRDA:169,21,0,0
BRDA:169,21,1,0
BRDA:176,22,0,0
BRDA:202,23,0,0
BRDA:202,24,0,0
BRDA:202,24,1,0
BRDA:223,25,0,0
BRDA:223,26,0,0
BRDA:223,26,1,0
BRF:37
BRH:0
end_of_record
TN:
SF:src/utils/logger.ts
FN:37,(anonymous_0)
FN:42,(anonymous_1)
FN:59,(anonymous_2)
FN:63,(anonymous_3)
FN:73,(anonymous_4)
FN:102,(anonymous_5)
FN:107,(anonymous_6)
FN:112,(anonymous_7)
FN:117,(anonymous_8)
FN:123,(anonymous_9)
FN:127,(anonymous_10)
FN:131,(anonymous_11)
FN:135,(anonymous_12)
FN:139,(anonymous_13)
FN:158,safeLog
FN:165,logError
FN:180,logTiming
FN:194,logAuth
FN:201,logSupabase
FN:208,logProfile
FN:215,logPerformance
FNF:21
FNH:11
FNDA:320,(anonymous_0)
FNDA:160,(anonymous_1)
FNDA:160,(anonymous_2)
FNDA:160,(anonymous_3)
FNDA:160,(anonymous_4)
FNDA:0,(anonymous_5)
FNDA:24,(anonymous_6)
FNDA:34,(anonymous_7)
FNDA:102,(anonymous_8)
FNDA:0,(anonymous_9)
FNDA:8,(anonymous_10)
FNDA:0,(anonymous_11)
FNDA:0,(anonymous_12)
FNDA:0,(anonymous_13)
FNDA:0,safeLog
FNDA:0,logError
FNDA:0,logTiming
FNDA:8,logAuth
FNDA:0,logSupabase
FNDA:16,logProfile
FNDA:0,logPerformance
DA:29,22
DA:38,320
DA:43,160
DA:47,22
DA:60,160
DA:64,160
DA:74,160
DA:77,160
DA:80,0
DA:81,0
DA:83,0
DA:87,160
DA:88,160
DA:90,160
DA:92,0
DA:94,24
DA:96,34
DA:98,102
DA:103,0
DA:104,0
DA:108,24
DA:109,24
DA:113,34
DA:114,34
DA:118,102
DA:119,102
DA:124,0
DA:128,8
DA:132,0
DA:136,0
DA:140,0
DA:148,22
DA:158,22
DA:159,0
DA:165,22
DA:166,0
DA:180,22
DA:181,0
DA:182,0
DA:183,0
DA:194,22
DA:195,8
DA:201,22
DA:202,0
DA:208,22
DA:209,16
DA:215,22
DA:216,0
LF:48
LH:31
BRDA:38,0,0,320
BRDA:38,0,1,0
BRDA:43,1,0,0
BRDA:43,1,1,160
BRDA:77,2,0,0
BRDA:80,3,0,0
BRDA:88,4,0,118
BRDA:88,4,1,42
BRDA:90,5,0,0
BRDA:90,5,1,24
BRDA:90,5,2,34
BRDA:90,5,3,102
BRDA:103,6,0,0
BRDA:108,7,0,0
BRDA:113,8,0,0
BRDA:118,9,0,0
BRDA:158,10,0,0
BRDA:167,11,0,0
BRDA:167,11,1,0
BRF:19
BRH:7
end_of_record
TN:
SF:src/utils/migrateLegacyDrafts.ts
FN:21,migrateLegacyDrafts
FN:34,(anonymous_1)
FN:77,(anonymous_2)
FN:78,(anonymous_3)
FN:98,hasLegacyDrafts
FN:99,(anonymous_5)
FN:111,getLegacyDraftPreview
FN:124,(anonymous_7)
FN:151,recoverSpecificDraft
FN:181,recreateMaoDraft
FNF:10
FNH:0
FNDA:0,migrateLegacyDrafts
FNDA:0,(anonymous_1)
FNDA:0,(anonymous_2)
FNDA:0,(anonymous_3)
FNDA:0,hasLegacyDrafts
FNDA:0,(anonymous_5)
FNDA:0,getLegacyDraftPreview
FNDA:0,(anonymous_7)
FNDA:0,recoverSpecificDraft
FNDA:0,recreateMaoDraft
DA:26,0
DA:32,0
DA:34,0
DA:35,0
DA:40,0
DA:41,0
DA:42,0
DA:43,0
DA:45,0
DA:46,0
DA:48,0
DA:50,0
DA:54,0
DA:55,0
DA:57,0
DA:58,0
DA:61,0
DA:66,0
DA:71,0
DA:77,0
DA:78,0
DA:79,0
DA:80,0
DA:87,0
DA:90,0
DA:91,0
DA:99,0
DA:100,0
DA:105,0
DA:122,0
DA:124,0
DA:125,0
DA:126,0
DA:127,0
DA:128,0
DA:130,0
DA:131,0
DA:132,0
DA:134,0
DA:145,0
DA:155,0
DA:156,0
DA:157,0
DA:158,0
DA:161,0
DA:163,0
DA:164,0
DA:167,0
DA:168,0
DA:170,0
DA:171,0
DA:174,0
DA:182,0
DA:184,0
DA:195,0
DA:198,0
LF:56
LH:0
BRDA:35,0,0,0
BRDA:35,0,1,0
BRDA:43,1,0,0
BRDA:48,2,0,0
BRDA:79,3,0,0
BRDA:100,4,0,0
BRDA:100,4,1,0
BRDA:100,4,2,0
BRDA:125,5,0,0
BRDA:125,6,0,0
BRDA:125,6,1,0
BRDA:128,7,0,0
BRDA:131,8,0,0
BRDA:131,8,1,0
BRDA:132,9,0,0
BRDA:132,9,1,0
BRDA:157,10,0,0
BRDA:163,11,0,0
BRDA:170,12,0,0
BRF:19
BRH:0
end_of_record
TN:
SF:src/utils/monitoring.ts
FN:4,(anonymous_0)
FN:12,(anonymous_1)
FN:24,(anonymous_2)
FN:32,(anonymous_3)
FNF:4
FNH:0
FNDA:0,(anonymous_0)
FNDA:0,(anonymous_1)
FNDA:0,(anonymous_2)
FNDA:0,(anonymous_3)
DA:4,0
DA:5,0
DA:7,0
DA:12,0
DA:13,0
DA:15,0
DA:24,0
DA:25,0
DA:27,0
DA:32,0
DA:33,0
DA:35,0
LF:12
LH:0
BRDA:5,0,0,0
BRDA:13,1,0,0
BRDA:25,2,0,0
BRDA:33,3,0,0
BRF:4
BRH:0
end_of_record
TN:
SF:src/utils/performance.tsx
FN:23,createLazyComponent
FN:29,LazyWrapper
FN:41,preloadComponent
FN:45,(anonymous_3)
FN:47,(anonymous_4)
FN:69,(anonymous_5)
FN:75,(anonymous_6)
FN:91,(anonymous_7)
FN:107,(anonymous_8)
FN:111,(anonymous_9)
FN:119,(anonymous_10)
FN:129,(anonymous_11)
FN:134,(anonymous_12)
FN:147,(anonymous_13)
FN:167,(anonymous_14)
FN:169,(anonymous_15)
FN:170,(anonymous_16)
FN:186,(anonymous_17)
FN:189,(anonymous_18)
FN:196,(anonymous_19)
FN:205,(anonymous_20)
FN:215,(anonymous_21)
FN:218,(anonymous_22)
FN:231,(anonymous_23)
FN:238,(anonymous_24)
FN:245,(anonymous_25)
FN:249,(anonymous_26)
FN:254,(anonymous_27)
FN:261,(anonymous_28)
FN:276,debounce
FN:283,(anonymous_30)
FN:284,(anonymous_31)
FN:301,throttle
FN:307,(anonymous_33)
FN:321,importWithFallback
FN:335,(anonymous_35)
FN:344,prefetchOnInteraction
FN:347,(anonymous_37)
FN:348,(anonymous_38)
FN:358,(anonymous_39)
FN:360,(anonymous_40)
FN:365,(anonymous_41)
FN:375,(anonymous_42)
FN:378,(anonymous_43)
FN:382,(anonymous_44)
FN:386,(anonymous_45)
FN:390,(anonymous_46)
FN:408,useDebounce
FN:411,(anonymous_48)
FN:412,(anonymous_49)
FN:416,(anonymous_50)
FN:427,useThrottle
FN:434,(anonymous_52)
FN:448,usePerformanceCache
FN:455,(anonymous_54)
FN:470,isSlowConnection
FN:482,isLowEndDevice
FN:492,getOptimalImageQuality
FN:507,(anonymous_59)
FN:510,(anonymous_60)
FNF:60
FNH:0
FNDA:0,createLazyComponent
FNDA:0,LazyWrapper
FNDA:0,preloadComponent
FNDA:0,(anonymous_3)
FNDA:0,(anonymous_4)
FNDA:0,(anonymous_5)
FNDA:0,(anonymous_6)
FNDA:0,(anonymous_7)
FNDA:0,(anonymous_8)
FNDA:0,(anonymous_9)
FNDA:0,(anonymous_10)
FNDA:0,(anonymous_11)
FNDA:0,(anonymous_12)
FNDA:0,(anonymous_13)
FNDA:0,(anonymous_14)
FNDA:0,(anonymous_15)
FNDA:0,(anonymous_16)
FNDA:0,(anonymous_17)
FNDA:0,(anonymous_18)
FNDA:0,(anonymous_19)
FNDA:0,(anonymous_20)
FNDA:0,(anonymous_21)
FNDA:0,(anonymous_22)
FNDA:0,(anonymous_23)
FNDA:0,(anonymous_24)
FNDA:0,(anonymous_25)
FNDA:0,(anonymous_26)
FNDA:0,(anonymous_27)
FNDA:0,(anonymous_28)
FNDA:0,debounce
FNDA:0,(anonymous_30)
FNDA:0,(anonymous_31)
FNDA:0,throttle
FNDA:0,(anonymous_33)
FNDA:0,importWithFallback
FNDA:0,(anonymous_35)
FNDA:0,prefetchOnInteraction
FNDA:0,(anonymous_37)
FNDA:0,(anonymous_38)
FNDA:0,(anonymous_39)
FNDA:0,(anonymous_40)
FNDA:0,(anonymous_41)
FNDA:0,(anonymous_42)
FNDA:0,(anonymous_43)
FNDA:0,(anonymous_44)
FNDA:0,(anonymous_45)
FNDA:0,(anonymous_46)
FNDA:0,useDebounce
FNDA:0,(anonymous_48)
FNDA:0,(anonymous_49)
FNDA:0,(anonymous_50)
FNDA:0,useThrottle
FNDA:0,(anonymous_52)
FNDA:0,usePerformanceCache
FNDA:0,(anonymous_54)
FNDA:0,isSlowConnection
FNDA:0,isLowEndDevice
FNDA:0,getOptimalImageQuality
FNDA:0,(anonymous_59)
FNDA:0,(anonymous_60)
DA:27,0
DA:29,0
DA:30,0
DA:43,0
DA:44,0
DA:45,0
DA:47,0
DA:64,0
DA:70,0
DA:71,0
DA:72,0
DA:77,0
DA:80,0
DA:81,0
DA:84,0
DA:92,0
DA:94,0
DA:97,0
DA:98,0
DA:99,0
DA:103,0
DA:104,0
DA:108,0
DA:112,0
DA:113,0
DA:114,0
DA:116,0
DA:120,0
DA:121,0
DA:122,0
DA:123,0
DA:126,0
DA:130,0
DA:131,0
DA:135,0
DA:136,0
DA:137,0
DA:138,0
DA:139,0
DA:140,0
DA:142,0
DA:148,0
DA:149,0
DA:150,0
DA:152,0
DA:153,0
DA:154,0
DA:156,0
DA:157,0
DA:158,0
DA:162,0
DA:163,0
DA:168,0
DA:169,0
DA:170,0
DA:171,0
DA:173,0
DA:187,0
DA:191,0
DA:192,0
DA:196,0
DA:198,0
DA:201,0
DA:202,0
DA:206,0
DA:216,0
DA:219,0
DA:220,0
DA:222,0
DA:225,0
DA:226,0
DA:227,0
DA:232,0
DA:233,0
DA:234,0
DA:235,0
DA:239,0
DA:240,0
DA:241,0
DA:242,0
DA:246,0
DA:247,0
DA:249,0
DA:250,0
DA:254,0
DA:262,0
DA:263,0
DA:264,0
DA:265,0
DA:267,0
DA:281,0
DA:283,0
DA:284,0
DA:285,0
DA:286,0
DA:289,0
DA:291,0
DA:292,0
DA:294,0
DA:305,0
DA:307,0
DA:308,0
DA:309,0
DA:310,0
DA:311,0
DA:326,0
DA:327,0
DA:328,0
DA:330,0
DA:331,0
DA:332,0
DA:335,0
DA:338,0
DA:345,0
DA:347,0
DA:348,0
DA:349,0
DA:350,0
DA:351,0
DA:352,0
DA:357,0
DA:358,0
DA:359,0
DA:360,0
DA:361,0
DA:365,0
DA:366,0
DA:376,0
DA:379,0
DA:383,0
DA:387,0
DA:391,0
DA:398,0
DA:399,0
DA:400,0
DA:409,0
DA:411,0
DA:412,0
DA:413,0
DA:416,0
DA:417,0
DA:421,0
DA:431,0
DA:433,0
DA:435,0
DA:436,0
DA:437,0
DA:453,0
DA:455,0
DA:456,0
DA:458,0
DA:459,0
DA:460,0
DA:471,0
DA:473,0
DA:474,0
DA:476,0
DA:483,0
DA:485,0
DA:486,0
DA:493,0
DA:494,0
DA:495,0
DA:505,0
DA:507,0
DA:508,0
DA:510,0
DA:511,0
DA:512,0
LF:169
LH:0
BRDA:31,0,0,0
BRDA:31,0,1,0
BRDA:43,1,0,0
BRDA:44,2,0,0
BRDA:44,2,1,0
BRDA:69,3,0,0
BRDA:70,4,0,0
BRDA:70,4,1,0
BRDA:71,5,0,0
BRDA:71,5,1,0
BRDA:80,6,0,0
BRDA:94,7,0,0
BRDA:97,8,0,0
BRDA:113,9,0,0
BRDA:113,10,0,0
BRDA:113,10,1,0
BRDA:120,11,0,0
BRDA:138,12,0,0
BRDA:139,13,0,0
BRDA:154,14,0,0
BRDA:154,15,0,0
BRDA:154,15,1,0
BRDA:154,15,2,0
BRDA:162,16,0,0
BRDA:191,17,0,0
BRDA:219,18,0,0
BRDA:226,19,0,0
BRDA:246,20,0,0
BRDA:246,20,1,0
BRDA:247,21,0,0
BRDA:279,22,0,0
BRDA:286,23,0,0
BRDA:289,24,0,0
BRDA:289,24,1,0
BRDA:291,25,0,0
BRDA:294,26,0,0
BRDA:309,27,0,0
BRDA:324,28,0,0
BRDA:331,29,0,0
BRDA:345,30,0,0
BRDA:435,31,0,0
BRDA:451,32,0,0
BRDA:456,33,0,0
BRDA:471,34,0,0
BRDA:474,35,0,0
BRDA:476,36,0,0
BRDA:476,36,1,0
BRDA:483,37,0,0
BRDA:486,38,0,0
BRDA:486,38,1,0
BRDA:493,39,0,0
BRDA:493,40,0,0
BRDA:493,40,1,0
BRDA:494,41,0,0
BRDA:503,42,0,0
BRDA:508,43,0,0
BRF:56
BRH:0
end_of_record
TN:
SF:src/utils/security.ts
FN:20,(anonymous_0)
FN:30,(anonymous_1)
FN:45,(anonymous_2)
FN:58,(anonymous_3)
FN:68,(anonymous_4)
FN:78,(anonymous_5)
FN:88,(anonymous_6)
FN:207,(anonymous_7)
FN:215,(anonymous_8)
FN:239,(anonymous_9)
FN:250,(anonymous_10)
FN:261,(anonymous_11)
FN:265,(anonymous_12)
FN:271,(anonymous_13)
FN:288,(anonymous_14)
FN:305,(anonymous_15)
FN:315,(anonymous_16)
FN:322,(anonymous_17)
FN:337,(anonymous_18)
FN:341,(anonymous_19)
FN:351,(anonymous_20)
FN:415,(anonymous_21)
FN:443,(anonymous_22)
FN:465,(anonymous_23)
FN:487,(anonymous_24)
FN:516,(anonymous_25)
FN:543,(anonymous_26)
FN:550,(anonymous_27)
FN:551,(anonymous_28)
FN:566,withSecurity
FN:575,(anonymous_30)
FNF:31
FNH:0
FNDA:0,(anonymous_0)
FNDA:0,(anonymous_1)
FNDA:0,(anonymous_2)
FNDA:0,(anonymous_3)
FNDA:0,(anonymous_4)
FNDA:0,(anonymous_5)
FNDA:0,(anonymous_6)
FNDA:0,(anonymous_7)
FNDA:0,(anonymous_8)
FNDA:0,(anonymous_9)
FNDA:0,(anonymous_10)
FNDA:0,(anonymous_11)
FNDA:0,(anonymous_12)
FNDA:0,(anonymous_13)
FNDA:0,(anonymous_14)
FNDA:0,(anonymous_15)
FNDA:0,(anonymous_16)
FNDA:0,(anonymous_17)
FNDA:0,(anonymous_18)
FNDA:0,(anonymous_19)
FNDA:0,(anonymous_20)
FNDA:0,(anonymous_21)
FNDA:0,(anonymous_22)
FNDA:0,(anonymous_23)
FNDA:0,(anonymous_24)
FNDA:0,(anonymous_25)
FNDA:0,(anonymous_26)
FNDA:0,(anonymous_27)
FNDA:0,(anonymous_28)
FNDA:0,withSecurity
FNDA:0,(anonymous_30)
DA:21,0
DA:22,0
DA:24,0
DA:31,0
DA:33,0
DA:46,0
DA:48,0
DA:59,0
DA:61,0
DA:62,0
DA:69,0
DA:71,0
DA:72,0
DA:79,0
DA:81,0
DA:82,0
DA:89,0
DA:91,0
DA:92,0
DA:93,0
DA:94,0
DA:96,0
DA:98,0
DA:108,0
DA:203,0
DA:208,0
DA:209,0
DA:216,0
DA:217,0
DA:219,0
DA:221,0
DA:225,0
DA:228,0
DA:229,0
DA:232,0
DA:233,0
DA:240,0
DA:241,0
DA:242,0
DA:244,0
DA:251,0
DA:252,0
DA:253,0
DA:255,0
DA:262,0
DA:263,0
DA:265,0
DA:266,0
DA:267,0
DA:271,0
DA:281,0
DA:282,0
DA:283,0
DA:289,0
DA:290,0
DA:292,0
DA:293,0
DA:295,0
DA:296,0
DA:299,0
DA:306,0
DA:307,0
DA:308,0
DA:309,0
DA:316,0
DA:323,0
DA:324,0
DA:326,0
DA:327,0
DA:328,0
DA:331,0
DA:338,0
DA:339,0
DA:340,0
DA:341,0
DA:345,0
DA:352,0
DA:353,0
DA:355,0
DA:356,0
DA:358,0
DA:359,0
DA:361,0
DA:362,0
DA:364,0
DA:365,0
DA:367,0
DA:368,0
DA:370,0
DA:371,0
DA:374,0
DA:380,0
DA:381,0
DA:382,0
DA:383,0
DA:384,0
DA:388,0
DA:402,0
DA:416,0
DA:418,0
DA:421,0
DA:422,0
DA:423,0
DA:428,0
DA:429,0
DA:430,0
DA:433,0
DA:434,0
DA:437,0
DA:444,0
DA:445,0
DA:448,0
DA:466,0
DA:481,0
DA:488,0
DA:506,0
DA:517,0
DA:528,0
DA:531,0
DA:532,0
DA:536,0
DA:544,0
DA:551,0
DA:557,0
DA:558,0
DA:559,0
DA:575,0
DA:576,0
DA:578,0
DA:579,0
DA:580,0
DA:584,0
DA:589,0
DA:592,0
DA:593,0
DA:597,0
DA:601,0
DA:602,0
DA:610,0
DA:613,0
DA:614,0
DA:616,0
DA:622,0
LF:143
LH:0
BRDA:21,0,0,0
BRDA:31,1,0,0
BRDA:31,2,0,0
BRDA:31,2,1,0
BRDA:45,3,0,0
BRDA:46,4,0,0
BRDA:46,5,0,0
BRDA:46,5,1,0
BRDA:59,6,0,0
BRDA:59,7,0,0
BRDA:59,7,1,0
BRDA:69,8,0,0
BRDA:69,9,0,0
BRDA:69,9,1,0
BRDA:79,10,0,0
BRDA:79,11,0,0
BRDA:79,11,1,0
BRDA:89,12,0,0
BRDA:89,13,0,0
BRDA:89,13,1,0
BRDA:93,14,0,0
BRDA:207,15,0,0
BRDA:207,16,0,0
BRDA:219,17,0,0
BRDA:219,18,0,0
BRDA:219,18,1,0
BRDA:228,19,0,0
BRDA:241,20,0,0
BRDA:241,21,0,0
BRDA:241,21,1,0
BRDA:252,22,0,0
BRDA:252,23,0,0
BRDA:252,23,1,0
BRDA:266,24,0,0
BRDA:290,25,0,0
BRDA:293,26,0,0
BRDA:306,27,0,0
BRDA:306,27,1,0
BRDA:324,28,0,0
BRDA:327,29,0,0
BRDA:338,30,0,0
BRDA:338,31,0,0
BRDA:338,31,1,0
BRDA:355,32,0,0
BRDA:355,32,1,0
BRDA:358,33,0,0
BRDA:358,33,1,0
BRDA:361,34,0,0
BRDA:361,34,1,0
BRDA:364,35,0,0
BRDA:364,35,1,0
BRDA:367,36,0,0
BRDA:367,36,1,0
BRDA:370,37,0,0
BRDA:370,37,1,0
BRDA:381,38,0,0
BRDA:416,39,0,0
BRDA:418,40,0,0
BRDA:418,40,1,0
BRDA:418,41,0,0
BRDA:418,41,1,0
BRDA:422,42,0,0
BRDA:433,43,0,0
BRDA:444,44,0,0
BRDA:444,44,1,0
BRDA:523,45,0,0
BRDA:523,45,1,0
BRDA:531,46,0,0
BRDA:536,47,0,0
BRDA:543,48,0,0
BRDA:569,49,0,0
BRDA:578,50,0,0
BRDA:578,51,0,0
BRDA:578,51,1,0
BRDA:579,52,0,0
BRDA:592,53,0,0
BRDA:592,54,0,0
BRDA:592,54,1,0
BRDA:601,55,0,0
BRF:79
BRH:0
end_of_record
TN:
SF:src/utils/validation.ts
FN:9,(anonymous_0)
FN:92,(anonymous_1)
FN:101,(anonymous_2)
FN:118,(anonymous_3)
FN:126,(anonymous_4)
FN:200,(anonymous_5)
FN:281,(anonymous_6)
FN:293,(anonymous_7)
FN:298,(anonymous_8)
FN:305,normalizeUrl
FN:321,validateUrl
FN:359,isValidUrl
FNF:12
FNH:6
FNDA:27197,(anonymous_0)
FNDA:1135,(anonymous_1)
FNDA:6741,(anonymous_2)
FNDA:4452,(anonymous_3)
FNDA:1122,(anonymous_4)
FNDA:1017,(anonymous_5)
FNDA:0,(anonymous_6)
FNDA:0,(anonymous_7)
FNDA:0,(anonymous_8)
FNDA:0,normalizeUrl
FNDA:0,validateUrl
FNDA:0,isValidUrl
DA:1,3
DA:4,3
DA:5,3
DA:6,3
DA:9,3
DA:10,27197
DA:11,7
DA:15,27190
DA:16,8
DA:20,27182
DA:25,27182
DA:26,6
DA:32,27176
DA:35,13122
DA:36,14054
DA:38,4030
DA:40,10024
DA:43,17152
DA:44,3
DA:48,17149
DA:51,13121
DA:52,1
DA:54,13120
DA:55,0
DA:59,4028
DA:60,0
DA:65,17148
DA:69,13120
DA:70,6
DA:73,13114
DA:74,3
DA:76,4028
DA:78,2012
DA:79,5
DA:81,2016
DA:83,2016
DA:84,6
DA:88,17128
DA:92,3
DA:93,1135
DA:94,0
DA:98,1135
DA:99,1135
DA:100,1128
DA:101,6741
DA:102,8
DA:107,1127
DA:108,11
DA:112,1116
DA:113,0
DA:117,1116
DA:118,4452
DA:119,7
DA:122,1109
DA:126,3
DA:127,1122
DA:128,0
DA:132,1122
DA:133,3
DA:135,1119
DA:136,1
DA:141,1118
DA:142,0
DA:146,1118
DA:147,1118
DA:148,4
DA:152,1114
DA:153,1114
DA:154,5
DA:162,1109
DA:168,1109
DA:169,0
DA:174,1109
DA:179,1109
DA:180,1109
DA:181,8872
DA:185,1109
DA:186,99
DA:187,99
DA:188,3
DA:196,1106
DA:200,3
DA:201,1017
DA:202,1
DA:206,1016
DA:207,2
DA:211,1014
DA:222,1014
DA:223,8083
DA:224,5
DA:229,1009
DA:230,1009
DA:231,1009
DA:232,0
DA:236,1009
DA:237,1009
DA:238,0
DA:242,1009
DA:248,1009
DA:249,1009
DA:250,9069
DA:251,2
DA:256,1007
DA:257,1007
DA:258,0
DA:262,1007
DA:271,1007
DA:272,6042
DA:273,0
DA:277,1007
DA:281,3
DA:282,0
DA:284,0
DA:293,3
DA:294,0
DA:295,0
DA:298,3
DA:299,0
DA:300,0
DA:305,3
DA:306,0
DA:308,0
DA:311,0
DA:314,0
DA:315,0
DA:318,0
DA:321,3
DA:322,0
DA:323,0
DA:326,0
DA:328,0
DA:329,0
DA:332,0
DA:333,0
DA:341,0
DA:342,0
DA:349,0
DA:351,0
DA:359,3
DA:360,0
LF:140
LH:105
BRDA:10,0,0,7
BRDA:15,1,0,8
BRDA:15,2,0,27190
BRDA:15,2,1,27185
BRDA:25,3,0,6
BRDA:32,4,0,13122
BRDA:32,4,1,14054
BRDA:36,5,0,4030
BRDA:36,5,1,10024
BRDA:36,6,0,14054
BRDA:36,6,1,12037
BRDA:43,7,0,3
BRDA:48,8,0,13121
BRDA:48,8,1,4028
BRDA:51,9,0,1
BRDA:51,10,0,13121
BRDA:51,10,1,13116
BRDA:54,11,0,0
BRDA:54,12,0,13120
BRDA:54,12,1,13120
BRDA:59,13,0,0
BRDA:59,14,0,4028
BRDA:59,14,1,4028
BRDA:59,14,2,4028
BRDA:65,15,0,13120
BRDA:65,15,1,4028
BRDA:69,16,0,6
BRDA:69,17,0,13120
BRDA:69,17,1,13117
BRDA:73,18,0,3
BRDA:73,19,0,13114
BRDA:73,19,1,6
BRDA:76,20,0,2012
BRDA:76,20,1,2016
BRDA:78,21,0,5
BRDA:81,22,0,2016
BRDA:83,23,0,6
BRDA:93,24,0,0
BRDA:99,25,0,1128
BRDA:101,26,0,8
BRDA:107,27,0,11
BRDA:112,28,0,0
BRDA:112,29,0,1116
BRDA:112,29,1,1116
BRDA:118,30,0,7
BRDA:118,31,0,1116
BRDA:118,31,1,1116
BRDA:127,32,0,0
BRDA:132,33,0,3
BRDA:135,34,0,1
BRDA:141,35,0,0
BRDA:147,36,0,4
BRDA:153,37,0,5
BRDA:156,38,0,5
BRDA:156,38,1,0
BRDA:168,39,0,0
BRDA:185,40,0,99
BRDA:187,41,0,3
BRDA:201,42,0,1
BRDA:206,43,0,2
BRDA:223,44,0,5
BRDA:231,45,0,0
BRDA:231,46,0,1009
BRDA:231,46,1,0
BRDA:237,47,0,0
BRDA:250,48,0,2
BRDA:257,49,0,0
BRDA:272,50,0,0
BRDA:282,51,0,0
BRDA:306,52,0,0
BRDA:314,53,0,0
BRDA:314,54,0,0
BRDA:314,54,1,0
BRDA:322,55,0,0
BRDA:332,56,0,0
BRDA:341,57,0,0
BRDA:341,58,0,0
BRDA:341,58,1,0
BRF:78
BRH:55
end_of_record
TN:
SF:src/utils/verification.ts
FN:82,isProtectedUsername
FN:168,isLookalikeName
FN:192,generateNameVariations
FN:214,generateUsernameAlternatives
FN:232,canClaimVerificationBadge
FN:258,getVerificationBadgeType
FN:287,validateVerificationRequest
FN:325,validateBioForImpersonation
FN:372,getVerificationBadgeDisplay
FNF:9
FNH:5
FNDA:1213,isProtectedUsername
FNDA:118090,isLookalikeName
FNDA:118090,generateNameVariations
FNDA:8,generateUsernameAlternatives
FNDA:0,canClaimVerificationBadge
FNDA:0,getVerificationBadgeType
FNDA:0,validateVerificationRequest
FNDA:1007,validateBioForImpersonation
FNDA:0,getVerificationBadgeDisplay
DA:30,3
DA:42,3
DA:82,3
DA:83,1213
DA:86,1213
DA:87,6
DA:95,1207
DA:96,1207
DA:97,2
DA:105,1205
DA:107,118090
DA:108,0
DA:110,0
DA:111,0
DA:114,0
DA:115,0
DA:124,118090
DA:125,118090
DA:126,0
DA:135,118090
DA:140,118090
DA:141,236180
DA:142,0
DA:152,1205
DA:153,118090
DA:154,0
DA:162,1205
DA:170,118090
DA:173,118090
DA:184,118090
DA:186,118090
DA:193,118090
DA:196,118090
DA:197,820605
DA:198,820605
DA:200,820605
DA:201,362705
DA:202,935080
DA:203,935080
DA:208,118090
DA:215,8
DA:217,8
DA:232,3
DA:236,0
DA:238,0
DA:239,0
DA:245,0
DA:246,0
DA:252,0
DA:258,3
DA:262,0
DA:263,0
DA:266,0
DA:267,0
DA:270,0
DA:271,0
DA:274,0
DA:287,3
DA:290,0
DA:293,0
DA:294,0
DA:295,0
DA:302,0
DA:304,0
DA:311,0
DA:313,0
DA:319,0
DA:325,3
DA:326,1007
DA:328,1007
DA:331,1007
DA:337,1007
DA:338,9063
DA:339,0
DA:347,1007
DA:352,1007
DA:354,1007
DA:355,8056
DA:356,789488
DA:358,0
DA:366,1007
DA:372,3
DA:373,0
DA:400,0
LF:84
LH:50
BRDA:86,0,0,6
BRDA:96,1,0,2
BRDA:107,2,0,0
BRDA:110,3,0,0
BRDA:110,4,0,0
BRDA:110,4,1,0
BRDA:114,5,0,0
BRDA:114,6,0,0
BRDA:114,6,1,0
BRDA:125,7,0,0
BRDA:141,8,0,0
BRDA:153,9,0,0
BRDA:170,10,0,0
BRDA:200,11,0,362705
BRDA:238,12,0,0
BRDA:245,13,0,0
BRDA:260,14,0,0
BRDA:262,15,0,0
BRDA:262,16,0,0
BRDA:262,16,1,0
BRDA:266,17,0,0
BRDA:270,18,0,0
BRDA:294,19,0,0
BRDA:294,20,0,0
BRDA:294,20,1,0
BRDA:302,21,0,0
BRDA:302,22,0,0
BRDA:302,22,1,0
BRDA:311,23,0,0
BRDA:311,24,0,0
BRDA:311,24,1,0
BRDA:311,24,2,0
BRDA:326,25,0,0
BRDA:338,26,0,0
BRDA:356,27,0,0
BRDA:356,28,0,789488
BRDA:356,28,1,789488
BRDA:400,29,0,0
BRDA:400,29,1,0
BRF:39
BRH:5
end_of_record
